2015-05-10 14:20:10.5205 INFO Ќачало получени€ телеканалов с тв-программой
urid='http://www.teleguide.info/download/old/xmltv.xml.gz';
outputfile='TGXmlTvOld.xml'
2015-05-10 14:20:10.6191 TRACE ќпределен каталог дл€ сохранени€: 'H:\Projects\TVProgViewer\src\TVProgUpdater\TVProgUpdater\bin\Release\2015-05-10'
2015-05-10 14:20:10.6425 TRACE “ребуетс€ загрузка из интернета
2015-05-10 14:20:10.6425 INFO Ќачало запроса ресурса.
2015-05-10 14:20:11.9892 TRACE –есурс успешно получен в поток.
2015-05-10 14:20:12.0156 INFO Content-Encoding неопределен, пробуем распаковать по заголовку ContentType:
2015-05-10 14:20:12.0810 TRACE Content-Type = 'application/octet-stream'
2015-05-10 14:20:16.9570 TRACE GZip-архив octet-stream успешно распакован.
2015-05-10 14:20:16.9570 INFO ѕолучение каналов и тв-программы успешно завершено. «атрачено времени '6,359' секунд
2015-05-10 14:21:49.5195 INFO Ќачало получени€ телеканалов с тв-программой
urid='http://www.teleguide.info/download/new3/xmltv.xml.gz';
outputfile='TGXmlTvNew.xml'
2015-05-10 14:21:49.5800 TRACE ќпределен каталог дл€ сохранени€: 'H:\Projects\TVProgViewer\src\TVProgUpdater\TVProgUpdater\bin\Release\2015-05-10'
2015-05-10 14:21:49.5800 TRACE “ребуетс€ загрузка из интернета
2015-05-10 14:21:49.5937 INFO Ќачало запроса ресурса.
2015-05-10 14:21:49.8125 TRACE –есурс успешно получен в поток.
2015-05-10 14:21:49.8125 INFO Content-Encoding неопределен, пробуем распаковать по заголовку ContentType:
2015-05-10 14:21:49.8125 TRACE Content-Type = 'application/octet-stream'
2015-05-10 14:21:55.9951 TRACE GZip-архив octet-stream успешно распакован.
2015-05-10 14:21:56.0000 INFO ѕолучение каналов и тв-программы успешно завершено. «атрачено времени '6,42' секунд
2015-05-10 14:23:10.8906 INFO Ќачало получени€ телеканалов с тв-программой
urid='http://www.teleguide.info/download/old/inter-tv.zip';
outputfile='TGInterTVOld.txt'
2015-05-10 14:23:10.9199 TRACE ќпределен каталог дл€ сохранени€: 'H:\Projects\TVProgViewer\src\TVProgUpdater\TVProgUpdater\bin\Release\2015-05-10'
2015-05-10 14:23:10.9296 TRACE “ребуетс€ загрузка из интернета
2015-05-10 14:23:10.9375 INFO Ќачало запроса ресурса.
2015-05-10 14:23:11.1894 TRACE –есурс успешно получен в поток.
2015-05-10 14:23:11.1894 INFO Content-Encoding неопределен, пробуем распаковать по заголовку ContentType:
2015-05-10 14:23:11.1894 TRACE Content-Type = 'application/zip'
2015-05-10 14:23:19.0546 TRACE Zip-архив успешно распакован.
2015-05-10 14:23:19.0546 INFO ѕолучение каналов и тв-программы успешно завершено. «атрачено времени '8,14' секунд
2015-05-10 14:23:44.0947 INFO Ќачало получени€ телеканалов с тв-программой
urid='http://www.teleguide.info/download/new3/inter-tv.zip';
outputfile='TGInterTVNew.txt'
2015-05-10 14:23:44.1240 TRACE ќпределен каталог дл€ сохранени€: 'H:\Projects\TVProgViewer\src\TVProgUpdater\TVProgUpdater\bin\Release\2015-05-10'
2015-05-10 14:23:44.1250 TRACE “ребуетс€ загрузка из интернета
2015-05-10 14:23:44.1425 INFO Ќачало запроса ресурса.
2015-05-10 14:23:44.3095 TRACE –есурс успешно получен в поток.
2015-05-10 14:23:44.3154 INFO Content-Encoding неопределен, пробуем распаковать по заголовку ContentType:
2015-05-10 14:23:44.3154 TRACE Content-Type = 'application/zip'
2015-05-10 14:23:48.8652 TRACE Zip-архив успешно распакован.
2015-05-10 14:23:48.8652 INFO ѕолучение каналов и тв-программы успешно завершено. «атрачено времени '4,749' секунд
