2014-11-09 16:03:30.8734 INFO Начало конвертации Интер-ТВ в XMLTV
2014-11-09 16:03:30.8754 TRACE Открываем файл с телепрограммой в формате Интер-ТВ: 'H:\Projects\TVProgViewer\src\TVProgUpdater\TVProgUpdater\bin\Debug\2014-11-09\TGInterTVOld.txt'
2014-11-09 16:03:30.9183 TRACE Парсинг каналов
2014-11-09 16:03:31.3842 TRACE Парсинг тв-программ
2014-11-09 16:03:35.2826 ERROR При парсинге каналов и тв-программы произошло исключение: ErrMessage='Ссылка на объект не указывает на экземпляр объекта.',
StackTrace='   в TVProgUpdater.ConverterProg.InterToXml(String interFile) в h:\Projects\TVProgViewer\src\TVProgUpdater\TVProgUpdater\ConverterProg.cs:строка 511'
2014-11-09 16:04:12.3773 INFO Начало конвертации Интер-ТВ в XMLTV
2014-11-09 16:04:12.3773 TRACE Открываем файл с телепрограммой в формате Интер-ТВ: 'H:\Projects\TVProgViewer\src\TVProgUpdater\TVProgUpdater\bin\Debug\2014-11-09\TGInterTVNew.txt'
2014-11-09 16:04:12.4135 TRACE Парсинг каналов
2014-11-09 16:04:12.8715 TRACE Парсинг тв-программ
2014-11-09 16:04:15.2523 ERROR При парсинге каналов и тв-программы произошло исключение: ErrMessage='Входная строка имела неверный формат.',
StackTrace='   в System.Number.StringToNumber(String str, NumberStyles options, NumberBuffer& number, NumberFormatInfo info, Boolean parseDecimal)
   в System.Number.ParseInt32(String s, NumberStyles style, NumberFormatInfo info)
   в System.Int32.Parse(String s)
   в TVProgUpdater.ConverterProg.InterToXml(String interFile) в h:\Projects\TVProgViewer\src\TVProgUpdater\TVProgUpdater\ConverterProg.cs:строка 559'
2014-11-09 16:49:03.3744 INFO Начало конвертации Интер-ТВ в XMLTV
2014-11-09 16:49:06.1332 TRACE Открываем файл с телепрограммой в формате Интер-ТВ: 'H:\Projects\TVProgViewer\src\TVProgUpdater\TVProgUpdater\bin\Debug\2014-11-09\TGInterTVOld.txt'
2014-11-09 16:49:09.0121 TRACE Парсинг каналов
2014-11-09 16:49:51.8900 TRACE Парсинг тв-программ
2014-11-09 17:39:54.6840 INFO Начало конвертации Интер-ТВ в XMLTV
2014-11-09 17:40:01.2396 TRACE Открываем файл с телепрограммой в формате Интер-ТВ: 'H:\Projects\TVProgViewer\src\TVProgUpdater\TVProgUpdater\bin\Debug\2014-11-09\TGInterTVOld.txt'
2014-11-09 17:40:01.2396 TRACE Парсинг каналов
2014-11-09 17:40:02.0521 TRACE Парсинг тв-программ
2014-11-09 17:40:05.9935 ERROR При парсинге каналов и тв-программы произошло исключение: ErrMessage='Ссылка на объект не указывает на экземпляр объекта.',
StackTrace='   в TVProgUpdater.ConverterProg.InterToXml(String interFile) в h:\Projects\TVProgViewer\src\TVProgUpdater\TVProgUpdater\ConverterProg.cs:строка 515'
2014-11-09 17:40:14.5873 INFO Начало конвертации Интер-ТВ в XMLTV
2014-11-09 17:40:14.5873 TRACE Открываем файл с телепрограммой в формате Интер-ТВ: 'H:\Projects\TVProgViewer\src\TVProgUpdater\TVProgUpdater\bin\Debug\2014-11-09\TGInterTVNew.txt'
2014-11-09 17:40:14.6713 TRACE Парсинг каналов
2014-11-09 17:40:15.3978 TRACE Парсинг тв-программ
2014-11-09 17:40:17.7601 ERROR При парсинге каналов и тв-программы произошло исключение: ErrMessage='Входная строка имела неверный формат.',
StackTrace='   в System.Number.StringToNumber(String str, NumberStyles options, NumberBuffer& number, NumberFormatInfo info, Boolean parseDecimal)
   в System.Number.ParseInt32(String s, NumberStyles style, NumberFormatInfo info)
   в System.Int32.Parse(String s)
   в TVProgUpdater.ConverterProg.InterToXml(String interFile) в h:\Projects\TVProgViewer\src\TVProgUpdater\TVProgUpdater\ConverterProg.cs:строка 564'
2014-11-09 17:45:07.4867 INFO Начало конвертации Интер-ТВ в XMLTV
2014-11-09 17:45:07.4867 TRACE Открываем файл с телепрограммой в формате Интер-ТВ: 'H:\Projects\TVProgViewer\src\TVProgUpdater\TVProgUpdater\bin\Debug\2014-11-09\TGInterTVOld.txt'
2014-11-09 17:45:07.4867 TRACE Парсинг каналов
2014-11-09 17:45:07.9359 TRACE Парсинг тв-программ
2014-11-09 17:46:11.9330 ERROR При парсинге каналов и тв-программы произошло исключение: ErrMessage='Ссылка на объект не указывает на экземпляр объекта.',
StackTrace='   в TVProgUpdater.ConverterProg.InterToXml(String interFile) в h:\Projects\TVProgViewer\src\TVProgUpdater\TVProgUpdater\ConverterProg.cs:строка 515'
2014-11-09 17:46:12.0023 INFO Начало конвертации Интер-ТВ в XMLTV
2014-11-09 17:46:12.0023 TRACE Открываем файл с телепрограммой в формате Интер-ТВ: 'H:\Projects\TVProgViewer\src\TVProgUpdater\TVProgUpdater\bin\Debug\2014-11-09\TGInterTVNew.txt'
2014-11-09 17:46:12.0023 TRACE Парсинг каналов
2014-11-09 17:46:12.4906 TRACE Парсинг тв-программ
2014-11-09 17:46:14.7963 ERROR При парсинге каналов и тв-программы произошло исключение: ErrMessage='Входная строка имела неверный формат.',
StackTrace='   в System.Number.StringToNumber(String str, NumberStyles options, NumberBuffer& number, NumberFormatInfo info, Boolean parseDecimal)
   в System.Number.ParseInt32(String s, NumberStyles style, NumberFormatInfo info)
   в System.Int32.Parse(String s)
   в TVProgUpdater.ConverterProg.InterToXml(String interFile) в h:\Projects\TVProgViewer\src\TVProgUpdater\TVProgUpdater\ConverterProg.cs:строка 564'
2014-11-09 17:46:23.4955 INFO Начало конвертации Интер-ТВ в XMLTV
2014-11-09 17:46:23.4955 TRACE Открываем файл с телепрограммой в формате Интер-ТВ: 'H:\Projects\TVProgViewer\src\TVProgUpdater\TVProgUpdater\bin\Debug\2014-11-09\TGInterTVOld.txt'
2014-11-09 17:46:23.5013 TRACE Парсинг каналов
2014-11-09 17:46:23.9183 TRACE Парсинг тв-программ
2014-11-09 17:46:28.5287 ERROR При парсинге каналов и тв-программы произошло исключение: ErrMessage='Ссылка на объект не указывает на экземпляр объекта.',
StackTrace='   в TVProgUpdater.ConverterProg.InterToXml(String interFile) в h:\Projects\TVProgViewer\src\TVProgUpdater\TVProgUpdater\ConverterProg.cs:строка 515'
2014-11-09 17:46:28.6439 INFO Начало конвертации Интер-ТВ в XMLTV
2014-11-09 17:46:28.6566 TRACE Открываем файл с телепрограммой в формате Интер-ТВ: 'H:\Projects\TVProgViewer\src\TVProgUpdater\TVProgUpdater\bin\Debug\2014-11-09\TGInterTVNew.txt'
2014-11-09 17:46:28.6566 TRACE Парсинг каналов
2014-11-09 17:46:29.1879 TRACE Парсинг тв-программ
2014-11-09 17:46:31.8383 ERROR При парсинге каналов и тв-программы произошло исключение: ErrMessage='Входная строка имела неверный формат.',
StackTrace='   в System.Number.StringToNumber(String str, NumberStyles options, NumberBuffer& number, NumberFormatInfo info, Boolean parseDecimal)
   в System.Number.ParseInt32(String s, NumberStyles style, NumberFormatInfo info)
   в System.Int32.Parse(String s)
   в TVProgUpdater.ConverterProg.InterToXml(String interFile) в h:\Projects\TVProgViewer\src\TVProgUpdater\TVProgUpdater\ConverterProg.cs:строка 564'
2014-11-09 17:46:44.5180 INFO Начало конвертации Интер-ТВ в XMLTV
2014-11-09 17:46:44.5180 TRACE Открываем файл с телепрограммой в формате Интер-ТВ: 'H:\Projects\TVProgViewer\src\TVProgUpdater\TVProgUpdater\bin\Debug\2014-11-09\TGInterTVOld.txt'
2014-11-09 17:46:44.5180 TRACE Парсинг каналов
2014-11-09 17:46:44.9437 TRACE Парсинг тв-программ
2014-11-09 17:46:49.4994 ERROR При парсинге каналов и тв-программы произошло исключение: ErrMessage='Ссылка на объект не указывает на экземпляр объекта.',
StackTrace='   в TVProgUpdater.ConverterProg.InterToXml(String interFile) в h:\Projects\TVProgViewer\src\TVProgUpdater\TVProgUpdater\ConverterProg.cs:строка 515'
2014-11-09 17:46:49.6117 INFO Начало конвертации Интер-ТВ в XMLTV
2014-11-09 17:46:49.6117 TRACE Открываем файл с телепрограммой в формате Интер-ТВ: 'H:\Projects\TVProgViewer\src\TVProgUpdater\TVProgUpdater\bin\Debug\2014-11-09\TGInterTVNew.txt'
2014-11-09 17:46:49.6283 TRACE Парсинг каналов
2014-11-09 17:46:50.0980 TRACE Парсинг тв-программ
2014-11-09 17:46:52.7806 ERROR При парсинге каналов и тв-программы произошло исключение: ErrMessage='Входная строка имела неверный формат.',
StackTrace='   в System.Number.StringToNumber(String str, NumberStyles options, NumberBuffer& number, NumberFormatInfo info, Boolean parseDecimal)
   в System.Number.ParseInt32(String s, NumberStyles style, NumberFormatInfo info)
   в System.Int32.Parse(String s)
   в TVProgUpdater.ConverterProg.InterToXml(String interFile) в h:\Projects\TVProgViewer\src\TVProgUpdater\TVProgUpdater\ConverterProg.cs:строка 564'
2014-11-09 17:47:07.3617 INFO Начало конвертации Интер-ТВ в XMLTV
2014-11-09 17:47:07.3617 TRACE Открываем файл с телепрограммой в формате Интер-ТВ: 'H:\Projects\TVProgViewer\src\TVProgUpdater\TVProgUpdater\bin\Debug\2014-11-09\TGInterTVOld.txt'
2014-11-09 17:47:07.3617 TRACE Парсинг каналов
2014-11-09 17:47:07.7992 TRACE Парсинг тв-программ
2014-11-09 17:47:11.6361 ERROR При парсинге каналов и тв-программы произошло исключение: ErrMessage='Ссылка на объект не указывает на экземпляр объекта.',
StackTrace='   в TVProgUpdater.ConverterProg.InterToXml(String interFile) в h:\Projects\TVProgViewer\src\TVProgUpdater\TVProgUpdater\ConverterProg.cs:строка 515'
2014-11-09 17:47:11.7045 INFO Начало конвертации Интер-ТВ в XMLTV
2014-11-09 17:47:11.7045 TRACE Открываем файл с телепрограммой в формате Интер-ТВ: 'H:\Projects\TVProgViewer\src\TVProgUpdater\TVProgUpdater\bin\Debug\2014-11-09\TGInterTVNew.txt'
2014-11-09 17:47:11.7045 TRACE Парсинг каналов
2014-11-09 17:47:12.1898 TRACE Парсинг тв-программ
2014-11-09 17:47:14.4916 ERROR При парсинге каналов и тв-программы произошло исключение: ErrMessage='Входная строка имела неверный формат.',
StackTrace='   в System.Number.StringToNumber(String str, NumberStyles options, NumberBuffer& number, NumberFormatInfo info, Boolean parseDecimal)
   в System.Number.ParseInt32(String s, NumberStyles style, NumberFormatInfo info)
   в System.Int32.Parse(String s)
   в TVProgUpdater.ConverterProg.InterToXml(String interFile) в h:\Projects\TVProgViewer\src\TVProgUpdater\TVProgUpdater\ConverterProg.cs:строка 564'
2014-11-09 17:47:24.5150 INFO Начало конвертации Интер-ТВ в XMLTV
2014-11-09 17:47:24.5160 TRACE Открываем файл с телепрограммой в формате Интер-ТВ: 'H:\Projects\TVProgViewer\src\TVProgUpdater\TVProgUpdater\bin\Debug\2014-11-09\TGInterTVOld.txt'
2014-11-09 17:47:24.5160 TRACE Парсинг каналов
2014-11-09 17:47:24.9945 TRACE Парсинг тв-программ
2014-11-09 17:47:52.1293 ERROR При парсинге каналов и тв-программы произошло исключение: ErrMessage='Ссылка на объект не указывает на экземпляр объекта.',
StackTrace='   в TVProgUpdater.ConverterProg.InterToXml(String interFile) в h:\Projects\TVProgViewer\src\TVProgUpdater\TVProgUpdater\ConverterProg.cs:строка 515'
2014-11-09 17:47:52.1722 INFO Начало конвертации Интер-ТВ в XMLTV
2014-11-09 17:47:52.1722 TRACE Открываем файл с телепрограммой в формате Интер-ТВ: 'H:\Projects\TVProgViewer\src\TVProgUpdater\TVProgUpdater\bin\Debug\2014-11-09\TGInterTVNew.txt'
2014-11-09 17:47:52.1879 TRACE Парсинг каналов
2014-11-09 17:47:52.6742 TRACE Парсинг тв-программ
2014-11-09 17:47:54.9652 ERROR При парсинге каналов и тв-программы произошло исключение: ErrMessage='Входная строка имела неверный формат.',
StackTrace='   в System.Number.StringToNumber(String str, NumberStyles options, NumberBuffer& number, NumberFormatInfo info, Boolean parseDecimal)
   в System.Number.ParseInt32(String s, NumberStyles style, NumberFormatInfo info)
   в System.Int32.Parse(String s)
   в TVProgUpdater.ConverterProg.InterToXml(String interFile) в h:\Projects\TVProgViewer\src\TVProgUpdater\TVProgUpdater\ConverterProg.cs:строка 564'
2014-11-09 17:48:09.2670 INFO Начало конвертации Интер-ТВ в XMLTV
2014-11-09 17:48:09.2670 TRACE Открываем файл с телепрограммой в формате Интер-ТВ: 'H:\Projects\TVProgViewer\src\TVProgUpdater\TVProgUpdater\bin\Debug\2014-11-09\TGInterTVOld.txt'
2014-11-09 17:48:09.2670 TRACE Парсинг каналов
2014-11-09 17:48:09.7416 TRACE Парсинг тв-программ
2014-11-09 17:49:16.2006 ERROR При парсинге каналов и тв-программы произошло исключение: ErrMessage='Ссылка на объект не указывает на экземпляр объекта.',
StackTrace='   в TVProgUpdater.ConverterProg.InterToXml(String interFile) в h:\Projects\TVProgViewer\src\TVProgUpdater\TVProgUpdater\ConverterProg.cs:строка 515'
2014-11-09 17:49:16.3305 INFO Начало конвертации Интер-ТВ в XMLTV
2014-11-09 17:49:16.3305 TRACE Открываем файл с телепрограммой в формате Интер-ТВ: 'H:\Projects\TVProgViewer\src\TVProgUpdater\TVProgUpdater\bin\Debug\2014-11-09\TGInterTVNew.txt'
2014-11-09 17:49:16.3305 TRACE Парсинг каналов
2014-11-09 17:49:16.8529 TRACE Парсинг тв-программ
2014-11-09 17:50:07.3822 ERROR При парсинге каналов и тв-программы произошло исключение: ErrMessage='Входная строка имела неверный формат.',
StackTrace='   в System.Number.StringToNumber(String str, NumberStyles options, NumberBuffer& number, NumberFormatInfo info, Boolean parseDecimal)
   в System.Number.ParseInt32(String s, NumberStyles style, NumberFormatInfo info)
   в System.Int32.Parse(String s)
   в TVProgUpdater.ConverterProg.InterToXml(String interFile) в h:\Projects\TVProgViewer\src\TVProgUpdater\TVProgUpdater\ConverterProg.cs:строка 564'
2014-11-09 17:50:31.3959 INFO Начало конвертации Интер-ТВ в XMLTV
2014-11-09 17:50:31.3959 TRACE Открываем файл с телепрограммой в формате Интер-ТВ: 'H:\Projects\TVProgViewer\src\TVProgUpdater\TVProgUpdater\bin\Debug\2014-11-09\TGInterTVOld.txt'
2014-11-09 17:50:31.3959 TRACE Парсинг каналов
2014-11-09 17:50:31.8305 TRACE Парсинг тв-программ
2014-11-09 17:50:35.6430 ERROR При парсинге каналов и тв-программы произошло исключение: ErrMessage='Ссылка на объект не указывает на экземпляр объекта.',
StackTrace='   в TVProgUpdater.ConverterProg.InterToXml(String interFile) в h:\Projects\TVProgViewer\src\TVProgUpdater\TVProgUpdater\ConverterProg.cs:строка 515'
2014-11-09 17:50:35.7191 INFO Начало конвертации Интер-ТВ в XMLTV
2014-11-09 17:50:35.7191 TRACE Открываем файл с телепрограммой в формате Интер-ТВ: 'H:\Projects\TVProgViewer\src\TVProgUpdater\TVProgUpdater\bin\Debug\2014-11-09\TGInterTVNew.txt'
2014-11-09 17:50:35.7191 TRACE Парсинг каналов
2014-11-09 17:50:36.2162 TRACE Парсинг тв-программ
2014-11-09 17:51:16.8451 INFO Начало конвертации Интер-ТВ в XMLTV
2014-11-09 17:51:16.8812 TRACE Открываем файл с телепрограммой в формате Интер-ТВ: 'H:\Projects\TVProgViewer\src\TVProgUpdater\TVProgUpdater\bin\Debug\2014-11-09\TGInterTVOld.txt'
2014-11-09 17:51:16.8812 TRACE Парсинг каналов
2014-11-09 17:51:17.3090 TRACE Парсинг тв-программ
2014-11-09 18:01:07.3226 ERROR При парсинге каналов и тв-программы произошло исключение: ErrMessage='Ссылка на объект не указывает на экземпляр объекта.',
StackTrace='   в TVProgUpdater.ConverterProg.InterToXml(String interFile) в h:\Projects\TVProgViewer\src\TVProgUpdater\TVProgUpdater\ConverterProg.cs:строка 515'
2014-11-09 18:01:07.6586 INFO Начало конвертации Интер-ТВ в XMLTV
2014-11-09 18:01:07.6586 TRACE Открываем файл с телепрограммой в формате Интер-ТВ: 'H:\Projects\TVProgViewer\src\TVProgUpdater\TVProgUpdater\bin\Debug\2014-11-09\TGInterTVNew.txt'
2014-11-09 18:01:07.6586 TRACE Парсинг каналов
2014-11-09 18:01:08.4008 TRACE Парсинг тв-программ
2014-11-09 18:01:14.6527 INFO Начало конвертации Интер-ТВ в XMLTV
2014-11-09 18:01:14.6527 TRACE Открываем файл с телепрограммой в формате Интер-ТВ: 'H:\Projects\TVProgViewer\src\TVProgUpdater\TVProgUpdater\bin\Debug\2014-11-09\TGInterTVOld.txt'
2014-11-09 18:01:14.6566 TRACE Парсинг каналов
2014-11-09 18:01:15.0931 TRACE Парсинг тв-программ
2014-11-09 18:02:32.6586 ERROR При парсинге каналов и тв-программы произошло исключение: ErrMessage='Ссылка на объект не указывает на экземпляр объекта.',
StackTrace='   в TVProgUpdater.ConverterProg.InterToXml(String interFile) в h:\Projects\TVProgViewer\src\TVProgUpdater\TVProgUpdater\ConverterProg.cs:строка 515'
2014-11-09 18:02:32.7699 INFO Начало конвертации Интер-ТВ в XMLTV
2014-11-09 18:02:32.7816 TRACE Открываем файл с телепрограммой в формате Интер-ТВ: 'H:\Projects\TVProgViewer\src\TVProgUpdater\TVProgUpdater\bin\Debug\2014-11-09\TGInterTVNew.txt'
2014-11-09 18:02:32.7816 TRACE Парсинг каналов
2014-11-09 18:02:33.4398 TRACE Парсинг тв-программ
2014-11-09 18:02:39.4769 ERROR При парсинге каналов и тв-программы произошло исключение: ErrMessage='Входная строка имела неверный формат.',
StackTrace='   в System.Number.StringToNumber(String str, NumberStyles options, NumberBuffer& number, NumberFormatInfo info, Boolean parseDecimal)
   в System.Number.ParseInt32(String s, NumberStyles style, NumberFormatInfo info)
   в System.Int32.Parse(String s)
   в TVProgUpdater.ConverterProg.InterToXml(String interFile) в h:\Projects\TVProgViewer\src\TVProgUpdater\TVProgUpdater\ConverterProg.cs:строка 564'
2014-11-09 18:05:45.1898 INFO Начало конвертации Интер-ТВ в XMLTV
2014-11-09 18:05:45.1898 TRACE Открываем файл с телепрограммой в формате Интер-ТВ: 'H:\Projects\TVProgViewer\src\TVProgUpdater\TVProgUpdater\bin\Debug\2014-11-09\TGInterTVOld.txt'
2014-11-09 18:05:45.2035 TRACE Парсинг каналов
2014-11-09 18:05:45.6879 TRACE Парсинг тв-программ
2014-11-09 18:08:13.1898 INFO Начало конвертации Интер-ТВ в XMLTV
2014-11-09 18:08:13.1898 TRACE Открываем файл с телепрограммой в формате Интер-ТВ: 'H:\Projects\TVProgViewer\src\TVProgUpdater\TVProgUpdater\bin\Debug\2014-11-09\TGInterTVOld.txt'
2014-11-09 18:08:13.1898 TRACE Парсинг каналов
2014-11-09 18:08:13.6244 TRACE Парсинг тв-программ
2014-11-09 18:25:46.2972 INFO Начало конвертации Интер-ТВ в XMLTV
2014-11-09 18:25:46.2972 TRACE Открываем файл с телепрограммой в формате Интер-ТВ: 'H:\Projects\TVProgViewer\src\TVProgUpdater\TVProgUpdater\bin\Debug\2014-11-09\TGInterTVOld.txt'
2014-11-09 18:25:46.2972 TRACE Парсинг каналов
2014-11-09 18:25:46.8051 TRACE Парсинг тв-программ
2014-11-09 18:28:13.1742 INFO Начало конвертации Интер-ТВ в XMLTV
2014-11-09 18:28:13.1742 TRACE Открываем файл с телепрограммой в формате Интер-ТВ: 'H:\Projects\TVProgViewer\src\TVProgUpdater\TVProgUpdater\bin\Debug\2014-11-09\TGInterTVOld.txt'
2014-11-09 18:28:13.1742 TRACE Парсинг каналов
2014-11-09 18:28:13.7250 TRACE Парсинг тв-программ
2014-11-09 18:30:40.2982 INFO Начало конвертации Интер-ТВ в XMLTV
2014-11-09 18:30:40.2982 TRACE Открываем файл с телепрограммой в формате Интер-ТВ: 'H:\Projects\TVProgViewer\src\TVProgUpdater\TVProgUpdater\bin\Debug\2014-11-09\TGInterTVOld.txt'
2014-11-09 18:30:40.2982 TRACE Парсинг каналов
2014-11-09 18:30:40.8051 TRACE Парсинг тв-программ
2014-11-09 18:35:30.3441 INFO Начало конвертации Интер-ТВ в XMLTV
2014-11-09 18:35:30.3441 TRACE Открываем файл с телепрограммой в формате Интер-ТВ: 'H:\Projects\TVProgViewer\src\TVProgUpdater\TVProgUpdater\bin\Debug\2014-11-09\TGInterTVOld.txt'
2014-11-09 18:35:30.3441 TRACE Парсинг каналов
2014-11-09 18:35:30.8803 TRACE Парсинг тв-программ
2014-11-09 18:37:56.4857 INFO Начало конвертации Интер-ТВ в XMLTV
2014-11-09 18:37:56.4857 TRACE Открываем файл с телепрограммой в формате Интер-ТВ: 'H:\Projects\TVProgViewer\src\TVProgUpdater\TVProgUpdater\bin\Debug\2014-11-09\TGInterTVOld.txt'
2014-11-09 18:37:56.4857 TRACE Парсинг каналов
2014-11-09 18:37:57.0199 TRACE Парсинг тв-программ
2014-11-09 18:38:52.7826 INFO Начало конвертации Интер-ТВ в XMLTV
2014-11-09 18:38:52.7826 TRACE Открываем файл с телепрограммой в формате Интер-ТВ: 'H:\Projects\TVProgViewer\src\TVProgUpdater\TVProgUpdater\bin\Debug\2014-11-09\TGInterTVOld.txt'
2014-11-09 18:38:52.7826 TRACE Парсинг каналов
2014-11-09 18:38:53.3226 TRACE Парсинг тв-программ
2014-11-09 18:51:33.2299 INFO Начало конвертации Интер-ТВ в XMLTV
2014-11-09 18:51:33.2299 TRACE Открываем файл с телепрограммой в формате Интер-ТВ: 'H:\Projects\TVProgViewer\src\TVProgUpdater\TVProgUpdater\bin\Debug\2014-11-09\TGInterTVOld.txt'
2014-11-09 18:51:33.2396 TRACE Парсинг каналов
2014-11-09 18:51:33.8080 TRACE Парсинг тв-программ
2014-11-09 18:59:48.5150 INFO Начало конвертации Интер-ТВ в XMLTV
2014-11-09 18:59:48.5160 TRACE Открываем файл с телепрограммой в формате Интер-ТВ: 'H:\Projects\TVProgViewer\src\TVProgUpdater\TVProgUpdater\bin\Debug\2014-11-09\TGInterTVOld.txt'
2014-11-09 18:59:48.5160 TRACE Парсинг каналов
2014-11-09 18:59:48.9818 TRACE Парсинг тв-программ
2014-11-09 19:00:13.0346 INFO Начало конвертации Интер-ТВ в XMLTV
2014-11-09 19:00:13.0346 TRACE Открываем файл с телепрограммой в формате Интер-ТВ: 'H:\Projects\TVProgViewer\src\TVProgUpdater\TVProgUpdater\bin\Debug\2014-11-09\TGInterTVOld.txt'
2014-11-09 19:00:13.0346 TRACE Парсинг каналов
2014-11-09 19:16:22.2347 INFO Начало конвертации Интер-ТВ в XMLTV
2014-11-09 19:16:22.2572 TRACE Открываем файл с телепрограммой в формате Интер-ТВ: 'H:\Projects\TVProgViewer\src\TVProgUpdater\TVProgUpdater\bin\Debug\2014-11-09\TGInterTVOld.txt'
2014-11-09 19:16:22.2572 TRACE Парсинг каналов
2014-11-09 19:16:23.0053 TRACE Парсинг тв-программ
2014-11-09 19:19:07.9183 INFO Начало конвертации Интер-ТВ в XMLTV
2014-11-09 19:19:07.9183 TRACE Открываем файл с телепрограммой в формате Интер-ТВ: 'H:\Projects\TVProgViewer\src\TVProgUpdater\TVProgUpdater\bin\Debug\2014-11-09\TGInterTVOld.txt'
2014-11-09 19:19:07.9222 TRACE Парсинг каналов
2014-11-09 19:19:08.6859 TRACE Парсинг тв-программ
2014-11-09 19:21:51.0541 INFO Начало конвертации Интер-ТВ в XMLTV
2014-11-09 19:21:51.0541 TRACE Открываем файл с телепрограммой в формате Интер-ТВ: 'H:\Projects\TVProgViewer\src\TVProgUpdater\TVProgUpdater\bin\Debug\2014-11-09\TGInterTVOld.txt'
2014-11-09 19:21:51.0541 TRACE Парсинг каналов
2014-11-09 19:21:51.5140 TRACE Парсинг тв-программ
2014-11-09 19:23:42.8021 INFO Начало конвертации Интер-ТВ в XMLTV
2014-11-09 19:23:42.8021 TRACE Открываем файл с телепрограммой в формате Интер-ТВ: 'H:\Projects\TVProgViewer\src\TVProgUpdater\TVProgUpdater\bin\Debug\2014-11-09\TGInterTVOld.txt'
2014-11-09 19:23:42.8021 TRACE Парсинг каналов
2014-11-09 19:23:43.3451 TRACE Парсинг тв-программ
2014-11-09 19:28:38.1097 ERROR При парсинге каналов и тв-программы произошло исключение: ErrMessage='Входная строка имела неверный формат.',
StackTrace='   в System.Number.StringToNumber(String str, NumberStyles options, NumberBuffer& number, NumberFormatInfo info, Boolean parseDecimal)
   в System.Number.ParseInt32(String s, NumberStyles style, NumberFormatInfo info)
   в System.Int32.Parse(String s)
   в TVProgUpdater.ConverterProg.InterToXml(String interFile, Dictionary`2 dictChans) в h:\Projects\TVProgViewer\src\TVProgUpdater\TVProgUpdater\ConverterProg.cs:строка 263'
2014-11-09 19:28:38.2816 INFO Начало конвертации Интер-ТВ в XMLTV
2014-11-09 19:28:38.2816 TRACE Открываем файл с телепрограммой в формате Интер-ТВ: 'H:\Projects\TVProgViewer\src\TVProgUpdater\TVProgUpdater\bin\Debug\2014-11-09\TGInterTVNew.txt'
2014-11-09 19:28:38.3158 TRACE Парсинг каналов
2014-11-09 19:28:38.9867 TRACE Парсинг тв-программ
2014-11-09 19:28:54.3529 INFO Начало конвертации Интер-ТВ в XMLTV
2014-11-09 19:28:54.3529 TRACE Открываем файл с телепрограммой в формате Интер-ТВ: 'H:\Projects\TVProgViewer\src\TVProgUpdater\TVProgUpdater\bin\Debug\2014-11-09\TGInterTVOld.txt'
2014-11-09 19:28:54.3637 TRACE Парсинг каналов
2014-11-09 19:28:54.8783 TRACE Парсинг тв-программ
2014-11-09 19:56:36.3861 INFO Начало конвертации Интер-ТВ в XMLTV
2014-11-09 19:56:36.3998 TRACE Открываем файл с телепрограммой в формате Интер-ТВ: 'H:\Projects\TVProgViewer\src\TVProgUpdater\TVProgUpdater\bin\Debug\2014-11-09\TGInterTVOld.txt'
2014-11-09 19:56:36.4066 TRACE Парсинг каналов
2014-11-09 19:56:36.9457 TRACE Парсинг тв-программ
2014-11-09 19:56:41.6722 TRACE Парсинг каналов и тв-программы прошёл успешно. Затрачено '5,27' сек.
2014-11-09 19:56:42.8617 INFO Начало конвертации Интер-ТВ в XMLTV
2014-11-09 19:56:42.8617 TRACE Открываем файл с телепрограммой в формате Интер-ТВ: 'H:\Projects\TVProgViewer\src\TVProgUpdater\TVProgUpdater\bin\Debug\2014-11-09\TGInterTVNew.txt'
2014-11-09 19:56:42.8617 TRACE Парсинг каналов
2014-11-09 19:56:43.6566 TRACE Парсинг тв-программ
2014-11-09 20:00:01.6556 INFO Начало конвертации Интер-ТВ в XMLTV
2014-11-09 20:00:01.6566 TRACE Открываем файл с телепрограммой в формате Интер-ТВ: 'H:\Projects\TVProgViewer\src\TVProgUpdater\TVProgUpdater\bin\Debug\2014-11-09\TGInterTVOld.txt'
2014-11-09 20:00:01.6566 TRACE Парсинг каналов
2014-11-09 20:00:02.1869 TRACE Парсинг тв-программ
2014-11-09 20:00:07.4388 TRACE Парсинг каналов и тв-программы прошёл успешно. Затрачено '5,78' сек.
2014-11-09 20:00:08.1576 INFO Начало конвертации Интер-ТВ в XMLTV
2014-11-09 20:00:08.1576 TRACE Открываем файл с телепрограммой в формате Интер-ТВ: 'H:\Projects\TVProgViewer\src\TVProgUpdater\TVProgUpdater\bin\Debug\2014-11-09\TGInterTVNew.txt'
2014-11-09 20:00:08.1781 TRACE Парсинг каналов
2014-11-09 20:00:08.7084 TRACE Парсинг тв-программ
2014-11-09 20:00:13.5668 TRACE Парсинг каналов и тв-программы прошёл успешно. Затрачено '5,399' сек.
2014-11-09 20:00:37.4330 INFO Начало конвертации Интер-ТВ в XMLTV
2014-11-09 20:00:37.4330 TRACE Открываем файл с телепрограммой в формате Интер-ТВ: 'H:\Projects\TVProgViewer\src\TVProgUpdater\TVProgUpdater\bin\Debug\2014-11-09\TGInterTVOld.txt'
2014-11-09 20:00:37.4379 TRACE Парсинг каналов
2014-11-09 20:00:37.9769 TRACE Парсинг тв-программ
2014-11-09 20:00:42.8431 TRACE Парсинг каналов и тв-программы прошёл успешно. Затрачено '5,399' сек.
2014-11-09 20:15:32.8832 INFO Начало конвертации Интер-ТВ в XMLTV
2014-11-09 20:15:32.9047 TRACE Открываем файл с телепрограммой в формате Интер-ТВ: 'H:\Projects\TVProgViewer\src\TVProgUpdater\TVProgUpdater\bin\Debug\2014-11-09\TGInterTVOld.txt'
2014-11-09 20:15:32.9066 TRACE Парсинг каналов
2014-11-09 20:15:33.7162 TRACE Парсинг тв-программ
2014-11-09 20:16:28.5414 INFO Начало конвертации Интер-ТВ в XMLTV
2014-11-09 20:16:28.5414 TRACE Открываем файл с телепрограммой в формате Интер-ТВ: 'H:\Projects\TVProgViewer\src\TVProgUpdater\TVProgUpdater\bin\Debug\2014-11-09\TGInterTVOld.txt'
2014-11-09 20:16:28.5414 TRACE Парсинг каналов
2014-11-09 20:16:29.3119 TRACE Парсинг тв-программ
2014-11-09 20:23:44.2748 ERROR При парсинге каналов и тв-программы произошло исключение: ErrMessage='Входная строка имела неверный формат.',
StackTrace='   в System.Number.StringToNumber(String str, NumberStyles options, NumberBuffer& number, NumberFormatInfo info, Boolean parseDecimal)
   в System.Number.ParseInt32(String s, NumberStyles style, NumberFormatInfo info)
   в System.Int32.Parse(String s)
   в TVProgUpdater.ConverterProg.InterToXml(String interFile, Dictionary`2 dictChans) в h:\Projects\TVProgViewer\src\TVProgUpdater\TVProgUpdater\ConverterProg.cs:строка 263'
2014-11-09 20:23:44.9691 INFO Начало конвертации Интер-ТВ в XMLTV
2014-11-09 20:23:44.9691 TRACE Открываем файл с телепрограммой в формате Интер-ТВ: 'H:\Projects\TVProgViewer\src\TVProgUpdater\TVProgUpdater\bin\Debug\2014-11-09\TGInterTVNew.txt'
2014-11-09 20:23:44.9691 TRACE Парсинг каналов
2014-11-09 20:23:45.8861 TRACE Парсинг тв-программ
2014-11-09 20:25:52.3431 INFO Начало конвертации Интер-ТВ в XMLTV
2014-11-09 20:25:52.3510 TRACE Открываем файл с телепрограммой в формате Интер-ТВ: 'H:\Projects\TVProgViewer\src\TVProgUpdater\TVProgUpdater\bin\Debug\2014-11-09\TGInterTVOld.txt'
2014-11-09 20:25:52.3510 TRACE Парсинг каналов
2014-11-09 20:25:52.9252 TRACE Парсинг тв-программ
2014-11-09 20:30:57.5844 ERROR При парсинге каналов и тв-программы произошло исключение: ErrMessage='Входная строка имела неверный формат.',
StackTrace='   в System.Number.StringToNumber(String str, NumberStyles options, NumberBuffer& number, NumberFormatInfo info, Boolean parseDecimal)
   в System.Number.ParseInt32(String s, NumberStyles style, NumberFormatInfo info)
   в System.Int32.Parse(String s)
   в TVProgUpdater.ConverterProg.InterToXml(String interFile, Dictionary`2 dictChans) в h:\Projects\TVProgViewer\src\TVProgUpdater\TVProgUpdater\ConverterProg.cs:строка 263'
2014-11-09 20:30:57.6254 INFO Начало конвертации Интер-ТВ в XMLTV
2014-11-09 20:30:57.6254 TRACE Открываем файл с телепрограммой в формате Интер-ТВ: 'H:\Projects\TVProgViewer\src\TVProgUpdater\TVProgUpdater\bin\Debug\2014-11-09\TGInterTVNew.txt'
2014-11-09 20:30:57.6254 TRACE Парсинг каналов
2014-11-09 20:30:58.1596 TRACE Парсинг тв-программ
2014-11-09 20:31:40.1390 INFO Начало конвертации Интер-ТВ в XMLTV
2014-11-09 20:31:40.1420 TRACE Открываем файл с телепрограммой в формате Интер-ТВ: 'H:\Projects\TVProgViewer\src\TVProgUpdater\TVProgUpdater\bin\Debug\2014-11-09\TGInterTVOld.txt'
2014-11-09 20:31:40.1420 TRACE Парсинг каналов
2014-11-09 20:31:40.6947 TRACE Парсинг тв-программ
2014-11-09 20:36:11.6068 INFO Начало конвертации Интер-ТВ в XMLTV
2014-11-09 20:36:11.6097 TRACE Открываем файл с телепрограммой в формате Интер-ТВ: 'H:\Projects\TVProgViewer\src\TVProgUpdater\TVProgUpdater\bin\Debug\2014-11-09\TGInterTVOld.txt'
2014-11-09 20:36:11.6097 TRACE Парсинг каналов
2014-11-09 20:36:12.1508 TRACE Парсинг тв-программ
2014-11-09 20:37:22.4047 INFO Начало конвертации Интер-ТВ в XMLTV
2014-11-09 20:37:22.4066 TRACE Открываем файл с телепрограммой в формате Интер-ТВ: 'H:\Projects\TVProgViewer\src\TVProgUpdater\TVProgUpdater\bin\Debug\2014-11-09\TGInterTVOld.txt'
2014-11-09 20:37:22.4066 TRACE Парсинг каналов
2014-11-09 20:37:22.9183 TRACE Парсинг тв-программ
2014-11-09 20:37:27.0961 TRACE Парсинг каналов и тв-программы прошёл успешно. Затрачено '4,688' сек.
2014-11-09 20:41:09.2084 INFO Начало конвертации Интер-ТВ в XMLTV
2014-11-09 20:41:09.2084 TRACE Открываем файл с телепрограммой в формате Интер-ТВ: 'H:\Projects\TVProgViewer\src\TVProgUpdater\TVProgUpdater\bin\Debug\2014-11-09\TGInterTVOld.txt'
2014-11-09 20:41:09.2191 TRACE Парсинг каналов
2014-11-09 20:41:09.7748 TRACE Парсинг тв-программ
2014-11-09 20:41:14.6146 TRACE Парсинг каналов и тв-программы прошёл успешно. Затрачено '5,397' сек.
2014-11-09 20:43:52.1361 INFO Начало конвертации Интер-ТВ в XMLTV
2014-11-09 20:43:52.1361 TRACE Открываем файл с телепрограммой в формате Интер-ТВ: 'H:\Projects\TVProgViewer\src\TVProgUpdater\TVProgUpdater\bin\Debug\2014-11-09\TGInterTVOld.txt'
2014-11-09 20:43:52.1420 TRACE Парсинг каналов
2014-11-09 20:43:52.7045 TRACE Парсинг тв-программ
2014-11-09 20:43:58.1586 TRACE Парсинг каналов и тв-программы прошёл успешно. Затрачено '6,02' сек.
2014-11-09 20:44:10.6137 INFO Начало конвертации Интер-ТВ в XMLTV
2014-11-09 20:44:10.6137 TRACE Открываем файл с телепрограммой в формате Интер-ТВ: 'H:\Projects\TVProgViewer\src\TVProgUpdater\TVProgUpdater\bin\Debug\2014-11-09\TGInterTVNew.txt'
2014-11-09 20:44:10.6137 TRACE Парсинг каналов
2014-11-09 20:44:11.2787 TRACE Парсинг тв-программ
2014-11-09 20:44:14.1185 ERROR При парсинге каналов и тв-программы произошло исключение: ErrMessage='Входная строка имела неверный формат.',
StackTrace='   в System.Number.StringToNumber(String str, NumberStyles options, NumberBuffer& number, NumberFormatInfo info, Boolean parseDecimal)
   в System.Number.ParseInt32(String s, NumberStyles style, NumberFormatInfo info)
   в System.Int32.Parse(String s)
   в TVProgUpdater.ConverterProg.InterToXml(String interFile, Dictionary`2 dictChans) в h:\Projects\TVProgViewer\src\TVProgUpdater\TVProgUpdater\ConverterProg.cs:строка 263'
2014-11-09 20:45:41.8851 INFO Начало конвертации Интер-ТВ в XMLTV
2014-11-09 20:45:41.8851 TRACE Открываем файл с телепрограммой в формате Интер-ТВ: 'H:\Projects\TVProgViewer\src\TVProgUpdater\TVProgUpdater\bin\Debug\2014-11-09\TGInterTVOld.txt'
2014-11-09 20:45:41.8939 TRACE Парсинг каналов
2014-11-09 20:45:42.4760 TRACE Парсинг тв-программ
2014-11-09 20:45:47.1254 TRACE Парсинг каналов и тв-программы прошёл успешно. Затрачено '5,238' сек.
2014-11-09 20:45:49.7045 INFO Начало конвертации Интер-ТВ в XMLTV
2014-11-09 20:45:49.7045 TRACE Открываем файл с телепрограммой в формате Интер-ТВ: 'H:\Projects\TVProgViewer\src\TVProgUpdater\TVProgUpdater\bin\Debug\2014-11-09\TGInterTVNew.txt'
2014-11-09 20:45:49.7045 TRACE Парсинг каналов
2014-11-09 20:45:50.1869 TRACE Парсинг тв-программ
2014-11-09 20:47:04.8539 INFO Начало конвертации Интер-ТВ в XMLTV
2014-11-09 20:47:04.8539 TRACE Открываем файл с телепрограммой в формате Интер-ТВ: 'H:\Projects\TVProgViewer\src\TVProgUpdater\TVProgUpdater\bin\Debug\2014-11-09\TGInterTVNew.txt'
2014-11-09 20:47:04.8627 TRACE Парсинг каналов
2014-11-09 20:47:05.3910 TRACE Парсинг тв-программ
2014-11-09 20:48:53.3539 ERROR При парсинге каналов и тв-программы произошло исключение: ErrMessage='Входная строка имела неверный формат.',
StackTrace='   в System.Number.StringToNumber(String str, NumberStyles options, NumberBuffer& number, NumberFormatInfo info, Boolean parseDecimal)
   в System.Number.ParseInt32(String s, NumberStyles style, NumberFormatInfo info)
   в System.Int32.Parse(String s)
   в TVProgUpdater.ConverterProg.InterToXml(String interFile, Dictionary`2 dictChans) в h:\Projects\TVProgViewer\src\TVProgUpdater\TVProgUpdater\ConverterProg.cs:строка 263'
2014-11-09 20:49:14.6703 INFO Начало конвертации Интер-ТВ в XMLTV
2014-11-09 20:49:14.6732 TRACE Открываем файл с телепрограммой в формате Интер-ТВ: 'H:\Projects\TVProgViewer\src\TVProgUpdater\TVProgUpdater\bin\Debug\2014-11-09\TGInterTVNew.txt'
2014-11-09 20:49:14.6732 TRACE Парсинг каналов
2014-11-09 20:49:15.2123 TRACE Парсинг тв-программ
2014-11-09 20:58:09.4144 INFO Начало конвертации Интер-ТВ в XMLTV
2014-11-09 20:58:09.4252 TRACE Открываем файл с телепрограммой в формате Интер-ТВ: 'H:\Projects\TVProgViewer\src\TVProgUpdater\TVProgUpdater\bin\Debug\2014-11-09\TGInterTVNew.txt'
2014-11-09 20:58:09.4252 TRACE Парсинг каналов
2014-11-09 20:58:10.2328 TRACE Парсинг тв-программ
2014-11-09 20:58:38.8031 TRACE Парсинг каналов и тв-программы прошёл успешно. Затрачено '29,377' сек.
2014-11-09 20:59:39.7601 INFO Начало конвертации Интер-ТВ в XMLTV
2014-11-09 20:59:39.7601 TRACE Открываем файл с телепрограммой в формате Интер-ТВ: 'H:\Projects\TVProgViewer\src\TVProgUpdater\TVProgUpdater\bin\Debug\2014-11-09\TGInterTVNew.txt'
2014-11-09 20:59:39.7660 TRACE Парсинг каналов
2014-11-09 20:59:40.3129 TRACE Парсинг тв-программ
2014-11-09 20:59:44.3207 TRACE Парсинг каналов и тв-программы прошёл успешно. Затрачено '4,557' сек.
2014-11-09 21:08:14.7562 INFO Начало конвертации Интер-ТВ в XMLTV
2014-11-09 21:08:14.7982 TRACE Открываем файл с телепрограммой в формате Интер-ТВ: 'H:\Projects\TVProgViewer\src\TVProgUpdater\TVProgUpdater\bin\Debug\2014-11-09\TGInterTVNew.txt'
2014-11-09 21:08:14.7982 TRACE Парсинг каналов
2014-11-09 21:08:15.3334 TRACE Парсинг тв-программ
2014-11-09 21:08:19.5883 TRACE Парсинг каналов и тв-программы прошёл успешно. Затрачено '4,789' сек.
2014-11-09 21:10:50.1283 INFO Начало конвертации Интер-ТВ в XMLTV
2014-11-09 21:10:50.1283 TRACE Открываем файл с телепрограммой в формате Интер-ТВ: 'H:\Projects\TVProgViewer\src\TVProgUpdater\TVProgUpdater\bin\Debug\2014-11-09\TGInterTVOld.txt'
2014-11-09 21:10:50.1283 TRACE Парсинг каналов
2014-11-09 21:10:50.8724 TRACE Парсинг тв-программ
2014-11-09 21:10:54.8168 TRACE Парсинг каналов и тв-программы прошёл успешно. Затрачено '4,685' сек.
2014-11-09 21:11:27.2689 INFO Начало конвертации Интер-ТВ в XMLTV
2014-11-09 21:11:27.2836 TRACE Открываем файл с телепрограммой в формате Интер-ТВ: 'H:\Projects\TVProgViewer\src\TVProgUpdater\TVProgUpdater\bin\Debug\2014-11-09\TGInterTVNew.txt'
2014-11-09 21:11:27.2836 TRACE Парсинг каналов
2014-11-09 21:11:27.7445 TRACE Парсинг тв-программ
2014-11-09 21:11:31.4769 TRACE Парсинг каналов и тв-программы прошёл успешно. Затрачено '4,193' сек.
2014-11-09 21:25:57.8851 INFO Начало конвертации Интер-ТВ в XMLTV
2014-11-09 21:25:57.8851 TRACE Открываем файл с телепрограммой в формате Интер-ТВ: 'H:\Projects\TVProgViewer\src\TVProgUpdater\TVProgUpdater\bin\Debug\2014-11-09\TGInterTVOld.txt'
2014-11-09 21:25:57.9027 TRACE Парсинг каналов
2014-11-09 21:25:58.4086 TRACE Парсинг тв-программ
2014-11-09 21:26:02.3197 TRACE Парсинг каналов и тв-программы прошёл успешно. Затрачено '4,43' сек.
2014-11-09 21:27:03.6879 INFO Начало конвертации Интер-ТВ в XMLTV
2014-11-09 21:27:03.6879 TRACE Открываем файл с телепрограммой в формате Интер-ТВ: 'H:\Projects\TVProgViewer\src\TVProgUpdater\TVProgUpdater\bin\Debug\2014-11-09\TGInterTVNew.txt'
2014-11-09 21:27:03.7123 TRACE Парсинг каналов
2014-11-09 21:27:04.6068 TRACE Парсинг тв-программ
2014-11-09 21:27:09.9515 TRACE Парсинг каналов и тв-программы прошёл успешно. Затрачено '6,257' сек.
2014-11-09 21:39:42.9398 INFO Начало конвертации Интер-ТВ в XMLTV
2014-11-09 21:39:43.0004 TRACE Открываем файл с телепрограммой в формате Интер-ТВ: 'H:\Projects\TVProgViewer\src\TVProgUpdater\TVProgUpdater\bin\Debug\2014-11-09\TGInterTVOld.txt'
2014-11-09 21:39:43.0004 TRACE Парсинг каналов
2014-11-09 21:39:43.7777 TRACE Парсинг тв-программ
2014-11-09 21:39:47.9779 TRACE Парсинг каналов и тв-программы прошёл успешно. Затрачено '4,974' сек.
2014-11-09 21:40:13.4535 INFO Начало конвертации Интер-ТВ в XMLTV
2014-11-09 21:40:13.4535 TRACE Открываем файл с телепрограммой в формате Интер-ТВ: 'H:\Projects\TVProgViewer\src\TVProgUpdater\TVProgUpdater\bin\Debug\2014-11-09\TGInterTVNew.txt'
2014-11-09 21:40:13.5180 TRACE Парсинг каналов
2014-11-09 21:40:14.1293 TRACE Парсинг тв-программ
2014-11-09 21:40:18.7504 TRACE Парсинг каналов и тв-программы прошёл успешно. Затрачено '5,282' сек.
