2014-11-09 16:01:06.8178 INFO Начало получения телеканалов с тв-программой
urid='http://www.teleguide.info/download/old/xmltv.xml.gz';
outputfile='TGXmlTvOld.xml'
2014-11-09 16:01:06.8881 TRACE Определен каталог для сохранения: 'H:\Projects\TVProgViewer\src\TVProgUpdater\TVProgUpdater\bin\Debug\2014-11-09'
2014-11-09 16:01:06.8881 INFO Начало запроса ресурса.
2014-11-09 16:01:08.9603 TRACE Ресурс успешно получен в поток.
2014-11-09 16:01:08.9711 INFO Content-Encoding неопределен, пробуем распаковать по заголовку ContentType:
2014-11-09 16:01:08.9711 TRACE Content-Type = 'application/octet-stream'
2014-11-09 16:01:50.3324 TRACE GZip-архив octet-stream успешно распакован.
2014-11-09 16:01:50.3324 INFO Получение каналов и тв-программы успешно завершено.
2014-11-09 16:01:59.4271 INFO Начало получения телеканалов с тв-программой
urid='http://www.teleguide.info/download/new3/xmltv.xml.gz';
outputfile='TGXmlTvNew.xml'
2014-11-09 16:01:59.4398 TRACE Определен каталог для сохранения: 'H:\Projects\TVProgViewer\src\TVProgUpdater\TVProgUpdater\bin\Debug\2014-11-09'
2014-11-09 16:01:59.4398 INFO Начало запроса ресурса.
2014-11-09 16:02:00.1986 TRACE Ресурс успешно получен в поток.
2014-11-09 16:02:00.2035 INFO Content-Encoding неопределен, пробуем распаковать по заголовку ContentType:
2014-11-09 16:02:00.2035 TRACE Content-Type = 'application/octet-stream'
2014-11-09 16:02:41.4066 TRACE GZip-архив octet-stream успешно распакован.
2014-11-09 16:02:41.4066 INFO Получение каналов и тв-программы успешно завершено.
2014-11-09 16:02:44.2240 INFO Начало получения телеканалов с тв-программой
urid='http://www.teleguide.info/download/old/inter-tv.zip';
outputfile='TGInterTVOld.txt'
2014-11-09 16:02:44.2435 TRACE Определен каталог для сохранения: 'H:\Projects\TVProgViewer\src\TVProgUpdater\TVProgUpdater\bin\Debug\2014-11-09'
2014-11-09 16:02:44.2523 INFO Начало запроса ресурса.
2014-11-09 16:02:44.9555 TRACE Ресурс успешно получен в поток.
2014-11-09 16:02:44.9555 INFO Content-Encoding неопределен, пробуем распаковать по заголовку ContentType:
2014-11-09 16:02:44.9555 TRACE Content-Type = 'application/zip'
2014-11-09 16:03:30.6674 TRACE Zip-архив успешно распакован.
2014-11-09 16:03:30.6810 INFO Получение каналов и тв-программы успешно завершено.
2014-11-09 16:03:35.9867 INFO Начало получения телеканалов с тв-программой
urid='http://www.teleguide.info/download/new3/inter-tv.zip';
outputfile='TGInterTVNew.txt'
2014-11-09 16:03:36.0033 TRACE Определен каталог для сохранения: 'H:\Projects\TVProgViewer\src\TVProgUpdater\TVProgUpdater\bin\Debug\2014-11-09'
2014-11-09 16:03:36.0033 INFO Начало запроса ресурса.
2014-11-09 16:03:37.0951 TRACE Ресурс успешно получен в поток.
2014-11-09 16:03:37.0951 INFO Content-Encoding неопределен, пробуем распаковать по заголовку ContentType:
2014-11-09 16:03:37.0951 TRACE Content-Type = 'application/zip'
2014-11-09 16:04:12.3724 TRACE Zip-архив успешно распакован.
2014-11-09 16:04:12.3773 INFO Получение каналов и тв-программы успешно завершено.
2014-11-09 16:08:27.0365 INFO Начало получения телеканалов с тв-программой
urid='http://www.teleguide.info/download/old/xmltv.xml.gz';
outputfile='TGXmlTvOld.xml'
2014-11-09 16:08:27.0736 TRACE Определен каталог для сохранения: 'H:\Projects\TVProgViewer\src\TVProgUpdater\TVProgUpdater\bin\Debug\2014-11-09'
2014-11-09 16:08:27.0736 INFO Начало запроса ресурса.
2014-11-09 16:08:28.2904 TRACE Ресурс успешно получен в поток.
2014-11-09 16:08:28.2904 INFO Content-Encoding неопределен, пробуем распаковать по заголовку ContentType:
2014-11-09 16:08:28.2904 TRACE Content-Type = 'application/octet-stream'
2014-11-09 16:09:04.1498 TRACE GZip-архив octet-stream успешно распакован.
2014-11-09 16:09:04.1498 INFO Получение каналов и тв-программы успешно завершено.
2014-11-09 16:18:25.7074 INFO Начало получения телеканалов с тв-программой
urid='http://www.teleguide.info/download/old/xmltv.xml.gz';
outputfile='TGXmlTvOld.xml'
2014-11-09 16:18:25.7631 TRACE Определен каталог для сохранения: 'H:\Projects\TVProgViewer\src\TVProgUpdater\TVProgUpdater\bin\Debug\2014-11-09'
2014-11-09 16:18:25.7631 INFO Начало запроса ресурса.
2014-11-09 16:18:26.5599 TRACE Ресурс успешно получен в поток.
2014-11-09 16:18:26.5638 INFO Content-Encoding неопределен, пробуем распаковать по заголовку ContentType:
2014-11-09 16:18:26.5638 TRACE Content-Type = 'application/octet-stream'
2014-11-09 16:19:04.1693 TRACE GZip-архив octet-stream успешно распакован.
2014-11-09 16:19:04.1693 INFO Получение каналов и тв-программы успешно завершено.
2014-11-09 16:33:49.7972 INFO Начало получения телеканалов с тв-программой
urid='http://www.teleguide.info/download/old/xmltv.xml.gz';
outputfile='TGXmlTvOld.xml'
2014-11-09 16:33:49.8256 TRACE Определен каталог для сохранения: 'H:\Projects\TVProgViewer\src\TVProgUpdater\TVProgUpdater\bin\Debug\2014-11-09'
2014-11-09 16:33:49.8285 INFO Начало запроса ресурса.
2014-11-09 16:33:50.6234 TRACE Ресурс успешно получен в поток.
2014-11-09 16:33:50.6273 INFO Content-Encoding неопределен, пробуем распаковать по заголовку ContentType:
2014-11-09 16:33:50.6273 TRACE Content-Type = 'application/octet-stream'
2014-11-09 16:34:33.3734 TRACE GZip-архив octet-stream успешно распакован.
2014-11-09 16:34:33.3754 INFO Получение каналов и тв-программы успешно завершено.
2014-11-09 16:42:09.0785 INFO Начало получения телеканалов с тв-программой
urid='http://www.teleguide.info/download/old/xmltv.xml.gz';
outputfile='TGXmlTvOld.xml'
2014-11-09 16:42:09.1117 TRACE Определен каталог для сохранения: 'H:\Projects\TVProgViewer\src\TVProgUpdater\TVProgUpdater\bin\Debug\2014-11-09'
2014-11-09 16:42:09.1117 INFO Получение каналов и тв-программы успешно завершено.
2014-11-09 16:45:44.3490 INFO Начало получения телеканалов с тв-программой
urid='http://www.teleguide.info/download/old/xmltv.xml.gz';
outputfile='TGXmlTvOld.xml'
2014-11-09 16:45:44.3851 TRACE Определен каталог для сохранения: 'H:\Projects\TVProgViewer\src\TVProgUpdater\TVProgUpdater\bin\Debug\2014-11-09'
2014-11-09 16:45:44.3851 INFO Получение каналов и тв-программы успешно завершено.
2014-11-09 16:47:24.6596 INFO Начало получения телеканалов с тв-программой
urid='http://www.teleguide.info/download/old/xmltv.xml.gz';
outputfile='TGXmlTvOld.xml'
2014-11-09 16:47:24.6908 TRACE Определен каталог для сохранения: 'H:\Projects\TVProgViewer\src\TVProgUpdater\TVProgUpdater\bin\Debug\2014-11-09'
2014-11-09 16:47:24.6908 INFO Получение каналов и тв-программы успешно завершено.
2014-11-09 16:48:10.8939 INFO Начало получения телеканалов с тв-программой
urid='http://www.teleguide.info/download/new3/xmltv.xml.gz';
outputfile='TGXmlTvNew.xml'
2014-11-09 16:48:10.8939 TRACE Определен каталог для сохранения: 'H:\Projects\TVProgViewer\src\TVProgUpdater\TVProgUpdater\bin\Debug\2014-11-09'
2014-11-09 16:48:10.9096 INFO Получение каналов и тв-программы успешно завершено.
2014-11-09 16:48:24.5629 INFO Начало получения телеканалов с тв-программой
urid='http://www.teleguide.info/download/old/inter-tv.zip';
outputfile='TGInterTVOld.txt'
2014-11-09 16:48:24.6254 TRACE Определен каталог для сохранения: 'H:\Projects\TVProgViewer\src\TVProgUpdater\TVProgUpdater\bin\Debug\2014-11-09'
2014-11-09 16:48:24.6254 INFO Получение каналов и тв-программы успешно завершено.
2014-11-09 16:52:57.4535 INFO Начало получения телеканалов с тв-программой
urid='http://www.teleguide.info/download/old/xmltv.xml.gz';
outputfile='TGXmlTvOld.xml'
2014-11-09 16:52:57.4974 TRACE Определен каталог для сохранения: 'H:\Projects\TVProgViewer\src\TVProgUpdater\TVProgUpdater\bin\Debug\2014-11-09'
2014-11-09 16:52:57.5013 INFO Получение каналов и тв-программы успешно завершено.
2014-11-09 16:53:06.1635 INFO Начало получения телеканалов с тв-программой
urid='http://www.teleguide.info/download/new3/xmltv.xml.gz';
outputfile='TGXmlTvNew.xml'
2014-11-09 16:53:06.1635 TRACE Определен каталог для сохранения: 'H:\Projects\TVProgViewer\src\TVProgUpdater\TVProgUpdater\bin\Debug\2014-11-09'
2014-11-09 16:53:06.1722 INFO Получение каналов и тв-программы успешно завершено.
2014-11-09 16:55:55.7972 INFO Начало получения телеканалов с тв-программой
urid='http://www.teleguide.info/download/old/xmltv.xml.gz';
outputfile='TGXmlTvOld.xml'
2014-11-09 16:55:55.8285 TRACE Определен каталог для сохранения: 'H:\Projects\TVProgViewer\src\TVProgUpdater\TVProgUpdater\bin\Debug\2014-11-09'
2014-11-09 16:55:55.8285 INFO Получение каналов и тв-программы успешно завершено.
2014-11-09 16:57:05.3783 INFO Начало получения телеканалов с тв-программой
urid='http://www.teleguide.info/download/old/xmltv.xml.gz';
outputfile='TGXmlTvOld.xml'
2014-11-09 16:57:05.4076 TRACE Определен каталог для сохранения: 'H:\Projects\TVProgViewer\src\TVProgUpdater\TVProgUpdater\bin\Debug\2014-11-09'
2014-11-09 16:57:05.4076 INFO Получение каналов и тв-программы успешно завершено.
2014-11-09 17:00:01.5629 INFO Начало получения телеканалов с тв-программой
urid='http://www.teleguide.info/download/old/xmltv.xml.gz';
outputfile='TGXmlTvOld.xml'
2014-11-09 17:00:01.5980 TRACE Определен каталог для сохранения: 'H:\Projects\TVProgViewer\src\TVProgUpdater\TVProgUpdater\bin\Debug\2014-11-09'
2014-11-09 17:00:01.5980 INFO Получение каналов и тв-программы успешно завершено.
2014-11-09 17:21:16.4086 INFO Начало получения телеканалов с тв-программой
urid='http://www.teleguide.info/download/old/xmltv.xml.gz';
outputfile='TGXmlTvOld.xml'
2014-11-09 17:21:16.5248 TRACE Определен каталог для сохранения: 'H:\Projects\TVProgViewer\src\TVProgUpdater\TVProgUpdater\bin\Debug\2014-11-09'
2014-11-09 17:21:16.5248 INFO Получение каналов и тв-программы успешно завершено.
2014-11-09 17:26:14.0502 INFO Начало получения телеканалов с тв-программой
urid='http://www.teleguide.info/download/old/xmltv.xml.gz';
outputfile='TGXmlTvOld.xml'
2014-11-09 17:26:14.0863 TRACE Определен каталог для сохранения: 'H:\Projects\TVProgViewer\src\TVProgUpdater\TVProgUpdater\bin\Debug\2014-11-09'
2014-11-09 17:26:14.0863 INFO Получение каналов и тв-программы успешно завершено.
2014-11-09 17:28:29.6722 INFO Начало получения телеканалов с тв-программой
urid='http://www.teleguide.info/download/old/xmltv.xml.gz';
outputfile='TGXmlTvOld.xml'
2014-11-09 17:28:29.7055 TRACE Определен каталог для сохранения: 'H:\Projects\TVProgViewer\src\TVProgUpdater\TVProgUpdater\bin\Debug\2014-11-09'
2014-11-09 17:28:29.7055 INFO Получение каналов и тв-программы успешно завершено.
2014-11-09 17:30:38.9076 INFO Начало получения телеканалов с тв-программой
urid='http://www.teleguide.info/download/new3/xmltv.xml.gz';
outputfile='TGXmlTvNew.xml'
2014-11-09 17:30:38.9418 TRACE Определен каталог для сохранения: 'H:\Projects\TVProgViewer\src\TVProgUpdater\TVProgUpdater\bin\Debug\2014-11-09'
2014-11-09 17:30:38.9418 INFO Получение каналов и тв-программы успешно завершено.
2014-11-09 17:36:20.6762 INFO Начало получения телеканалов с тв-программой
urid='http://www.teleguide.info/download/old/xmltv.xml.gz';
outputfile='TGXmlTvOld.xml'
2014-11-09 17:36:20.7328 TRACE Определен каталог для сохранения: 'H:\Projects\TVProgViewer\src\TVProgUpdater\TVProgUpdater\bin\Debug\2014-11-09'
2014-11-09 17:36:20.7347 INFO Получение каналов и тв-программы успешно завершено. Затрачено времени '0' секунд
2014-11-09 17:38:52.3910 INFO Начало получения телеканалов с тв-программой
urid='http://www.teleguide.info/download/old/xmltv.xml.gz';
outputfile='TGXmlTvOld.xml'
2014-11-09 17:38:52.4252 TRACE Определен каталог для сохранения: 'H:\Projects\TVProgViewer\src\TVProgUpdater\TVProgUpdater\bin\Debug\2014-11-09'
2014-11-09 17:38:52.4252 INFO Получение каналов и тв-программы успешно завершено. Затрачено времени '0,026' секунд
2014-11-09 17:39:12.3461 INFO Начало получения телеканалов с тв-программой
urid='http://www.teleguide.info/download/new3/xmltv.xml.gz';
outputfile='TGXmlTvNew.xml'
2014-11-09 17:39:12.3461 TRACE Определен каталог для сохранения: 'H:\Projects\TVProgViewer\src\TVProgUpdater\TVProgUpdater\bin\Debug\2014-11-09'
2014-11-09 17:39:12.3607 INFO Получение каналов и тв-программы успешно завершено. Затрачено времени '0,004' секунд
2014-11-09 17:39:48.0951 INFO Начало получения телеканалов с тв-программой
urid='http://www.teleguide.info/download/old/inter-tv.zip';
outputfile='TGInterTVOld.txt'
2014-11-09 17:39:48.0951 TRACE Определен каталог для сохранения: 'H:\Projects\TVProgViewer\src\TVProgUpdater\TVProgUpdater\bin\Debug\2014-11-09'
2014-11-09 17:39:48.0951 INFO Получение каналов и тв-программы успешно завершено. Затрачено времени '0,004' секунд
2014-11-09 17:40:06.1508 INFO Начало получения телеканалов с тв-программой
urid='http://www.teleguide.info/download/new3/inter-tv.zip';
outputfile='TGInterTVNew.txt'
2014-11-09 17:40:06.1596 TRACE Определен каталог для сохранения: 'H:\Projects\TVProgViewer\src\TVProgUpdater\TVProgUpdater\bin\Debug\2014-11-09'
2014-11-09 17:40:06.1596 INFO Получение каналов и тв-программы успешно завершено. Затрачено времени '0,004' секунд
2014-11-09 17:45:07.3949 INFO Начало получения телеканалов с тв-программой
urid='http://www.teleguide.info/download/old/xmltv.xml.gz';
outputfile='TGXmlTvOld.xml'
2014-11-09 17:45:07.4320 TRACE Определен каталог для сохранения: 'H:\Projects\TVProgViewer\src\TVProgUpdater\TVProgUpdater\bin\Debug\2014-11-09'
2014-11-09 17:45:07.4320 INFO Получение каналов и тв-программы успешно завершено. Затрачено времени '0,026' секунд
2014-11-09 17:45:07.4320 INFO Начало получения телеканалов с тв-программой
urid='http://www.teleguide.info/download/new3/xmltv.xml.gz';
outputfile='TGXmlTvNew.xml'
2014-11-09 17:45:07.4388 TRACE Определен каталог для сохранения: 'H:\Projects\TVProgViewer\src\TVProgUpdater\TVProgUpdater\bin\Debug\2014-11-09'
2014-11-09 17:45:07.4388 INFO Получение каналов и тв-программы успешно завершено. Затрачено времени '0,004' секунд
2014-11-09 17:45:07.4388 INFO Начало получения телеканалов с тв-программой
urid='http://www.teleguide.info/download/old/inter-tv.zip';
outputfile='TGInterTVOld.txt'
2014-11-09 17:45:07.4535 TRACE Определен каталог для сохранения: 'H:\Projects\TVProgViewer\src\TVProgUpdater\TVProgUpdater\bin\Debug\2014-11-09'
2014-11-09 17:45:07.4535 INFO Получение каналов и тв-программы успешно завершено. Затрачено времени '0,006' секунд
2014-11-09 17:46:11.9896 INFO Начало получения телеканалов с тв-программой
urid='http://www.teleguide.info/download/new3/inter-tv.zip';
outputfile='TGInterTVNew.txt'
2014-11-09 17:46:11.9896 TRACE Определен каталог для сохранения: 'H:\Projects\TVProgViewer\src\TVProgUpdater\TVProgUpdater\bin\Debug\2014-11-09'
2014-11-09 17:46:12.0023 INFO Получение каналов и тв-программы успешно завершено. Затрачено времени '0,004' секунд
2014-11-09 17:46:23.3471 INFO Начало получения телеканалов с тв-программой
urid='http://www.teleguide.info/download/old/xmltv.xml.gz';
outputfile='TGXmlTvOld.xml'
2014-11-09 17:46:23.4096 TRACE Определен каталог для сохранения: 'H:\Projects\TVProgViewer\src\TVProgUpdater\TVProgUpdater\bin\Debug\2014-11-09'
2014-11-09 17:46:23.4340 INFO Получение каналов и тв-программы успешно завершено. Затрачено времени '0,075' секунд
2014-11-09 17:46:23.4340 INFO Начало получения телеканалов с тв-программой
urid='http://www.teleguide.info/download/new3/xmltv.xml.gz';
outputfile='TGXmlTvNew.xml'
2014-11-09 17:46:23.4379 TRACE Определен каталог для сохранения: 'H:\Projects\TVProgViewer\src\TVProgUpdater\TVProgUpdater\bin\Debug\2014-11-09'
2014-11-09 17:46:23.4379 INFO Получение каналов и тв-программы успешно завершено. Затрачено времени '0,003' секунд
2014-11-09 17:46:23.4545 INFO Начало получения телеканалов с тв-программой
urid='http://www.teleguide.info/download/old/inter-tv.zip';
outputfile='TGInterTVOld.txt'
2014-11-09 17:46:23.4721 TRACE Определен каталог для сохранения: 'H:\Projects\TVProgViewer\src\TVProgUpdater\TVProgUpdater\bin\Debug\2014-11-09'
2014-11-09 17:46:23.4721 INFO Получение каналов и тв-программы успешно завершено. Затрачено времени '0,003' секунд
2014-11-09 17:46:28.6312 INFO Начало получения телеканалов с тв-программой
urid='http://www.teleguide.info/download/new3/inter-tv.zip';
outputfile='TGInterTVNew.txt'
2014-11-09 17:46:28.6439 TRACE Определен каталог для сохранения: 'H:\Projects\TVProgViewer\src\TVProgUpdater\TVProgUpdater\bin\Debug\2014-11-09'
2014-11-09 17:46:28.6439 INFO Получение каналов и тв-программы успешно завершено. Затрачено времени '0,006' секунд
2014-11-09 17:46:44.4388 INFO Начало получения телеканалов с тв-программой
urid='http://www.teleguide.info/download/old/xmltv.xml.gz';
outputfile='TGXmlTvOld.xml'
2014-11-09 17:46:44.4672 TRACE Определен каталог для сохранения: 'H:\Projects\TVProgViewer\src\TVProgUpdater\TVProgUpdater\bin\Debug\2014-11-09'
2014-11-09 17:46:44.4691 INFO Получение каналов и тв-программы успешно завершено. Затрачено времени '0,027' секунд
2014-11-09 17:46:44.4691 INFO Начало получения телеканалов с тв-программой
urid='http://www.teleguide.info/download/new3/xmltv.xml.gz';
outputfile='TGXmlTvNew.xml'
2014-11-09 17:46:44.4691 TRACE Определен каталог для сохранения: 'H:\Projects\TVProgViewer\src\TVProgUpdater\TVProgUpdater\bin\Debug\2014-11-09'
2014-11-09 17:46:44.4691 INFO Получение каналов и тв-программы успешно завершено. Затрачено времени '0,004' секунд
2014-11-09 17:46:44.4847 INFO Начало получения телеканалов с тв-программой
urid='http://www.teleguide.info/download/old/inter-tv.zip';
outputfile='TGInterTVOld.txt'
2014-11-09 17:46:44.4847 TRACE Определен каталог для сохранения: 'H:\Projects\TVProgViewer\src\TVProgUpdater\TVProgUpdater\bin\Debug\2014-11-09'
2014-11-09 17:46:44.4847 INFO Получение каналов и тв-программы успешно завершено. Затрачено времени '0,005' секунд
2014-11-09 17:46:49.5971 INFO Начало получения телеканалов с тв-программой
urid='http://www.teleguide.info/download/new3/inter-tv.zip';
outputfile='TGInterTVNew.txt'
2014-11-09 17:46:49.5971 TRACE Определен каталог для сохранения: 'H:\Projects\TVProgViewer\src\TVProgUpdater\TVProgUpdater\bin\Debug\2014-11-09'
2014-11-09 17:46:49.6117 INFO Получение каналов и тв-программы успешно завершено. Затрачено времени '0,004' секунд
2014-11-09 17:47:07.2699 INFO Начало получения телеканалов с тв-программой
urid='http://www.teleguide.info/download/old/xmltv.xml.gz';
outputfile='TGXmlTvOld.xml'
2014-11-09 17:47:07.3070 TRACE Определен каталог для сохранения: 'H:\Projects\TVProgViewer\src\TVProgUpdater\TVProgUpdater\bin\Debug\2014-11-09'
2014-11-09 17:47:07.3070 INFO Получение каналов и тв-программы успешно завершено. Затрачено времени '0,026' секунд
2014-11-09 17:47:07.3138 INFO Начало получения телеканалов с тв-программой
urid='http://www.teleguide.info/download/new3/xmltv.xml.gz';
outputfile='TGXmlTvNew.xml'
2014-11-09 17:47:07.3138 TRACE Определен каталог для сохранения: 'H:\Projects\TVProgViewer\src\TVProgUpdater\TVProgUpdater\bin\Debug\2014-11-09'
2014-11-09 17:47:07.3138 INFO Получение каналов и тв-программы успешно завершено. Затрачено времени '0,004' секунд
2014-11-09 17:47:07.3138 INFO Начало получения телеканалов с тв-программой
urid='http://www.teleguide.info/download/old/inter-tv.zip';
outputfile='TGInterTVOld.txt'
2014-11-09 17:47:07.3295 TRACE Определен каталог для сохранения: 'H:\Projects\TVProgViewer\src\TVProgUpdater\TVProgUpdater\bin\Debug\2014-11-09'
2014-11-09 17:47:07.3295 INFO Получение каналов и тв-программы успешно завершено. Затрачено времени '0,004' секунд
2014-11-09 17:47:11.6879 INFO Начало получения телеканалов с тв-программой
urid='http://www.teleguide.info/download/new3/inter-tv.zip';
outputfile='TGInterTVNew.txt'
2014-11-09 17:47:11.6879 TRACE Определен каталог для сохранения: 'H:\Projects\TVProgViewer\src\TVProgUpdater\TVProgUpdater\bin\Debug\2014-11-09'
2014-11-09 17:47:11.6879 INFO Получение каналов и тв-программы успешно завершено. Затрачено времени '0,005' секунд
2014-11-09 17:47:24.4271 INFO Начало получения телеканалов с тв-программой
urid='http://www.teleguide.info/download/old/xmltv.xml.gz';
outputfile='TGXmlTvOld.xml'
2014-11-09 17:47:24.4652 TRACE Определен каталог для сохранения: 'H:\Projects\TVProgViewer\src\TVProgUpdater\TVProgUpdater\bin\Debug\2014-11-09'
2014-11-09 17:47:24.4652 INFO Получение каналов и тв-программы успешно завершено. Затрачено времени '0,027' секунд
2014-11-09 17:47:24.4691 INFO Начало получения телеканалов с тв-программой
urid='http://www.teleguide.info/download/new3/xmltv.xml.gz';
outputfile='TGXmlTvNew.xml'
2014-11-09 17:47:24.4691 TRACE Определен каталог для сохранения: 'H:\Projects\TVProgViewer\src\TVProgUpdater\TVProgUpdater\bin\Debug\2014-11-09'
2014-11-09 17:47:24.4691 INFO Получение каналов и тв-программы успешно завершено. Затрачено времени '0,004' секунд
2014-11-09 17:47:24.4691 INFO Начало получения телеканалов с тв-программой
urid='http://www.teleguide.info/download/old/inter-tv.zip';
outputfile='TGInterTVOld.txt'
2014-11-09 17:47:24.4847 TRACE Определен каталог для сохранения: 'H:\Projects\TVProgViewer\src\TVProgUpdater\TVProgUpdater\bin\Debug\2014-11-09'
2014-11-09 17:47:24.4847 INFO Получение каналов и тв-программы успешно завершено. Затрачено времени '0,005' секунд
2014-11-09 17:47:52.1722 INFO Начало получения телеканалов с тв-программой
urid='http://www.teleguide.info/download/new3/inter-tv.zip';
outputfile='TGInterTVNew.txt'
2014-11-09 17:47:52.1722 TRACE Определен каталог для сохранения: 'H:\Projects\TVProgViewer\src\TVProgUpdater\TVProgUpdater\bin\Debug\2014-11-09'
2014-11-09 17:47:52.1722 INFO Получение каналов и тв-программы успешно завершено. Затрачено времени '0,003' секунд
2014-11-09 17:48:09.1752 INFO Начало получения телеканалов с тв-программой
urid='http://www.teleguide.info/download/old/xmltv.xml.gz';
outputfile='TGXmlTvOld.xml'
2014-11-09 17:48:09.2123 TRACE Определен каталог для сохранения: 'H:\Projects\TVProgViewer\src\TVProgUpdater\TVProgUpdater\bin\Debug\2014-11-09'
2014-11-09 17:48:09.2123 INFO Получение каналов и тв-программы успешно завершено. Затрачено времени '0,026' секунд
2014-11-09 17:48:09.2123 INFO Начало получения телеканалов с тв-программой
urid='http://www.teleguide.info/download/new3/xmltv.xml.gz';
outputfile='TGXmlTvNew.xml'
2014-11-09 17:48:09.2201 TRACE Определен каталог для сохранения: 'H:\Projects\TVProgViewer\src\TVProgUpdater\TVProgUpdater\bin\Debug\2014-11-09'
2014-11-09 17:48:09.2201 INFO Получение каналов и тв-программы успешно завершено. Затрачено времени '0,008' секунд
2014-11-09 17:48:09.2347 INFO Начало получения телеканалов с тв-программой
urid='http://www.teleguide.info/download/old/inter-tv.zip';
outputfile='TGInterTVOld.txt'
2014-11-09 17:48:09.2347 TRACE Определен каталог для сохранения: 'H:\Projects\TVProgViewer\src\TVProgUpdater\TVProgUpdater\bin\Debug\2014-11-09'
2014-11-09 17:48:09.2347 INFO Получение каналов и тв-программы успешно завершено. Затрачено времени '0,004' секунд
2014-11-09 17:49:16.3129 INFO Начало получения телеканалов с тв-программой
urid='http://www.teleguide.info/download/new3/inter-tv.zip';
outputfile='TGInterTVNew.txt'
2014-11-09 17:49:16.3129 TRACE Определен каталог для сохранения: 'H:\Projects\TVProgViewer\src\TVProgUpdater\TVProgUpdater\bin\Debug\2014-11-09'
2014-11-09 17:49:16.3305 INFO Получение каналов и тв-программы успешно завершено. Затрачено времени '0,01' секунд
2014-11-09 17:50:31.3021 INFO Начало получения телеканалов с тв-программой
urid='http://www.teleguide.info/download/old/xmltv.xml.gz';
outputfile='TGXmlTvOld.xml'
2014-11-09 17:50:31.3392 TRACE Определен каталог для сохранения: 'H:\Projects\TVProgViewer\src\TVProgUpdater\TVProgUpdater\bin\Debug\2014-11-09'
2014-11-09 17:50:31.3392 INFO Получение каналов и тв-программы успешно завершено. Затрачено времени '0,026' секунд
2014-11-09 17:50:31.3441 INFO Начало получения телеканалов с тв-программой
urid='http://www.teleguide.info/download/new3/xmltv.xml.gz';
outputfile='TGXmlTvNew.xml'
2014-11-09 17:50:31.3441 TRACE Определен каталог для сохранения: 'H:\Projects\TVProgViewer\src\TVProgUpdater\TVProgUpdater\bin\Debug\2014-11-09'
2014-11-09 17:50:31.3441 INFO Получение каналов и тв-программы успешно завершено. Затрачено времени '0,003' секунд
2014-11-09 17:50:31.3441 INFO Начало получения телеканалов с тв-программой
urid='http://www.teleguide.info/download/old/inter-tv.zip';
outputfile='TGInterTVOld.txt'
2014-11-09 17:50:31.3597 TRACE Определен каталог для сохранения: 'H:\Projects\TVProgViewer\src\TVProgUpdater\TVProgUpdater\bin\Debug\2014-11-09'
2014-11-09 17:50:31.3754 INFO Получение каналов и тв-программы успешно завершено. Затрачено времени '0,004' секунд
2014-11-09 17:50:35.6986 INFO Начало получения телеканалов с тв-программой
urid='http://www.teleguide.info/download/new3/inter-tv.zip';
outputfile='TGInterTVNew.txt'
2014-11-09 17:50:35.7064 TRACE Определен каталог для сохранения: 'H:\Projects\TVProgViewer\src\TVProgUpdater\TVProgUpdater\bin\Debug\2014-11-09'
2014-11-09 17:50:35.7064 INFO Получение каналов и тв-программы успешно завершено. Затрачено времени '0,004' секунд
2014-11-09 17:51:16.7504 INFO Начало получения телеканалов с тв-программой
urid='http://www.teleguide.info/download/old/xmltv.xml.gz';
outputfile='TGXmlTvOld.xml'
2014-11-09 17:51:16.7855 TRACE Определен каталог для сохранения: 'H:\Projects\TVProgViewer\src\TVProgUpdater\TVProgUpdater\bin\Debug\2014-11-09'
2014-11-09 17:51:16.7855 INFO Получение каналов и тв-программы успешно завершено. Затрачено времени '0,027' секунд
2014-11-09 17:51:16.7855 INFO Начало получения телеканалов с тв-программой
urid='http://www.teleguide.info/download/new3/xmltv.xml.gz';
outputfile='TGXmlTvNew.xml'
2014-11-09 17:51:16.7972 TRACE Определен каталог для сохранения: 'H:\Projects\TVProgViewer\src\TVProgUpdater\TVProgUpdater\bin\Debug\2014-11-09'
2014-11-09 17:51:16.7972 INFO Получение каналов и тв-программы успешно завершено. Затрачено времени '0,005' секунд
2014-11-09 17:51:16.7972 INFO Начало получения телеканалов с тв-программой
urid='http://www.teleguide.info/download/old/inter-tv.zip';
outputfile='TGInterTVOld.txt'
2014-11-09 17:51:16.8178 TRACE Определен каталог для сохранения: 'H:\Projects\TVProgViewer\src\TVProgUpdater\TVProgUpdater\bin\Debug\2014-11-09'
2014-11-09 17:51:16.8178 INFO Получение каналов и тв-программы успешно завершено. Затрачено времени '0,005' секунд
2014-11-09 18:01:07.6430 INFO Начало получения телеканалов с тв-программой
urid='http://www.teleguide.info/download/new3/inter-tv.zip';
outputfile='TGInterTVNew.txt'
2014-11-09 18:01:07.6586 TRACE Определен каталог для сохранения: 'H:\Projects\TVProgViewer\src\TVProgUpdater\TVProgUpdater\bin\Debug\2014-11-09'
2014-11-09 18:01:07.6586 INFO Получение каналов и тв-программы успешно завершено. Затрачено времени '0,002' секунд
2014-11-09 18:01:14.5482 INFO Начало получения телеканалов с тв-программой
urid='http://www.teleguide.info/download/old/xmltv.xml.gz';
outputfile='TGXmlTvOld.xml'
2014-11-09 18:01:14.5785 TRACE Определен каталог для сохранения: 'H:\Projects\TVProgViewer\src\TVProgUpdater\TVProgUpdater\bin\Debug\2014-11-09'
2014-11-09 18:01:14.5785 INFO Получение каналов и тв-программы успешно завершено. Затрачено времени '0,029' секунд
2014-11-09 18:01:14.5785 INFO Начало получения телеканалов с тв-программой
urid='http://www.teleguide.info/download/new3/xmltv.xml.gz';
outputfile='TGXmlTvNew.xml'
2014-11-09 18:01:14.5785 TRACE Определен каталог для сохранения: 'H:\Projects\TVProgViewer\src\TVProgUpdater\TVProgUpdater\bin\Debug\2014-11-09'
2014-11-09 18:01:14.5785 INFO Получение каналов и тв-программы успешно завершено. Затрачено времени '0,004' секунд
2014-11-09 18:01:14.5971 INFO Начало получения телеканалов с тв-программой
urid='http://www.teleguide.info/download/old/inter-tv.zip';
outputfile='TGInterTVOld.txt'
2014-11-09 18:01:14.6263 TRACE Определен каталог для сохранения: 'H:\Projects\TVProgViewer\src\TVProgUpdater\TVProgUpdater\bin\Debug\2014-11-09'
2014-11-09 18:01:14.6263 INFO Получение каналов и тв-программы успешно завершено. Затрачено времени '0,005' секунд
2014-11-09 18:02:32.7191 INFO Начало получения телеканалов с тв-программой
urid='http://www.teleguide.info/download/new3/inter-tv.zip';
outputfile='TGInterTVNew.txt'
2014-11-09 18:02:32.7191 TRACE Определен каталог для сохранения: 'H:\Projects\TVProgViewer\src\TVProgUpdater\TVProgUpdater\bin\Debug\2014-11-09'
2014-11-09 18:02:32.7699 INFO Получение каналов и тв-программы успешно завершено. Затрачено времени '0,043' секунд
2014-11-09 18:05:45.0805 INFO Начало получения телеканалов с тв-программой
urid='http://www.teleguide.info/download/old/xmltv.xml.gz';
outputfile='TGXmlTvOld.xml'
2014-11-09 18:05:45.1263 TRACE Определен каталог для сохранения: 'H:\Projects\TVProgViewer\src\TVProgUpdater\TVProgUpdater\bin\Debug\2014-11-09'
2014-11-09 18:05:45.1263 INFO Получение каналов и тв-программы успешно завершено. Затрачено времени '0,03' секунд
2014-11-09 18:05:45.1263 INFO Начало получения телеканалов с тв-программой
urid='http://www.teleguide.info/download/new3/xmltv.xml.gz';
outputfile='TGXmlTvNew.xml'
2014-11-09 18:05:45.1263 TRACE Определен каталог для сохранения: 'H:\Projects\TVProgViewer\src\TVProgUpdater\TVProgUpdater\bin\Debug\2014-11-09'
2014-11-09 18:05:45.1263 INFO Получение каналов и тв-программы успешно завершено. Затрачено времени '0,004' секунд
2014-11-09 18:05:45.1410 INFO Начало получения телеканалов с тв-программой
urid='http://www.teleguide.info/download/old/inter-tv.zip';
outputfile='TGInterTVOld.txt'
2014-11-09 18:05:45.1596 TRACE Определен каталог для сохранения: 'H:\Projects\TVProgViewer\src\TVProgUpdater\TVProgUpdater\bin\Debug\2014-11-09'
2014-11-09 18:05:45.1596 INFO Получение каналов и тв-программы успешно завершено. Затрачено времени '0,006' секунд
2014-11-09 18:08:13.0971 INFO Начало получения телеканалов с тв-программой
urid='http://www.teleguide.info/download/old/xmltv.xml.gz';
outputfile='TGXmlTvOld.xml'
2014-11-09 18:08:13.1293 TRACE Определен каталог для сохранения: 'H:\Projects\TVProgViewer\src\TVProgUpdater\TVProgUpdater\bin\Debug\2014-11-09'
2014-11-09 18:08:13.1293 INFO Получение каналов и тв-программы успешно завершено. Затрачено времени '0,03' секунд
2014-11-09 18:08:13.1293 INFO Начало получения телеканалов с тв-программой
urid='http://www.teleguide.info/download/new3/xmltv.xml.gz';
outputfile='TGXmlTvNew.xml'
2014-11-09 18:08:13.1293 TRACE Определен каталог для сохранения: 'H:\Projects\TVProgViewer\src\TVProgUpdater\TVProgUpdater\bin\Debug\2014-11-09'
2014-11-09 18:08:13.1410 INFO Получение каналов и тв-программы успешно завершено. Затрачено времени '0,005' секунд
2014-11-09 18:08:13.1410 INFO Начало получения телеканалов с тв-программой
urid='http://www.teleguide.info/download/old/inter-tv.zip';
outputfile='TGInterTVOld.txt'
2014-11-09 18:08:13.1615 TRACE Определен каталог для сохранения: 'H:\Projects\TVProgViewer\src\TVProgUpdater\TVProgUpdater\bin\Debug\2014-11-09'
2014-11-09 18:08:13.1615 INFO Получение каналов и тв-программы успешно завершено. Затрачено времени '0,005' секунд
2014-11-09 18:22:37.2221 INFO Начало получения телеканалов с тв-программой
urid='http://www.teleguide.info/download/old/xmltv.xml.gz';
outputfile='TGXmlTvOld.xml'
2014-11-09 18:22:37.2494 TRACE Определен каталог для сохранения: 'H:\Projects\TVProgViewer\src\TVProgUpdater\TVProgUpdater\bin\Debug\2014-11-09'
2014-11-09 18:22:37.2504 INFO Получение каналов и тв-программы успешно завершено. Затрачено времени '0,026' секунд
2014-11-09 18:22:37.2504 INFO Начало получения телеканалов с тв-программой
urid='http://www.teleguide.info/download/new3/xmltv.xml.gz';
outputfile='TGXmlTvNew.xml'
2014-11-09 18:22:37.2504 TRACE Определен каталог для сохранения: 'H:\Projects\TVProgViewer\src\TVProgUpdater\TVProgUpdater\bin\Debug\2014-11-09'
2014-11-09 18:22:37.2504 INFO Получение каналов и тв-программы успешно завершено. Затрачено времени '0,004' секунд
2014-11-09 18:22:37.2680 INFO Начало получения телеканалов с тв-программой
urid='http://www.teleguide.info/download/old/inter-tv.zip';
outputfile='TGInterTVOld.txt'
2014-11-09 18:22:37.2680 TRACE Определен каталог для сохранения: 'H:\Projects\TVProgViewer\src\TVProgUpdater\TVProgUpdater\bin\Debug\2014-11-09'
2014-11-09 18:22:37.2816 INFO Получение каналов и тв-программы успешно завершено. Затрачено времени '0,004' секунд
2014-11-09 18:23:06.5482 INFO Начало получения телеканалов с тв-программой
urid='http://www.teleguide.info/download/old/xmltv.xml.gz';
outputfile='TGXmlTvOld.xml'
2014-11-09 18:23:06.5824 TRACE Определен каталог для сохранения: 'H:\Projects\TVProgViewer\src\TVProgUpdater\TVProgUpdater\bin\Debug\2014-11-09'
2014-11-09 18:23:06.5824 INFO Получение каналов и тв-программы успешно завершено. Затрачено времени '0,027' секунд
2014-11-09 18:24:35.0707 INFO Начало получения телеканалов с тв-программой
urid='http://www.teleguide.info/download/new3/xmltv.xml.gz';
outputfile='TGXmlTvNew.xml'
2014-11-09 18:24:35.0707 TRACE Определен каталог для сохранения: 'H:\Projects\TVProgViewer\src\TVProgUpdater\TVProgUpdater\bin\Debug\2014-11-09'
2014-11-09 18:24:35.0785 INFO Получение каналов и тв-программы успешно завершено. Затрачено времени '0,003' секунд
2014-11-09 18:24:37.8783 INFO Начало получения телеканалов с тв-программой
urid='http://www.teleguide.info/download/old/inter-tv.zip';
outputfile='TGInterTVOld.txt'
2014-11-09 18:24:37.8930 TRACE Определен каталог для сохранения: 'H:\Projects\TVProgViewer\src\TVProgUpdater\TVProgUpdater\bin\Debug\2014-11-09'
2014-11-09 18:24:37.8930 INFO Получение каналов и тв-программы успешно завершено. Затрачено времени '0,004' секунд
2014-11-09 18:25:31.5472 INFO Начало получения телеканалов с тв-программой
urid='http://www.teleguide.info/download/old/xmltv.xml.gz';
outputfile='TGXmlTvOld.xml'
2014-11-09 18:25:31.5756 TRACE Определен каталог для сохранения: 'H:\Projects\TVProgViewer\src\TVProgUpdater\TVProgUpdater\bin\Debug\2014-11-09'
2014-11-09 18:25:31.5785 INFO Получение каналов и тв-программы успешно завершено. Затрачено времени '0,027' секунд
2014-11-09 18:25:33.8207 INFO Начало получения телеканалов с тв-программой
urid='http://www.teleguide.info/download/new3/xmltv.xml.gz';
outputfile='TGXmlTvNew.xml'
2014-11-09 18:25:33.8207 TRACE Определен каталог для сохранения: 'H:\Projects\TVProgViewer\src\TVProgUpdater\TVProgUpdater\bin\Debug\2014-11-09'
2014-11-09 18:25:33.8295 INFO Получение каналов и тв-программы успешно завершено. Затрачено времени '0,006' секунд
2014-11-09 18:25:36.2035 INFO Начало получения телеканалов с тв-программой
urid='http://www.teleguide.info/download/old/inter-tv.zip';
outputfile='TGInterTVOld.txt'
2014-11-09 18:25:36.2035 TRACE Определен каталог для сохранения: 'H:\Projects\TVProgViewer\src\TVProgUpdater\TVProgUpdater\bin\Debug\2014-11-09'
2014-11-09 18:25:36.2191 INFO Получение каналов и тв-программы успешно завершено. Затрачено времени '0,005' секунд
2014-11-09 18:28:08.5961 INFO Начало получения телеканалов с тв-программой
urid='http://www.teleguide.info/download/old/xmltv.xml.gz';
outputfile='TGXmlTvOld.xml'
2014-11-09 18:28:08.6342 TRACE Определен каталог для сохранения: 'H:\Projects\TVProgViewer\src\TVProgUpdater\TVProgUpdater\bin\Debug\2014-11-09'
2014-11-09 18:28:08.6342 INFO Получение каналов и тв-программы успешно завершено. Затрачено времени '0,026' секунд
2014-11-09 18:28:10.8207 INFO Начало получения телеканалов с тв-программой
urid='http://www.teleguide.info/download/new3/xmltv.xml.gz';
outputfile='TGXmlTvNew.xml'
2014-11-09 18:28:10.8207 TRACE Определен каталог для сохранения: 'H:\Projects\TVProgViewer\src\TVProgUpdater\TVProgUpdater\bin\Debug\2014-11-09'
2014-11-09 18:28:10.8295 INFO Получение каналов и тв-программы успешно завершено. Затрачено времени '0,004' секунд
2014-11-09 18:28:13.1449 INFO Начало получения телеканалов с тв-программой
urid='http://www.teleguide.info/download/old/inter-tv.zip';
outputfile='TGInterTVOld.txt'
2014-11-09 18:28:13.1449 TRACE Определен каталог для сохранения: 'H:\Projects\TVProgViewer\src\TVProgUpdater\TVProgUpdater\bin\Debug\2014-11-09'
2014-11-09 18:28:13.1576 INFO Получение каналов и тв-программы успешно завершено. Затрачено времени '0,004' секунд
2014-11-09 18:30:35.5805 INFO Начало получения телеканалов с тв-программой
urid='http://www.teleguide.info/download/old/xmltv.xml.gz';
outputfile='TGXmlTvOld.xml'
2014-11-09 18:30:35.6078 TRACE Определен каталог для сохранения: 'H:\Projects\TVProgViewer\src\TVProgUpdater\TVProgUpdater\bin\Debug\2014-11-09'
2014-11-09 18:30:35.6097 INFO Получение каналов и тв-программы успешно завершено. Затрачено времени '0,026' секунд
2014-11-09 18:30:37.8851 INFO Начало получения телеканалов с тв-программой
urid='http://www.teleguide.info/download/new3/xmltv.xml.gz';
outputfile='TGXmlTvNew.xml'
2014-11-09 18:30:37.8851 TRACE Определен каталог для сохранения: 'H:\Projects\TVProgViewer\src\TVProgUpdater\TVProgUpdater\bin\Debug\2014-11-09'
2014-11-09 18:30:37.8939 INFO Получение каналов и тв-программы успешно завершено. Затрачено времени '0,004' секунд
2014-11-09 18:30:40.2660 INFO Начало получения телеканалов с тв-программой
urid='http://www.teleguide.info/download/old/inter-tv.zip';
outputfile='TGInterTVOld.txt'
2014-11-09 18:30:40.2660 TRACE Определен каталог для сохранения: 'H:\Projects\TVProgViewer\src\TVProgUpdater\TVProgUpdater\bin\Debug\2014-11-09'
2014-11-09 18:30:40.2660 INFO Получение каналов и тв-программы успешно завершено. Затрачено времени '0,004' секунд
2014-11-09 18:35:25.6879 INFO Начало получения телеканалов с тв-программой
urid='http://www.teleguide.info/download/old/xmltv.xml.gz';
outputfile='TGXmlTvOld.xml'
2014-11-09 18:35:25.7152 TRACE Определен каталог для сохранения: 'H:\Projects\TVProgViewer\src\TVProgUpdater\TVProgUpdater\bin\Debug\2014-11-09'
2014-11-09 18:35:25.7152 INFO Получение каналов и тв-программы успешно завершено. Затрачено времени '0,026' секунд
2014-11-09 18:35:27.9535 INFO Начало получения телеканалов с тв-программой
urid='http://www.teleguide.info/download/new3/xmltv.xml.gz';
outputfile='TGXmlTvNew.xml'
2014-11-09 18:35:27.9535 TRACE Определен каталог для сохранения: 'H:\Projects\TVProgViewer\src\TVProgUpdater\TVProgUpdater\bin\Debug\2014-11-09'
2014-11-09 18:35:27.9535 INFO Получение каналов и тв-программы успешно завершено. Затрачено времени '0,004' секунд
2014-11-09 18:35:30.3138 INFO Начало получения телеканалов с тв-программой
urid='http://www.teleguide.info/download/old/inter-tv.zip';
outputfile='TGInterTVOld.txt'
2014-11-09 18:35:30.3138 TRACE Определен каталог для сохранения: 'H:\Projects\TVProgViewer\src\TVProgUpdater\TVProgUpdater\bin\Debug\2014-11-09'
2014-11-09 18:35:30.3138 INFO Получение каналов и тв-программы успешно завершено. Затрачено времени '0,004' секунд
2014-11-09 18:37:51.8012 INFO Начало получения телеканалов с тв-программой
urid='http://www.teleguide.info/download/old/xmltv.xml.gz';
outputfile='TGXmlTvOld.xml'
2014-11-09 18:37:51.8383 TRACE Определен каталог для сохранения: 'H:\Projects\TVProgViewer\src\TVProgUpdater\TVProgUpdater\bin\Debug\2014-11-09'
2014-11-09 18:37:51.8383 INFO Получение каналов и тв-программы успешно завершено. Затрачено времени '0,026' секунд
2014-11-09 18:37:54.0863 INFO Начало получения телеканалов с тв-программой
urid='http://www.teleguide.info/download/new3/xmltv.xml.gz';
outputfile='TGXmlTvNew.xml'
2014-11-09 18:37:54.0863 TRACE Определен каталог для сохранения: 'H:\Projects\TVProgViewer\src\TVProgUpdater\TVProgUpdater\bin\Debug\2014-11-09'
2014-11-09 18:37:54.0961 INFO Получение каналов и тв-программы успешно завершено. Затрачено времени '0,004' секунд
2014-11-09 18:37:56.4545 INFO Начало получения телеканалов с тв-программой
urid='http://www.teleguide.info/download/old/inter-tv.zip';
outputfile='TGInterTVOld.txt'
2014-11-09 18:37:56.4545 TRACE Определен каталог для сохранения: 'H:\Projects\TVProgViewer\src\TVProgUpdater\TVProgUpdater\bin\Debug\2014-11-09'
2014-11-09 18:37:56.4691 INFO Получение каналов и тв-программы успешно завершено. Затрачено времени '0,005' секунд
2014-11-09 18:38:47.9847 INFO Начало получения телеканалов с тв-программой
urid='http://www.teleguide.info/download/old/xmltv.xml.gz';
outputfile='TGXmlTvOld.xml'
2014-11-09 18:38:48.0199 TRACE Определен каталог для сохранения: 'H:\Projects\TVProgViewer\src\TVProgUpdater\TVProgUpdater\bin\Debug\2014-11-09'
2014-11-09 18:38:48.0199 INFO Получение каналов и тв-программы успешно завершено. Затрачено времени '0,026' секунд
2014-11-09 18:38:50.2748 INFO Начало получения телеканалов с тв-программой
urid='http://www.teleguide.info/download/new3/xmltv.xml.gz';
outputfile='TGXmlTvNew.xml'
2014-11-09 18:38:50.2748 TRACE Определен каталог для сохранения: 'H:\Projects\TVProgViewer\src\TVProgUpdater\TVProgUpdater\bin\Debug\2014-11-09'
2014-11-09 18:38:50.2846 INFO Получение каналов и тв-программы успешно завершено. Затрачено времени '0,005' секунд
2014-11-09 18:38:52.7553 INFO Начало получения телеканалов с тв-программой
urid='http://www.teleguide.info/download/old/inter-tv.zip';
outputfile='TGInterTVOld.txt'
2014-11-09 18:38:52.7553 TRACE Определен каталог для сохранения: 'H:\Projects\TVProgViewer\src\TVProgUpdater\TVProgUpdater\bin\Debug\2014-11-09'
2014-11-09 18:38:52.7660 INFO Получение каналов и тв-программы успешно завершено. Затрачено времени '0,003' секунд
2014-11-09 18:51:28.1918 INFO Начало получения телеканалов с тв-программой
urid='http://www.teleguide.info/download/old/xmltv.xml.gz';
outputfile='TGXmlTvOld.xml'
2014-11-09 18:51:28.2191 TRACE Определен каталог для сохранения: 'H:\Projects\TVProgViewer\src\TVProgUpdater\TVProgUpdater\bin\Debug\2014-11-09'
2014-11-09 18:51:28.2191 INFO Получение каналов и тв-программы успешно завершено. Затрачено времени '0,026' секунд
2014-11-09 18:51:30.4301 INFO Начало получения телеканалов с тв-программой
urid='http://www.teleguide.info/download/new3/xmltv.xml.gz';
outputfile='TGXmlTvNew.xml'
2014-11-09 18:51:30.4301 TRACE Определен каталог для сохранения: 'H:\Projects\TVProgViewer\src\TVProgUpdater\TVProgUpdater\bin\Debug\2014-11-09'
2014-11-09 18:51:30.4388 INFO Получение каналов и тв-программы успешно завершено. Затрачено времени '0,004' секунд
2014-11-09 18:51:33.1986 INFO Начало получения телеканалов с тв-программой
urid='http://www.teleguide.info/download/old/inter-tv.zip';
outputfile='TGInterTVOld.txt'
2014-11-09 18:51:33.2084 TRACE Определен каталог для сохранения: 'H:\Projects\TVProgViewer\src\TVProgUpdater\TVProgUpdater\bin\Debug\2014-11-09'
2014-11-09 18:51:33.2084 INFO Получение каналов и тв-программы успешно завершено. Затрачено времени '0,004' секунд
2014-11-09 18:59:43.0160 INFO Начало получения телеканалов с тв-программой
urid='http://www.teleguide.info/download/old/xmltv.xml.gz';
outputfile='TGXmlTvOld.xml'
2014-11-09 18:59:43.0512 TRACE Определен каталог для сохранения: 'H:\Projects\TVProgViewer\src\TVProgUpdater\TVProgUpdater\bin\Debug\2014-11-09'
2014-11-09 18:59:43.0512 INFO Получение каналов и тв-программы успешно завершено. Затрачено времени '0,025' секунд
2014-11-09 18:59:45.9691 INFO Начало получения телеканалов с тв-программой
urid='http://www.teleguide.info/download/new3/xmltv.xml.gz';
outputfile='TGXmlTvNew.xml'
2014-11-09 18:59:45.9691 TRACE Определен каталог для сохранения: 'H:\Projects\TVProgViewer\src\TVProgUpdater\TVProgUpdater\bin\Debug\2014-11-09'
2014-11-09 18:59:45.9691 INFO Получение каналов и тв-программы успешно завершено. Затрачено времени '0,004' секунд
2014-11-09 18:59:48.4789 INFO Начало получения телеканалов с тв-программой
urid='http://www.teleguide.info/download/old/inter-tv.zip';
outputfile='TGInterTVOld.txt'
2014-11-09 18:59:48.4906 TRACE Определен каталог для сохранения: 'H:\Projects\TVProgViewer\src\TVProgUpdater\TVProgUpdater\bin\Debug\2014-11-09'
2014-11-09 18:59:48.4906 INFO Получение каналов и тв-программы успешно завершено. Затрачено времени '0,005' секунд
2014-11-09 19:00:07.7377 INFO Начало получения телеканалов с тв-программой
urid='http://www.teleguide.info/download/old/xmltv.xml.gz';
outputfile='TGXmlTvOld.xml'
2014-11-09 19:00:07.7660 TRACE Определен каталог для сохранения: 'H:\Projects\TVProgViewer\src\TVProgUpdater\TVProgUpdater\bin\Debug\2014-11-09'
2014-11-09 19:00:07.7660 INFO Получение каналов и тв-программы успешно завершено. Затрачено времени '0,026' секунд
2014-11-09 19:00:10.1293 INFO Начало получения телеканалов с тв-программой
urid='http://www.teleguide.info/download/new3/xmltv.xml.gz';
outputfile='TGXmlTvNew.xml'
2014-11-09 19:00:10.1293 TRACE Определен каталог для сохранения: 'H:\Projects\TVProgViewer\src\TVProgUpdater\TVProgUpdater\bin\Debug\2014-11-09'
2014-11-09 19:00:10.1410 INFO Получение каналов и тв-программы успешно завершено. Затрачено времени '0,003' секунд
2014-11-09 19:00:13.0072 INFO Начало получения телеканалов с тв-программой
urid='http://www.teleguide.info/download/old/inter-tv.zip';
outputfile='TGInterTVOld.txt'
2014-11-09 19:00:13.0072 TRACE Определен каталог для сохранения: 'H:\Projects\TVProgViewer\src\TVProgUpdater\TVProgUpdater\bin\Debug\2014-11-09'
2014-11-09 19:00:13.0170 INFO Получение каналов и тв-программы успешно завершено. Затрачено времени '0,003' секунд
2014-11-09 19:00:30.4096 INFO Начало получения телеканалов с тв-программой
urid='http://www.teleguide.info/download/old/xmltv.xml.gz';
outputfile='TGXmlTvOld.xml'
2014-11-09 19:00:30.4467 TRACE Определен каталог для сохранения: 'H:\Projects\TVProgViewer\src\TVProgUpdater\TVProgUpdater\bin\Debug\2014-11-09'
2014-11-09 19:00:30.4467 INFO Получение каналов и тв-программы успешно завершено. Затрачено времени '0,026' секунд
2014-11-09 19:01:03.8285 INFO Начало получения телеканалов с тв-программой
urid='http://www.teleguide.info/download/old/xmltv.xml.gz';
outputfile='TGXmlTvOld.xml'
2014-11-09 19:01:03.8646 TRACE Определен каталог для сохранения: 'H:\Projects\TVProgViewer\src\TVProgUpdater\TVProgUpdater\bin\Debug\2014-11-09'
2014-11-09 19:01:03.8646 INFO Получение каналов и тв-программы успешно завершено. Затрачено времени '0,028' секунд
2014-11-09 19:04:47.5053 INFO Начало получения телеканалов с тв-программой
urid='http://www.teleguide.info/download/old/xmltv.xml.gz';
outputfile='TGXmlTvOld.xml'
2014-11-09 19:04:47.5336 TRACE Определен каталог для сохранения: 'H:\Projects\TVProgViewer\src\TVProgUpdater\TVProgUpdater\bin\Debug\2014-11-09'
2014-11-09 19:04:47.5336 INFO Получение каналов и тв-программы успешно завершено. Затрачено времени '0,028' секунд
2014-11-09 19:06:11.6303 INFO Начало получения телеканалов с тв-программой
urid='http://www.teleguide.info/download/old/xmltv.xml.gz';
outputfile='TGXmlTvOld.xml'
2014-11-09 19:06:11.6576 TRACE Определен каталог для сохранения: 'H:\Projects\TVProgViewer\src\TVProgUpdater\TVProgUpdater\bin\Debug\2014-11-09'
2014-11-09 19:06:11.6576 INFO Получение каналов и тв-программы успешно завершено. Затрачено времени '0,026' секунд
2014-11-09 19:09:13.2513 INFO Начало получения телеканалов с тв-программой
urid='http://www.teleguide.info/download/old/xmltv.xml.gz';
outputfile='TGXmlTvOld.xml'
2014-11-09 19:09:13.2787 TRACE Определен каталог для сохранения: 'H:\Projects\TVProgViewer\src\TVProgUpdater\TVProgUpdater\bin\Debug\2014-11-09'
2014-11-09 19:09:13.2787 INFO Получение каналов и тв-программы успешно завершено. Затрачено времени '0,026' секунд
2014-11-09 19:10:05.1459 INFO Начало получения телеканалов с тв-программой
urid='http://www.teleguide.info/download/old/xmltv.xml.gz';
outputfile='TGXmlTvOld.xml'
2014-11-09 19:10:05.1830 TRACE Определен каталог для сохранения: 'H:\Projects\TVProgViewer\src\TVProgUpdater\TVProgUpdater\bin\Debug\2014-11-09'
2014-11-09 19:10:05.1879 INFO Получение каналов и тв-программы успешно завершено. Затрачено времени '0,029' секунд
2014-11-09 19:10:25.8178 INFO Начало получения телеканалов с тв-программой
urid='http://www.teleguide.info/download/old/xmltv.xml.gz';
outputfile='TGXmlTvOld.xml'
2014-11-09 19:10:25.8558 TRACE Определен каталог для сохранения: 'H:\Projects\TVProgViewer\src\TVProgUpdater\TVProgUpdater\bin\Debug\2014-11-09'
2014-11-09 19:10:25.8558 INFO Получение каналов и тв-программы успешно завершено. Затрачено времени '0,027' секунд
2014-11-09 19:14:29.1263 INFO Начало получения телеканалов с тв-программой
urid='http://www.teleguide.info/download/old/xmltv.xml.gz';
outputfile='TGXmlTvOld.xml'
2014-11-09 19:14:29.1537 TRACE Определен каталог для сохранения: 'H:\Projects\TVProgViewer\src\TVProgUpdater\TVProgUpdater\bin\Debug\2014-11-09'
2014-11-09 19:14:29.1537 INFO Получение каналов и тв-программы успешно завершено. Затрачено времени '0,025' секунд
2014-11-09 19:14:58.6527 INFO Начало получения телеканалов с тв-программой
urid='http://www.teleguide.info/download/new3/xmltv.xml.gz';
outputfile='TGXmlTvNew.xml'
2014-11-09 19:14:58.6566 TRACE Определен каталог для сохранения: 'H:\Projects\TVProgViewer\src\TVProgUpdater\TVProgUpdater\bin\Debug\2014-11-09'
2014-11-09 19:14:58.6566 INFO Получение каналов и тв-программы успешно завершено. Затрачено времени '0,003' секунд
2014-11-09 19:16:10.9711 INFO Начало получения телеканалов с тв-программой
urid='http://www.teleguide.info/download/old/xmltv.xml.gz';
outputfile='TGXmlTvOld.xml'
2014-11-09 19:16:10.9974 TRACE Определен каталог для сохранения: 'H:\Projects\TVProgViewer\src\TVProgUpdater\TVProgUpdater\bin\Debug\2014-11-09'
2014-11-09 19:16:11.0004 INFO Получение каналов и тв-программы успешно завершено. Затрачено времени '0,025' секунд
2014-11-09 19:16:19.2904 INFO Начало получения телеканалов с тв-программой
urid='http://www.teleguide.info/download/new3/xmltv.xml.gz';
outputfile='TGXmlTvNew.xml'
2014-11-09 19:16:19.2904 TRACE Определен каталог для сохранения: 'H:\Projects\TVProgViewer\src\TVProgUpdater\TVProgUpdater\bin\Debug\2014-11-09'
2014-11-09 19:16:19.2972 INFO Получение каналов и тв-программы успешно завершено. Затрачено времени '0,002' секунд
2014-11-09 19:16:22.2074 INFO Начало получения телеканалов с тв-программой
urid='http://www.teleguide.info/download/old/inter-tv.zip';
outputfile='TGInterTVOld.txt'
2014-11-09 19:16:22.2074 TRACE Определен каталог для сохранения: 'H:\Projects\TVProgViewer\src\TVProgUpdater\TVProgUpdater\bin\Debug\2014-11-09'
2014-11-09 19:16:22.2191 INFO Получение каналов и тв-программы успешно завершено. Затрачено времени '0,003' секунд
2014-11-09 19:19:03.2533 INFO Начало получения телеканалов с тв-программой
urid='http://www.teleguide.info/download/old/xmltv.xml.gz';
outputfile='TGXmlTvOld.xml'
2014-11-09 19:19:03.2816 TRACE Определен каталог для сохранения: 'H:\Projects\TVProgViewer\src\TVProgUpdater\TVProgUpdater\bin\Debug\2014-11-09'
2014-11-09 19:19:03.2816 INFO Получение каналов и тв-программы успешно завершено. Затрачено времени '0,029' секунд
2014-11-09 19:19:05.5336 INFO Начало получения телеканалов с тв-программой
urid='http://www.teleguide.info/download/new3/xmltv.xml.gz';
outputfile='TGXmlTvNew.xml'
2014-11-09 19:19:05.5336 TRACE Определен каталог для сохранения: 'H:\Projects\TVProgViewer\src\TVProgUpdater\TVProgUpdater\bin\Debug\2014-11-09'
2014-11-09 19:19:05.5336 INFO Получение каналов и тв-программы успешно завершено. Затрачено времени '0,003' секунд
2014-11-09 19:19:07.8939 INFO Начало получения телеканалов с тв-программой
urid='http://www.teleguide.info/download/old/inter-tv.zip';
outputfile='TGInterTVOld.txt'
2014-11-09 19:19:07.8939 TRACE Определен каталог для сохранения: 'H:\Projects\TVProgViewer\src\TVProgUpdater\TVProgUpdater\bin\Debug\2014-11-09'
2014-11-09 19:19:07.8939 INFO Получение каналов и тв-программы успешно завершено. Затрачено времени '0,003' секунд
2014-11-09 19:21:46.2699 INFO Начало получения телеканалов с тв-программой
urid='http://www.teleguide.info/download/old/xmltv.xml.gz';
outputfile='TGXmlTvOld.xml'
2014-11-09 19:21:46.2972 TRACE Определен каталог для сохранения: 'H:\Projects\TVProgViewer\src\TVProgUpdater\TVProgUpdater\bin\Debug\2014-11-09'
2014-11-09 19:21:46.2972 INFO Получение каналов и тв-программы успешно завершено. Затрачено времени '0,026' секунд
2014-11-09 19:21:48.6283 INFO Начало получения телеканалов с тв-программой
urid='http://www.teleguide.info/download/new3/xmltv.xml.gz';
outputfile='TGXmlTvNew.xml'
2014-11-09 19:21:48.6283 TRACE Определен каталог для сохранения: 'H:\Projects\TVProgViewer\src\TVProgUpdater\TVProgUpdater\bin\Debug\2014-11-09'
2014-11-09 19:21:48.6283 INFO Получение каналов и тв-программы успешно завершено. Затрачено времени '0,002' секунд
2014-11-09 19:21:51.0258 INFO Начало получения телеканалов с тв-программой
urid='http://www.teleguide.info/download/old/inter-tv.zip';
outputfile='TGInterTVOld.txt'
2014-11-09 19:21:51.0336 TRACE Определен каталог для сохранения: 'H:\Projects\TVProgViewer\src\TVProgUpdater\TVProgUpdater\bin\Debug\2014-11-09'
2014-11-09 19:21:51.0336 INFO Получение каналов и тв-программы успешно завершено. Затрачено времени '0,003' секунд
2014-11-09 19:23:38.0512 INFO Начало получения телеканалов с тв-программой
urid='http://www.teleguide.info/download/old/xmltv.xml.gz';
outputfile='TGXmlTvOld.xml'
2014-11-09 19:23:38.0805 TRACE Определен каталог для сохранения: 'H:\Projects\TVProgViewer\src\TVProgUpdater\TVProgUpdater\bin\Debug\2014-11-09'
2014-11-09 19:23:38.0805 INFO Получение каналов и тв-программы успешно завершено. Затрачено времени '0,027' секунд
2014-11-09 19:23:40.3510 INFO Начало получения телеканалов с тв-программой
urid='http://www.teleguide.info/download/new3/xmltv.xml.gz';
outputfile='TGXmlTvNew.xml'
2014-11-09 19:23:40.3510 TRACE Определен каталог для сохранения: 'H:\Projects\TVProgViewer\src\TVProgUpdater\TVProgUpdater\bin\Debug\2014-11-09'
2014-11-09 19:23:40.3597 INFO Получение каналов и тв-программы успешно завершено. Затрачено времени '0,004' секунд
2014-11-09 19:23:42.7699 INFO Начало получения телеканалов с тв-программой
urid='http://www.teleguide.info/download/old/inter-tv.zip';
outputfile='TGInterTVOld.txt'
2014-11-09 19:23:42.7699 TRACE Определен каталог для сохранения: 'H:\Projects\TVProgViewer\src\TVProgUpdater\TVProgUpdater\bin\Debug\2014-11-09'
2014-11-09 19:23:42.7816 INFO Получение каналов и тв-программы успешно завершено. Затрачено времени '0,004' секунд
2014-11-09 19:28:38.2699 INFO Начало получения телеканалов с тв-программой
urid='http://www.teleguide.info/download/new3/inter-tv.zip';
outputfile='TGInterTVNew.txt'
2014-11-09 19:28:38.2699 TRACE Определен каталог для сохранения: 'H:\Projects\TVProgViewer\src\TVProgUpdater\TVProgUpdater\bin\Debug\2014-11-09'
2014-11-09 19:28:38.2699 INFO Получение каналов и тв-программы успешно завершено. Затрачено времени '0,002' секунд
2014-11-09 19:28:49.5629 INFO Начало получения телеканалов с тв-программой
urid='http://www.teleguide.info/download/old/xmltv.xml.gz';
outputfile='TGXmlTvOld.xml'
2014-11-09 19:28:49.5971 TRACE Определен каталог для сохранения: 'H:\Projects\TVProgViewer\src\TVProgUpdater\TVProgUpdater\bin\Debug\2014-11-09'
2014-11-09 19:28:49.5971 INFO Получение каналов и тв-программы успешно завершено. Затрачено времени '0,026' секунд
2014-11-09 19:28:51.8822 INFO Начало получения телеканалов с тв-программой
urid='http://www.teleguide.info/download/new3/xmltv.xml.gz';
outputfile='TGXmlTvNew.xml'
2014-11-09 19:28:51.8822 TRACE Определен каталог для сохранения: 'H:\Projects\TVProgViewer\src\TVProgUpdater\TVProgUpdater\bin\Debug\2014-11-09'
2014-11-09 19:28:51.8949 INFO Получение каналов и тв-программы успешно завершено. Затрачено времени '0,006' секунд
2014-11-09 19:28:54.2543 INFO Начало получения телеканалов с тв-программой
urid='http://www.teleguide.info/download/old/inter-tv.zip';
outputfile='TGInterTVOld.txt'
2014-11-09 19:28:54.3305 TRACE Определен каталог для сохранения: 'H:\Projects\TVProgViewer\src\TVProgUpdater\TVProgUpdater\bin\Debug\2014-11-09'
2014-11-09 19:28:54.3305 INFO Получение каналов и тв-программы успешно завершено. Затрачено времени '0,005' секунд
2014-11-09 19:56:29.4594 INFO Начало получения телеканалов с тв-программой
urid='http://www.teleguide.info/download/old/xmltv.xml.gz';
outputfile='TGXmlTvOld.xml'
2014-11-09 19:56:29.5082 TRACE Определен каталог для сохранения: 'H:\Projects\TVProgViewer\src\TVProgUpdater\TVProgUpdater\bin\Debug\2014-11-09'
2014-11-09 19:56:29.5082 INFO Получение каналов и тв-программы успешно завершено. Затрачено времени '0,025' секунд
2014-11-09 19:56:33.2523 INFO Начало получения телеканалов с тв-программой
urid='http://www.teleguide.info/download/new3/xmltv.xml.gz';
outputfile='TGXmlTvNew.xml'
2014-11-09 19:56:33.2523 TRACE Определен каталог для сохранения: 'H:\Projects\TVProgViewer\src\TVProgUpdater\TVProgUpdater\bin\Debug\2014-11-09'
2014-11-09 19:56:33.2523 INFO Получение каналов и тв-программы успешно завершено. Затрачено времени '0,004' секунд
2014-11-09 19:56:36.3558 INFO Начало получения телеканалов с тв-программой
urid='http://www.teleguide.info/download/old/inter-tv.zip';
outputfile='TGInterTVOld.txt'
2014-11-09 19:56:36.3597 TRACE Определен каталог для сохранения: 'H:\Projects\TVProgViewer\src\TVProgUpdater\TVProgUpdater\bin\Debug\2014-11-09'
2014-11-09 19:56:36.3597 INFO Получение каналов и тв-программы успешно завершено. Затрачено времени '0,004' секунд
2014-11-09 19:56:42.8480 INFO Начало получения телеканалов с тв-программой
urid='http://www.teleguide.info/download/new3/inter-tv.zip';
outputfile='TGInterTVNew.txt'
2014-11-09 19:56:42.8480 TRACE Определен каталог для сохранения: 'H:\Projects\TVProgViewer\src\TVProgUpdater\TVProgUpdater\bin\Debug\2014-11-09'
2014-11-09 19:56:42.8617 INFO Получение каналов и тв-программы успешно завершено. Затрачено времени '0,004' секунд
2014-11-09 19:59:56.9711 INFO Начало получения телеканалов с тв-программой
urid='http://www.teleguide.info/download/old/xmltv.xml.gz';
outputfile='TGXmlTvOld.xml'
2014-11-09 19:59:57.0072 TRACE Определен каталог для сохранения: 'H:\Projects\TVProgViewer\src\TVProgUpdater\TVProgUpdater\bin\Debug\2014-11-09'
2014-11-09 19:59:57.0072 INFO Получение каналов и тв-программы успешно завершено. Затрачено времени '0,026' секунд
2014-11-09 19:59:59.2201 INFO Начало получения телеканалов с тв-программой
urid='http://www.teleguide.info/download/new3/xmltv.xml.gz';
outputfile='TGXmlTvNew.xml'
2014-11-09 19:59:59.2201 TRACE Определен каталог для сохранения: 'H:\Projects\TVProgViewer\src\TVProgUpdater\TVProgUpdater\bin\Debug\2014-11-09'
2014-11-09 19:59:59.2201 INFO Получение каналов и тв-программы успешно завершено. Затрачено времени '0,004' секунд
2014-11-09 20:00:01.6205 INFO Начало получения телеканалов с тв-программой
urid='http://www.teleguide.info/download/old/inter-tv.zip';
outputfile='TGInterTVOld.txt'
2014-11-09 20:00:01.6322 TRACE Определен каталог для сохранения: 'H:\Projects\TVProgViewer\src\TVProgUpdater\TVProgUpdater\bin\Debug\2014-11-09'
2014-11-09 20:00:01.6322 INFO Получение каналов и тв-программы успешно завершено. Затрачено времени '0,005' секунд
2014-11-09 20:00:08.1459 INFO Начало получения телеканалов с тв-программой
urid='http://www.teleguide.info/download/new3/inter-tv.zip';
outputfile='TGInterTVNew.txt'
2014-11-09 20:00:08.1459 TRACE Определен каталог для сохранения: 'H:\Projects\TVProgViewer\src\TVProgUpdater\TVProgUpdater\bin\Debug\2014-11-09'
2014-11-09 20:00:08.1576 INFO Получение каналов и тв-программы успешно завершено. Затрачено времени '0,005' секунд
2014-11-09 20:00:30.5170 INFO Начало получения телеканалов с тв-программой
urid='http://www.teleguide.info/download/old/xmltv.xml.gz';
outputfile='TGXmlTvOld.xml'
2014-11-09 20:00:30.5590 TRACE Определен каталог для сохранения: 'H:\Projects\TVProgViewer\src\TVProgUpdater\TVProgUpdater\bin\Debug\2014-11-09'
2014-11-09 20:00:30.5590 INFO Получение каналов и тв-программы успешно завершено. Затрачено времени '0,026' секунд
2014-11-09 20:00:32.8402 INFO Начало получения телеканалов с тв-программой
urid='http://www.teleguide.info/download/new3/xmltv.xml.gz';
outputfile='TGXmlTvNew.xml'
2014-11-09 20:00:32.8441 TRACE Определен каталог для сохранения: 'H:\Projects\TVProgViewer\src\TVProgUpdater\TVProgUpdater\bin\Debug\2014-11-09'
2014-11-09 20:00:32.8441 INFO Получение каналов и тв-программы успешно завершено. Затрачено времени '0,005' секунд
2014-11-09 20:00:35.2064 INFO Начало получения телеканалов с тв-программой
urid='http://www.teleguide.info/download/old/inter-tv.zip';
outputfile='TGInterTVOld.txt'
2014-11-09 20:00:35.2064 TRACE Определен каталог для сохранения: 'H:\Projects\TVProgViewer\src\TVProgUpdater\TVProgUpdater\bin\Debug\2014-11-09'
2014-11-09 20:00:35.2201 INFO Получение каналов и тв-программы успешно завершено. Затрачено времени '0,004' секунд
2014-11-09 20:15:10.3012 INFO Начало получения телеканалов с тв-программой
urid='http://www.teleguide.info/download/old/xmltv.xml.gz';
outputfile='TGXmlTvOld.xml'
2014-11-09 20:15:10.3471 TRACE Определен каталог для сохранения: 'H:\Projects\TVProgViewer\src\TVProgUpdater\TVProgUpdater\bin\Debug\2014-11-09'
2014-11-09 20:15:10.3471 INFO Получение каналов и тв-программы успешно завершено. Затрачено времени '0,026' секунд
2014-11-09 20:15:16.3597 INFO Начало получения телеканалов с тв-программой
urid='http://www.teleguide.info/download/new3/xmltv.xml.gz';
outputfile='TGXmlTvNew.xml'
2014-11-09 20:15:16.3597 TRACE Определен каталог для сохранения: 'H:\Projects\TVProgViewer\src\TVProgUpdater\TVProgUpdater\bin\Debug\2014-11-09'
2014-11-09 20:15:16.3597 INFO Получение каналов и тв-программы успешно завершено. Затрачено времени '0,003' секунд
2014-11-09 20:15:19.4232 INFO Начало получения телеканалов с тв-программой
urid='http://www.teleguide.info/download/old/inter-tv.zip';
outputfile='TGInterTVOld.txt'
2014-11-09 20:15:19.4232 TRACE Определен каталог для сохранения: 'H:\Projects\TVProgViewer\src\TVProgUpdater\TVProgUpdater\bin\Debug\2014-11-09'
2014-11-09 20:15:19.4232 INFO Получение каналов и тв-программы успешно завершено. Затрачено времени '0,003' секунд
2014-11-09 20:16:21.1596 INFO Начало получения телеканалов с тв-программой
urid='http://www.teleguide.info/download/old/xmltv.xml.gz';
outputfile='TGXmlTvOld.xml'
2014-11-09 20:16:21.1879 TRACE Определен каталог для сохранения: 'H:\Projects\TVProgViewer\src\TVProgUpdater\TVProgUpdater\bin\Debug\2014-11-09'
2014-11-09 20:16:21.1879 INFO Получение каналов и тв-программы успешно завершено. Затрачено времени '0,026' секунд
2014-11-09 20:16:23.7299 INFO Начало получения телеканалов с тв-программой
urid='http://www.teleguide.info/download/new3/xmltv.xml.gz';
outputfile='TGXmlTvNew.xml'
2014-11-09 20:16:23.7299 TRACE Определен каталог для сохранения: 'H:\Projects\TVProgViewer\src\TVProgUpdater\TVProgUpdater\bin\Debug\2014-11-09'
2014-11-09 20:16:23.7367 INFO Получение каналов и тв-программы успешно завершено. Затрачено времени '0,003' секунд
2014-11-09 20:16:26.4164 INFO Начало получения телеканалов с тв-программой
urid='http://www.teleguide.info/download/old/inter-tv.zip';
outputfile='TGInterTVOld.txt'
2014-11-09 20:16:26.5072 TRACE Определен каталог для сохранения: 'H:\Projects\TVProgViewer\src\TVProgUpdater\TVProgUpdater\bin\Debug\2014-11-09'
2014-11-09 20:16:26.5072 INFO Получение каналов и тв-программы успешно завершено. Затрачено времени '0,004' секунд
2014-11-09 20:23:44.9603 INFO Начало получения телеканалов с тв-программой
urid='http://www.teleguide.info/download/new3/inter-tv.zip';
outputfile='TGInterTVNew.txt'
2014-11-09 20:23:44.9603 TRACE Определен каталог для сохранения: 'H:\Projects\TVProgViewer\src\TVProgUpdater\TVProgUpdater\bin\Debug\2014-11-09'
2014-11-09 20:23:44.9603 INFO Получение каналов и тв-программы успешно завершено. Затрачено времени '0,002' секунд
2014-11-09 20:25:45.4232 INFO Начало получения телеканалов с тв-программой
urid='http://www.teleguide.info/download/old/xmltv.xml.gz';
outputfile='TGXmlTvOld.xml'
2014-11-09 20:25:45.4515 TRACE Определен каталог для сохранения: 'H:\Projects\TVProgViewer\src\TVProgUpdater\TVProgUpdater\bin\Debug\2014-11-09'
2014-11-09 20:25:45.4535 INFO Получение каналов и тв-программы успешно завершено. Затрачено времени '0,027' секунд
2014-11-09 20:25:47.8549 INFO Начало получения телеканалов с тв-программой
urid='http://www.teleguide.info/download/new3/xmltv.xml.gz';
outputfile='TGXmlTvNew.xml'
2014-11-09 20:25:47.8549 TRACE Определен каталог для сохранения: 'H:\Projects\TVProgViewer\src\TVProgUpdater\TVProgUpdater\bin\Debug\2014-11-09'
2014-11-09 20:25:47.8607 INFO Получение каналов и тв-программы успешно завершено. Затрачено времени '0,005' секунд
2014-11-09 20:25:50.2816 INFO Начало получения телеканалов с тв-программой
urid='http://www.teleguide.info/download/old/inter-tv.zip';
outputfile='TGInterTVOld.txt'
2014-11-09 20:25:50.3031 TRACE Определен каталог для сохранения: 'H:\Projects\TVProgViewer\src\TVProgUpdater\TVProgUpdater\bin\Debug\2014-11-09'
2014-11-09 20:25:50.3256 INFO Получение каналов и тв-программы успешно завершено. Затрачено времени '0,021' секунд
2014-11-09 20:30:57.6137 INFO Начало получения телеканалов с тв-программой
urid='http://www.teleguide.info/download/new3/inter-tv.zip';
outputfile='TGInterTVNew.txt'
2014-11-09 20:30:57.6254 TRACE Определен каталог для сохранения: 'H:\Projects\TVProgViewer\src\TVProgUpdater\TVProgUpdater\bin\Debug\2014-11-09'
2014-11-09 20:30:57.6254 INFO Получение каналов и тв-программы успешно завершено. Затрачено времени '0,002' секунд
2014-11-09 20:31:30.6566 INFO Начало получения телеканалов с тв-программой
urid='http://www.teleguide.info/download/old/xmltv.xml.gz';
outputfile='TGXmlTvOld.xml'
2014-11-09 20:31:30.6820 TRACE Определен каталог для сохранения: 'H:\Projects\TVProgViewer\src\TVProgUpdater\TVProgUpdater\bin\Debug\2014-11-09'
2014-11-09 20:31:30.6820 INFO Получение каналов и тв-программы успешно завершено. Затрачено времени '0,024' секунд
2014-11-09 20:31:33.1137 INFO Начало получения телеканалов с тв-программой
urid='http://www.teleguide.info/download/new3/xmltv.xml.gz';
outputfile='TGXmlTvNew.xml'
2014-11-09 20:31:33.1137 TRACE Определен каталог для сохранения: 'H:\Projects\TVProgViewer\src\TVProgUpdater\TVProgUpdater\bin\Debug\2014-11-09'
2014-11-09 20:31:33.3969 INFO Получение каналов и тв-программы успешно завершено. Затрачено времени '0,278' секунд
2014-11-09 20:31:37.0629 INFO Начало получения телеканалов с тв-программой
urid='http://www.teleguide.info/download/old/inter-tv.zip';
outputfile='TGInterTVOld.txt'
2014-11-09 20:31:37.0629 TRACE Определен каталог для сохранения: 'H:\Projects\TVProgViewer\src\TVProgUpdater\TVProgUpdater\bin\Debug\2014-11-09'
2014-11-09 20:31:37.0629 INFO Получение каналов и тв-программы успешно завершено. Затрачено времени '0,003' секунд
2014-11-09 20:35:26.6097 INFO Начало получения телеканалов с тв-программой
urid='http://www.teleguide.info/download/old/xmltv.xml.gz';
outputfile='TGXmlTvOld.xml'
2014-11-09 20:35:26.6400 TRACE Определен каталог для сохранения: 'H:\Projects\TVProgViewer\src\TVProgUpdater\TVProgUpdater\bin\Debug\2014-11-09'
2014-11-09 20:35:26.6410 INFO Получение каналов и тв-программы успешно завершено. Затрачено времени '0,023' секунд
2014-11-09 20:35:28.8910 INFO Начало получения телеканалов с тв-программой
urid='http://www.teleguide.info/download/new3/xmltv.xml.gz';
outputfile='TGXmlTvNew.xml'
2014-11-09 20:35:28.8910 TRACE Определен каталог для сохранения: 'H:\Projects\TVProgViewer\src\TVProgUpdater\TVProgUpdater\bin\Debug\2014-11-09'
2014-11-09 20:35:28.8910 INFO Получение каналов и тв-программы успешно завершено. Затрачено времени '0,005' секунд
2014-11-09 20:36:05.2846 INFO Начало получения телеканалов с тв-программой
urid='http://www.teleguide.info/download/old/xmltv.xml.gz';
outputfile='TGXmlTvOld.xml'
2014-11-09 20:36:05.3109 TRACE Определен каталог для сохранения: 'H:\Projects\TVProgViewer\src\TVProgUpdater\TVProgUpdater\bin\Debug\2014-11-09'
2014-11-09 20:36:05.3129 INFO Получение каналов и тв-программы успешно завершено. Затрачено времени '0,025' секунд
2014-11-09 20:36:07.6361 INFO Начало получения телеканалов с тв-программой
urid='http://www.teleguide.info/download/new3/xmltv.xml.gz';
outputfile='TGXmlTvNew.xml'
2014-11-09 20:36:07.6361 TRACE Определен каталог для сохранения: 'H:\Projects\TVProgViewer\src\TVProgUpdater\TVProgUpdater\bin\Debug\2014-11-09'
2014-11-09 20:36:07.6410 INFO Получение каналов и тв-программы успешно завершено. Затрачено времени '0,003' секунд
2014-11-09 20:36:10.0375 INFO Начало получения телеканалов с тв-программой
urid='http://www.teleguide.info/download/old/inter-tv.zip';
outputfile='TGInterTVOld.txt'
2014-11-09 20:36:10.0375 TRACE Определен каталог для сохранения: 'H:\Projects\TVProgViewer\src\TVProgUpdater\TVProgUpdater\bin\Debug\2014-11-09'
2014-11-09 20:36:10.0472 INFO Получение каналов и тв-программы успешно завершено. Затрачено времени '0,004' секунд
2014-11-09 20:37:16.0629 INFO Начало получения телеканалов с тв-программой
urid='http://www.teleguide.info/download/old/xmltv.xml.gz';
outputfile='TGXmlTvOld.xml'
2014-11-09 20:37:16.0883 TRACE Определен каталог для сохранения: 'H:\Projects\TVProgViewer\src\TVProgUpdater\TVProgUpdater\bin\Debug\2014-11-09'
2014-11-09 20:37:16.0883 INFO Получение каналов и тв-программы успешно завершено. Затрачено времени '0,023' секунд
2014-11-09 20:37:18.3549 INFO Начало получения телеканалов с тв-программой
urid='http://www.teleguide.info/download/new3/xmltv.xml.gz';
outputfile='TGXmlTvNew.xml'
2014-11-09 20:37:18.3549 TRACE Определен каталог для сохранения: 'H:\Projects\TVProgViewer\src\TVProgUpdater\TVProgUpdater\bin\Debug\2014-11-09'
2014-11-09 20:37:18.3597 INFO Получение каналов и тв-программы успешно завершено. Затрачено времени '0,006' секунд
2014-11-09 20:37:20.8344 INFO Начало получения телеканалов с тв-программой
urid='http://www.teleguide.info/download/old/inter-tv.zip';
outputfile='TGInterTVOld.txt'
2014-11-09 20:37:20.8441 TRACE Определен каталог для сохранения: 'H:\Projects\TVProgViewer\src\TVProgUpdater\TVProgUpdater\bin\Debug\2014-11-09'
2014-11-09 20:37:20.8441 INFO Получение каналов и тв-программы успешно завершено. Затрачено времени '0,004' секунд
2014-11-09 20:38:13.6137 INFO Начало получения телеканалов с тв-программой
urid='http://www.teleguide.info/download/old/xmltv.xml.gz';
outputfile='TGXmlTvOld.xml'
2014-11-09 20:38:13.6400 TRACE Определен каталог для сохранения: 'H:\Projects\TVProgViewer\src\TVProgUpdater\TVProgUpdater\bin\Debug\2014-11-09'
2014-11-09 20:38:13.6410 INFO Получение каналов и тв-программы успешно завершено. Затрачено времени '0,025' секунд
2014-11-09 20:38:15.9887 INFO Начало получения телеканалов с тв-программой
urid='http://www.teleguide.info/download/new3/xmltv.xml.gz';
outputfile='TGXmlTvNew.xml'
2014-11-09 20:38:16.0472 TRACE Определен каталог для сохранения: 'H:\Projects\TVProgViewer\src\TVProgUpdater\TVProgUpdater\bin\Debug\2014-11-09'
2014-11-09 20:38:16.0472 INFO Получение каналов и тв-программы успешно завершено. Затрачено времени '0,004' секунд
2014-11-09 20:38:18.4447 INFO Начало получения телеканалов с тв-программой
urid='http://www.teleguide.info/download/old/inter-tv.zip';
outputfile='TGInterTVOld.txt'
2014-11-09 20:38:18.5326 TRACE Определен каталог для сохранения: 'H:\Projects\TVProgViewer\src\TVProgUpdater\TVProgUpdater\bin\Debug\2014-11-09'
2014-11-09 20:38:18.5326 INFO Получение каналов и тв-программы успешно завершено. Затрачено времени '0,007' секунд
2014-11-09 20:40:59.3168 INFO Начало получения телеканалов с тв-программой
urid='http://www.teleguide.info/download/old/xmltv.xml.gz';
outputfile='TGXmlTvOld.xml'
2014-11-09 20:40:59.3510 TRACE Определен каталог для сохранения: 'H:\Projects\TVProgViewer\src\TVProgUpdater\TVProgUpdater\bin\Debug\2014-11-09'
2014-11-09 20:40:59.3510 INFO Получение каналов и тв-программы успешно завершено. Затрачено времени '0,024' секунд
2014-11-09 20:41:01.6097 INFO Начало получения телеканалов с тв-программой
urid='http://www.teleguide.info/download/new3/xmltv.xml.gz';
outputfile='TGXmlTvNew.xml'
2014-11-09 20:41:01.6097 TRACE Определен каталог для сохранения: 'H:\Projects\TVProgViewer\src\TVProgUpdater\TVProgUpdater\bin\Debug\2014-11-09'
2014-11-09 20:41:01.6097 INFO Получение каналов и тв-программы успешно завершено. Затрачено времени '0,003' секунд
2014-11-09 20:41:04.0482 INFO Начало получения телеканалов с тв-программой
urid='http://www.teleguide.info/download/old/inter-tv.zip';
outputfile='TGInterTVOld.txt'
2014-11-09 20:41:04.0482 TRACE Определен каталог для сохранения: 'H:\Projects\TVProgViewer\src\TVProgUpdater\TVProgUpdater\bin\Debug\2014-11-09'
2014-11-09 20:41:04.0482 INFO Получение каналов и тв-программы успешно завершено. Затрачено времени '0,004' секунд
2014-11-09 20:43:05.1449 INFO Начало получения телеканалов с тв-программой
urid='http://www.teleguide.info/download/old/xmltv.xml.gz';
outputfile='TGXmlTvOld.xml'
2014-11-09 20:43:05.1849 TRACE Определен каталог для сохранения: 'H:\Projects\TVProgViewer\src\TVProgUpdater\TVProgUpdater\bin\Debug\2014-11-09'
2014-11-09 20:43:05.1879 INFO Получение каналов и тв-программы успешно завершено. Затрачено времени '0,025' секунд
2014-11-09 20:43:07.6185 INFO Начало получения телеканалов с тв-программой
urid='http://www.teleguide.info/download/new3/xmltv.xml.gz';
outputfile='TGXmlTvNew.xml'
2014-11-09 20:43:07.6605 TRACE Определен каталог для сохранения: 'H:\Projects\TVProgViewer\src\TVProgUpdater\TVProgUpdater\bin\Debug\2014-11-09'
2014-11-09 20:43:07.7250 INFO Получение каналов и тв-программы успешно завершено. Затрачено времени '0,064' секунд
2014-11-09 20:43:10.2299 INFO Начало получения телеканалов с тв-программой
urid='http://www.teleguide.info/download/old/inter-tv.zip';
outputfile='TGInterTVOld.txt'
2014-11-09 20:43:10.2299 TRACE Определен каталог для сохранения: 'H:\Projects\TVProgViewer\src\TVProgUpdater\TVProgUpdater\bin\Debug\2014-11-09'
2014-11-09 20:43:10.2357 INFO Получение каналов и тв-программы успешно завершено. Затрачено времени '0,002' секунд
2014-11-09 20:43:42.0472 INFO Начало получения телеканалов с тв-программой
urid='http://www.teleguide.info/download/old/xmltv.xml.gz';
outputfile='TGXmlTvOld.xml'
2014-11-09 20:43:42.0824 TRACE Определен каталог для сохранения: 'H:\Projects\TVProgViewer\src\TVProgUpdater\TVProgUpdater\bin\Debug\2014-11-09'
2014-11-09 20:43:42.0824 INFO Получение каналов и тв-программы успешно завершено. Затрачено времени '0,027' секунд
2014-11-09 20:43:44.3842 INFO Начало получения телеканалов с тв-программой
urid='http://www.teleguide.info/download/new3/xmltv.xml.gz';
outputfile='TGXmlTvNew.xml'
2014-11-09 20:43:44.3842 TRACE Определен каталог для сохранения: 'H:\Projects\TVProgViewer\src\TVProgUpdater\TVProgUpdater\bin\Debug\2014-11-09'
2014-11-09 20:43:44.3920 INFO Получение каналов и тв-программы успешно завершено. Затрачено времени '0,003' секунд
2014-11-09 20:43:46.9847 INFO Начало получения телеканалов с тв-программой
urid='http://www.teleguide.info/download/old/inter-tv.zip';
outputfile='TGInterTVOld.txt'
2014-11-09 20:43:46.9847 TRACE Определен каталог для сохранения: 'H:\Projects\TVProgViewer\src\TVProgUpdater\TVProgUpdater\bin\Debug\2014-11-09'
2014-11-09 20:43:46.9847 INFO Получение каналов и тв-программы успешно завершено. Затрачено времени '0,003' секунд
2014-11-09 20:43:58.1586 INFO Начало получения телеканалов с тв-программой
urid='http://www.teleguide.info/download/new3/inter-tv.zip';
outputfile='TGInterTVNew.txt'
2014-11-09 20:43:58.1722 TRACE Определен каталог для сохранения: 'H:\Projects\TVProgViewer\src\TVProgUpdater\TVProgUpdater\bin\Debug\2014-11-09'
2014-11-09 20:43:58.1722 INFO Получение каналов и тв-программы успешно завершено. Затрачено времени '0,004' секунд
2014-11-09 20:45:37.0316 INFO Начало получения телеканалов с тв-программой
urid='http://www.teleguide.info/download/old/xmltv.xml.gz';
outputfile='TGXmlTvOld.xml'
2014-11-09 20:45:37.0609 TRACE Определен каталог для сохранения: 'H:\Projects\TVProgViewer\src\TVProgUpdater\TVProgUpdater\bin\Debug\2014-11-09'
2014-11-09 20:45:37.0629 INFO Получение каналов и тв-программы успешно завершено. Затрачено времени '0,024' секунд
2014-11-09 20:45:39.3392 INFO Начало получения телеканалов с тв-программой
urid='http://www.teleguide.info/download/new3/xmltv.xml.gz';
outputfile='TGXmlTvNew.xml'
2014-11-09 20:45:39.3392 TRACE Определен каталог для сохранения: 'H:\Projects\TVProgViewer\src\TVProgUpdater\TVProgUpdater\bin\Debug\2014-11-09'
2014-11-09 20:45:39.3441 INFO Получение каналов и тв-программы успешно завершено. Затрачено времени '0,003' секунд
2014-11-09 20:45:41.8519 INFO Начало получения телеканалов с тв-программой
urid='http://www.teleguide.info/download/old/inter-tv.zip';
outputfile='TGInterTVOld.txt'
2014-11-09 20:45:41.8617 TRACE Определен каталог для сохранения: 'H:\Projects\TVProgViewer\src\TVProgUpdater\TVProgUpdater\bin\Debug\2014-11-09'
2014-11-09 20:45:41.8617 INFO Получение каналов и тв-программы успешно завершено. Затрачено времени '0,006' секунд
2014-11-09 20:45:47.1254 INFO Начало получения телеканалов с тв-программой
urid='http://www.teleguide.info/download/new3/inter-tv.zip';
outputfile='TGInterTVNew.txt'
2014-11-09 20:45:47.1420 TRACE Определен каталог для сохранения: 'H:\Projects\TVProgViewer\src\TVProgUpdater\TVProgUpdater\bin\Debug\2014-11-09'
2014-11-09 20:45:47.1420 INFO Получение каналов и тв-программы успешно завершено. Затрачено времени '0,007' секунд
2014-11-09 20:46:59.9232 INFO Начало получения телеканалов с тв-программой
urid='http://www.teleguide.info/download/old/xmltv.xml.gz';
outputfile='TGXmlTvOld.xml'
2014-11-09 20:46:59.9584 TRACE Определен каталог для сохранения: 'H:\Projects\TVProgViewer\src\TVProgUpdater\TVProgUpdater\bin\Debug\2014-11-09'
2014-11-09 20:46:59.9584 INFO Получение каналов и тв-программы успешно завершено. Затрачено времени '0,024' секунд
2014-11-09 20:47:02.2943 INFO Начало получения телеканалов с тв-программой
urid='http://www.teleguide.info/download/new3/xmltv.xml.gz';
outputfile='TGXmlTvNew.xml'
2014-11-09 20:47:02.2972 TRACE Определен каталог для сохранения: 'H:\Projects\TVProgViewer\src\TVProgUpdater\TVProgUpdater\bin\Debug\2014-11-09'
2014-11-09 20:47:02.2972 INFO Получение каналов и тв-программы успешно завершено. Затрачено времени '0,005' секунд
2014-11-09 20:47:04.8051 INFO Начало получения телеканалов с тв-программой
urid='http://www.teleguide.info/download/old/inter-tv.zip';
outputfile='TGInterTVOld.txt'
2014-11-09 20:47:04.8129 TRACE Определен каталог для сохранения: 'H:\Projects\TVProgViewer\src\TVProgUpdater\TVProgUpdater\bin\Debug\2014-11-09'
2014-11-09 20:47:04.8129 INFO Получение каналов и тв-программы успешно завершено. Затрачено времени '0,004' секунд
2014-11-09 20:47:04.8129 INFO Начало получения телеканалов с тв-программой
urid='http://www.teleguide.info/download/new3/inter-tv.zip';
outputfile='TGInterTVNew.txt'
2014-11-09 20:47:04.8314 TRACE Определен каталог для сохранения: 'H:\Projects\TVProgViewer\src\TVProgUpdater\TVProgUpdater\bin\Debug\2014-11-09'
2014-11-09 20:47:04.8314 INFO Получение каналов и тв-программы успешно завершено. Затрачено времени '0,004' секунд
2014-11-09 20:49:09.8314 INFO Начало получения телеканалов с тв-программой
urid='http://www.teleguide.info/download/old/xmltv.xml.gz';
outputfile='TGXmlTvOld.xml'
2014-11-09 20:49:09.8676 TRACE Определен каталог для сохранения: 'H:\Projects\TVProgViewer\src\TVProgUpdater\TVProgUpdater\bin\Debug\2014-11-09'
2014-11-09 20:49:09.8676 INFO Получение каналов и тв-программы успешно завершено. Затрачено времени '0,025' секунд
2014-11-09 20:49:12.1508 INFO Начало получения телеканалов с тв-программой
urid='http://www.teleguide.info/download/new3/xmltv.xml.gz';
outputfile='TGXmlTvNew.xml'
2014-11-09 20:49:12.1508 TRACE Определен каталог для сохранения: 'H:\Projects\TVProgViewer\src\TVProgUpdater\TVProgUpdater\bin\Debug\2014-11-09'
2014-11-09 20:49:12.1596 INFO Получение каналов и тв-программы успешно завершено. Затрачено времени '0,004' секунд
2014-11-09 20:49:14.6127 INFO Начало получения телеканалов с тв-программой
urid='http://www.teleguide.info/download/old/inter-tv.zip';
outputfile='TGInterTVOld.txt'
2014-11-09 20:49:14.6127 TRACE Определен каталог для сохранения: 'H:\Projects\TVProgViewer\src\TVProgUpdater\TVProgUpdater\bin\Debug\2014-11-09'
2014-11-09 20:49:14.6254 INFO Получение каналов и тв-программы успешно завершено. Затрачено времени '0,005' секунд
2014-11-09 20:49:14.6254 INFO Начало получения телеканалов с тв-программой
urid='http://www.teleguide.info/download/new3/inter-tv.zip';
outputfile='TGInterTVNew.txt'
2014-11-09 20:49:14.6430 TRACE Определен каталог для сохранения: 'H:\Projects\TVProgViewer\src\TVProgUpdater\TVProgUpdater\bin\Debug\2014-11-09'
2014-11-09 20:49:14.6430 INFO Получение каналов и тв-программы успешно завершено. Затрачено времени '0,005' секунд
2014-11-09 20:58:04.6420 INFO Начало получения телеканалов с тв-программой
urid='http://www.teleguide.info/download/old/xmltv.xml.gz';
outputfile='TGXmlTvOld.xml'
2014-11-09 20:58:04.6752 TRACE Определен каталог для сохранения: 'H:\Projects\TVProgViewer\src\TVProgUpdater\TVProgUpdater\bin\Debug\2014-11-09'
2014-11-09 20:58:04.6752 INFO Получение каналов и тв-программы успешно завершено. Затрачено времени '0,025' секунд
2014-11-09 20:58:06.9769 INFO Начало получения телеканалов с тв-программой
urid='http://www.teleguide.info/download/new3/xmltv.xml.gz';
outputfile='TGXmlTvNew.xml'
2014-11-09 20:58:06.9769 TRACE Определен каталог для сохранения: 'H:\Projects\TVProgViewer\src\TVProgUpdater\TVProgUpdater\bin\Debug\2014-11-09'
2014-11-09 20:58:06.9769 INFO Получение каналов и тв-программы успешно завершено. Затрачено времени '0,003' секунд
2014-11-09 20:58:09.3637 INFO Начало получения телеканалов с тв-программой
urid='http://www.teleguide.info/download/old/inter-tv.zip';
outputfile='TGInterTVOld.txt'
2014-11-09 20:58:09.3637 TRACE Определен каталог для сохранения: 'H:\Projects\TVProgViewer\src\TVProgUpdater\TVProgUpdater\bin\Debug\2014-11-09'
2014-11-09 20:58:09.3773 INFO Получение каналов и тв-программы успешно завершено. Затрачено времени '0,004' секунд
2014-11-09 20:58:09.3773 INFO Начало получения телеканалов с тв-программой
urid='http://www.teleguide.info/download/new3/inter-tv.zip';
outputfile='TGInterTVNew.txt'
2014-11-09 20:58:09.3930 TRACE Определен каталог для сохранения: 'H:\Projects\TVProgViewer\src\TVProgUpdater\TVProgUpdater\bin\Debug\2014-11-09'
2014-11-09 20:58:09.3930 INFO Получение каналов и тв-программы успешно завершено. Затрачено времени '0,004' секунд
2014-11-09 20:59:35.0678 INFO Начало получения телеканалов с тв-программой
urid='http://www.teleguide.info/download/old/xmltv.xml.gz';
outputfile='TGXmlTvOld.xml'
2014-11-09 20:59:35.0912 TRACE Определен каталог для сохранения: 'H:\Projects\TVProgViewer\src\TVProgUpdater\TVProgUpdater\bin\Debug\2014-11-09'
2014-11-09 20:59:35.0912 INFO Получение каналов и тв-программы успешно завершено. Затрачено времени '0,023' секунд
2014-11-09 20:59:37.3597 INFO Начало получения телеканалов с тв-программой
urid='http://www.teleguide.info/download/new3/xmltv.xml.gz';
outputfile='TGXmlTvNew.xml'
2014-11-09 20:59:37.3597 TRACE Определен каталог для сохранения: 'H:\Projects\TVProgViewer\src\TVProgUpdater\TVProgUpdater\bin\Debug\2014-11-09'
2014-11-09 20:59:37.3597 INFO Получение каналов и тв-программы успешно завершено. Затрачено времени '0,003' секунд
2014-11-09 20:59:39.7201 INFO Начало получения телеканалов с тв-программой
urid='http://www.teleguide.info/download/old/inter-tv.zip';
outputfile='TGInterTVOld.txt'
2014-11-09 20:59:39.7201 TRACE Определен каталог для сохранения: 'H:\Projects\TVProgViewer\src\TVProgUpdater\TVProgUpdater\bin\Debug\2014-11-09'
2014-11-09 20:59:39.7201 INFO Получение каналов и тв-программы успешно завершено. Затрачено времени '0,003' секунд
2014-11-09 20:59:39.7347 INFO Начало получения телеканалов с тв-программой
urid='http://www.teleguide.info/download/new3/inter-tv.zip';
outputfile='TGInterTVNew.txt'
2014-11-09 20:59:39.7347 TRACE Определен каталог для сохранения: 'H:\Projects\TVProgViewer\src\TVProgUpdater\TVProgUpdater\bin\Debug\2014-11-09'
2014-11-09 20:59:39.7347 INFO Получение каналов и тв-программы успешно завершено. Затрачено времени '0,003' секунд
2014-11-09 21:08:09.8285 INFO Начало получения телеканалов с тв-программой
urid='http://www.teleguide.info/download/old/xmltv.xml.gz';
outputfile='TGXmlTvOld.xml'
2014-11-09 21:08:09.8539 TRACE Определен каталог для сохранения: 'H:\Projects\TVProgViewer\src\TVProgUpdater\TVProgUpdater\bin\Debug\2014-11-09'
2014-11-09 21:08:09.8656 TRACE Загрузка из интернета не требуется
2014-11-09 21:08:12.1654 INFO Начало получения телеканалов с тв-программой
urid='http://www.teleguide.info/download/new3/xmltv.xml.gz';
outputfile='TGXmlTvNew.xml'
2014-11-09 21:08:12.1654 TRACE Определен каталог для сохранения: 'H:\Projects\TVProgViewer\src\TVProgUpdater\TVProgUpdater\bin\Debug\2014-11-09'
2014-11-09 21:08:12.1722 TRACE Загрузка из интернета не требуется
2014-11-09 21:08:14.4574 INFO Начало получения телеканалов с тв-программой
urid='http://www.teleguide.info/download/old/inter-tv.zip';
outputfile='TGInterTVOld.txt'
2014-11-09 21:08:14.6439 TRACE Определен каталог для сохранения: 'H:\Projects\TVProgViewer\src\TVProgUpdater\TVProgUpdater\bin\Debug\2014-11-09'
2014-11-09 21:08:14.6732 TRACE Загрузка из интернета не требуется
2014-11-09 21:08:14.6732 INFO Начало получения телеканалов с тв-программой
urid='http://www.teleguide.info/download/new3/inter-tv.zip';
outputfile='TGInterTVNew.txt'
2014-11-09 21:08:14.6732 TRACE Определен каталог для сохранения: 'H:\Projects\TVProgViewer\src\TVProgUpdater\TVProgUpdater\bin\Debug\2014-11-09'
2014-11-09 21:08:14.6908 TRACE Загрузка из интернета не требуется
2014-11-09 21:10:03.4066 INFO Начало получения телеканалов с тв-программой
urid='http://www.teleguide.info/download/old/xmltv.xml.gz';
outputfile='TGXmlTvOld.xml'
2014-11-09 21:10:03.4398 TRACE Определен каталог для сохранения: 'H:\Projects\TVProgViewer\src\TVProgUpdater\TVProgUpdater\bin\Debug\2014-11-09'
2014-11-09 21:10:03.4398 TRACE Загрузка из интернета не требуется
2014-11-09 21:10:27.4574 INFO Начало получения телеканалов с тв-программой
urid='http://www.teleguide.info/download/new3/xmltv.xml.gz';
outputfile='TGXmlTvNew.xml'
2014-11-09 21:10:27.4574 TRACE Определен каталог для сохранения: 'H:\Projects\TVProgViewer\src\TVProgUpdater\TVProgUpdater\bin\Debug\2014-11-09'
2014-11-09 21:10:27.4574 TRACE Загрузка из интернета не требуется
2014-11-09 21:10:50.0951 INFO Начало получения телеканалов с тв-программой
urid='http://www.teleguide.info/download/old/inter-tv.zip';
outputfile='TGInterTVOld.txt'
2014-11-09 21:10:50.0951 TRACE Определен каталог для сохранения: 'H:\Projects\TVProgViewer\src\TVProgUpdater\TVProgUpdater\bin\Debug\2014-11-09'
2014-11-09 21:10:50.1097 TRACE Загрузка из интернета не требуется
2014-11-09 21:11:27.2582 INFO Начало получения телеканалов с тв-программой
urid='http://www.teleguide.info/download/new3/inter-tv.zip';
outputfile='TGInterTVNew.txt'
2014-11-09 21:11:27.2689 TRACE Определен каталог для сохранения: 'H:\Projects\TVProgViewer\src\TVProgUpdater\TVProgUpdater\bin\Debug\2014-11-09'
2014-11-09 21:11:27.2689 TRACE Загрузка из интернета не требуется
2014-11-09 21:22:48.4076 INFO Начало получения телеканалов с тв-программой
urid='http://www.teleguide.info/download/old/xmltv.xml.gz';
outputfile='TGXmlTvOld.xml'
2014-11-09 21:22:48.4340 TRACE Определен каталог для сохранения: 'H:\Projects\TVProgViewer\src\TVProgUpdater\TVProgUpdater\bin\Debug\2014-11-09'
2014-11-09 21:22:48.4340 TRACE Требуется загрузка из интернета
2014-11-09 21:22:48.4379 INFO Начало запроса ресурса.
2014-11-09 21:22:49.6322 TRACE Ресурс успешно получен в поток.
2014-11-09 21:22:49.6322 INFO Content-Encoding неопределен, пробуем распаковать по заголовку ContentType:
2014-11-09 21:22:49.6322 TRACE Content-Type = 'application/octet-stream'
2014-11-09 21:23:25.4242 TRACE GZip-архив octet-stream успешно распакован.
2014-11-09 21:23:25.4242 INFO Получение каналов и тв-программы успешно завершено. Затрачено времени '37,016' секунд
2014-11-09 21:23:59.4222 INFO Начало получения телеканалов с тв-программой
urid='http://www.teleguide.info/download/new3/xmltv.xml.gz';
outputfile='TGXmlTvNew.xml'
2014-11-09 21:23:59.4222 TRACE Определен каталог для сохранения: 'H:\Projects\TVProgViewer\src\TVProgUpdater\TVProgUpdater\bin\Debug\2014-11-09'
2014-11-09 21:23:59.4437 TRACE Требуется загрузка из интернета
2014-11-09 21:23:59.4437 INFO Начало запроса ресурса.
2014-11-09 21:24:00.7103 TRACE Ресурс успешно получен в поток.
2014-11-09 21:24:00.7103 INFO Content-Encoding неопределен, пробуем распаковать по заголовку ContentType:
2014-11-09 21:24:00.7201 TRACE Content-Type = 'application/octet-stream'
2014-11-09 21:24:43.4476 TRACE GZip-архив octet-stream успешно распакован.
2014-11-09 21:24:43.4476 INFO Получение каналов и тв-программы успешно завершено. Затрачено времени '44,016' секунд
2014-11-09 21:25:15.2035 INFO Начало получения телеканалов с тв-программой
urid='http://www.teleguide.info/download/old/inter-tv.zip';
outputfile='TGInterTVOld.txt'
2014-11-09 21:25:15.2035 TRACE Определен каталог для сохранения: 'H:\Projects\TVProgViewer\src\TVProgUpdater\TVProgUpdater\bin\Debug\2014-11-09'
2014-11-09 21:25:15.2035 TRACE Требуется загрузка из интернета
2014-11-09 21:25:15.2035 INFO Начало запроса ресурса.
2014-11-09 21:25:15.9467 TRACE Ресурс успешно получен в поток.
2014-11-09 21:25:15.9467 INFO Content-Encoding неопределен, пробуем распаковать по заголовку ContentType:
2014-11-09 21:25:15.9535 TRACE Content-Type = 'application/zip'
2014-11-09 21:25:57.8656 TRACE Zip-архив успешно распакован.
2014-11-09 21:25:57.8656 INFO Получение каналов и тв-программы успешно завершено. Затрачено времени '42,658' секунд
2014-11-09 21:26:25.7885 INFO Начало получения телеканалов с тв-программой
urid='http://www.teleguide.info/download/new3/inter-tv.zip';
outputfile='TGInterTVNew.txt'
2014-11-09 21:26:25.7972 TRACE Определен каталог для сохранения: 'H:\Projects\TVProgViewer\src\TVProgUpdater\TVProgUpdater\bin\Debug\2014-11-09'
2014-11-09 21:26:25.7972 TRACE Требуется загрузка из интернета
2014-11-09 21:26:25.8129 INFO Начало запроса ресурса.
2014-11-09 21:26:26.8978 TRACE Ресурс успешно получен в поток.
2014-11-09 21:26:26.8978 INFO Content-Encoding неопределен, пробуем распаковать по заголовку ContentType:
2014-11-09 21:26:26.8978 TRACE Content-Type = 'application/zip'
2014-11-09 21:27:03.6849 TRACE Zip-архив успешно распакован.
2014-11-09 21:27:03.6879 INFO Получение каналов и тв-программы успешно завершено. Затрачено времени '37,883' секунд
2014-11-09 21:38:31.2719 INFO Начало получения телеканалов с тв-программой
urid='http://www.teleguide.info/download/old/xmltv.xml.gz';
outputfile='TGXmlTvOld.xml'
2014-11-09 21:38:31.3099 TRACE Определен каталог для сохранения: 'H:\Projects\TVProgViewer\src\TVProgUpdater\TVProgUpdater\bin\Debug\2014-11-09'
2014-11-09 21:38:31.3099 TRACE Загрузка из интернета не требуется
2014-11-09 21:39:09.0355 INFO Начало получения телеканалов с тв-программой
urid='http://www.teleguide.info/download/new3/xmltv.xml.gz';
outputfile='TGXmlTvNew.xml'
2014-11-09 21:39:09.0355 TRACE Определен каталог для сохранения: 'H:\Projects\TVProgViewer\src\TVProgUpdater\TVProgUpdater\bin\Debug\2014-11-09'
2014-11-09 21:39:09.0355 TRACE Загрузка из интернета не требуется
2014-11-09 21:39:42.9164 INFO Начало получения телеканалов с тв-программой
urid='http://www.teleguide.info/download/old/inter-tv.zip';
outputfile='TGInterTVOld.txt'
2014-11-09 21:39:42.9232 TRACE Определен каталог для сохранения: 'H:\Projects\TVProgViewer\src\TVProgUpdater\TVProgUpdater\bin\Debug\2014-11-09'
2014-11-09 21:39:42.9232 TRACE Загрузка из интернета не требуется
2014-11-09 21:40:13.4535 INFO Начало получения телеканалов с тв-программой
urid='http://www.teleguide.info/download/new3/inter-tv.zip';
outputfile='TGInterTVNew.txt'
2014-11-09 21:40:13.4535 TRACE Определен каталог для сохранения: 'H:\Projects\TVProgViewer\src\TVProgUpdater\TVProgUpdater\bin\Debug\2014-11-09'
2014-11-09 21:40:13.4535 TRACE Загрузка из интернета не требуется
