2018-02-05 15:25:59.7642 INFO  =========== Начало обновления ============ 
2018-02-05 15:26:00.0524 INFO Начало получения ресурсов из базы.
2018-02-05 15:26:00.7428 TRACE Ресурсы из базы успешно получены: WRID = '1', FileName = 'TGXmlTvOld.xml', ResourceName = 'Ресурс teleguide.info старой телепрограммы (XMLTV)', ResourceUrl ='http://www.teleguide.info/download/old/xmltv.xml.gz';WRID = '2', FileName = 'TGXmlTvNew.xml', ResourceName = 'Ресурс teleguide.info новой телепрограммы (XMLTV)', ResourceUrl ='http://www.teleguide.info/download/new3/xmltv.xml.gz';WRID = '3', FileName = 'TGInterTVOld.txt', ResourceName = 'Ресурс teleguide.info старой телепрограммы (Интер-ТВ)', ResourceUrl ='http://www.teleguide.info/download/old/inter-tv.zip';WRID = '4', FileName = 'TGInterTVNew.txt', ResourceName = 'Ресурс teleguide.info новой телепрограммы (Интер-ТВ)', ResourceUrl ='http://www.teleguide.info/download/new3/inter-tv.zip';WRID = '6', FileName = 'TPXmlTvNew.xml', ResourceName = 'Ресурс tele.perm.ru (XMLTV)', ResourceUrl ='http://tele.perm.ru/download/tvguide.xml.gz'
2018-02-05 15:26:00.7428 INFO Обновление для ID='1'
2018-02-05 15:26:17.9795 INFO Каналы и тв-программа ID='1' подготовлены к запуску обработки в базе
2018-02-05 15:26:41.9794 INFO Обновление для ID='1' успешно завершено. Затрачено '41,231' сек.
2018-02-05 15:26:41.9794 INFO Обновление для ID='2'
2018-02-05 15:27:38.0460 INFO Каналы и тв-программа ID='2' подготовлены к запуску обработки в базе
2018-02-05 15:27:51.0393 INFO Обработка каналов и тв-программы ID='2' завершена. Начало загрузки пиктограмм.
2018-02-05 15:28:12.1018 INFO Загрузка пиктограмм завершена. Потребовалось 21,061 сек.
2018-02-05 15:28:12.1018 INFO Обновление для ID='2' успешно завершено. Затрачено '90,121' сек.
2018-02-05 15:28:12.1018 INFO Обновление для ID='3'
2018-02-05 15:28:26.1634 INFO Каналы и тв-программа ID='3' подготовлены к запуску обработки в базе
2018-02-05 15:28:32.1744 INFO Обновление для ID='3' успешно завершено. Затрачено '20,068' сек.
2018-02-05 15:28:32.1744 INFO Обновление для ID='4'
2018-02-05 15:28:54.9389 INFO Каналы и тв-программа ID='4' подготовлены к запуску обработки в базе
2018-02-05 15:29:02.6225 INFO Обновление для ID='4' успешно завершено. Затрачено '30,446' сек.
2018-02-05 15:29:02.6225 INFO Обновление для ID='6'
2018-02-05 15:29:04.3928 INFO Каналы и тв-программа ID='6' подготовлены к запуску обработки в базе
2018-02-05 15:29:06.5149 INFO Обновление для ID='6' успешно завершено. Затрачено '3,89' сек.
2018-02-05 15:29:06.5149 INFO  ========== Обновление завершено ========== (Затрачено: 186,692 сек.)
