2018-02-05 15:26:00.7498 INFO Начало получения телеканалов с тв-программой
urid='http://www.teleguide.info/download/old/xmltv.xml.gz';
outputfile='TGXmlTvOld.xml'
2018-02-05 15:26:00.7498 TRACE Определен каталог для сохранения: 'K:\Projects\TVProgViewer\src\TVProgUpdater\TVProgUpdater\bin\Debug\2018-02-05'
2018-02-05 15:26:00.7498 TRACE Требуется загрузка из интернета
2018-02-05 15:26:00.7498 INFO Начало запроса ресурса.
2018-02-05 15:26:01.2147 TRACE Ресурс успешно получен в поток.
2018-02-05 15:26:01.2177 INFO Content-Encoding неопределен, пробуем распаковать по заголовку ContentType:
2018-02-05 15:26:01.2177 TRACE Content-Type = 'application/octet-stream'
2018-02-05 15:26:16.3474 TRACE GZip-архив octet-stream успешно распакован.
2018-02-05 15:26:16.3474 INFO Получение каналов и тв-программы успешно завершено. Затрачено времени '15,6' секунд
2018-02-05 15:26:41.9794 INFO Начало получения телеканалов с тв-программой
urid='http://www.teleguide.info/download/new3/xmltv.xml.gz';
outputfile='TGXmlTvNew.xml'
2018-02-05 15:26:41.9824 TRACE Определен каталог для сохранения: 'K:\Projects\TVProgViewer\src\TVProgUpdater\TVProgUpdater\bin\Debug\2018-02-05'
2018-02-05 15:26:41.9824 TRACE Требуется загрузка из интернета
2018-02-05 15:26:41.9824 INFO Начало запроса ресурса.
2018-02-05 15:26:42.2266 TRACE Ресурс успешно получен в поток.
2018-02-05 15:26:42.2266 INFO Content-Encoding неопределен, пробуем распаковать по заголовку ContentType:
2018-02-05 15:26:42.2266 TRACE Content-Type = 'application/octet-stream'
2018-02-05 15:27:30.8081 TRACE GZip-архив octet-stream успешно распакован.
2018-02-05 15:27:30.8111 INFO Получение каналов и тв-программы успешно завершено. Затрачено времени '48,827' секунд
2018-02-05 15:28:12.1018 INFO Начало получения телеканалов с тв-программой
urid='http://www.teleguide.info/download/old/inter-tv.zip';
outputfile='TGInterTVOld.txt'
2018-02-05 15:28:12.1074 TRACE Определен каталог для сохранения: 'K:\Projects\TVProgViewer\src\TVProgUpdater\TVProgUpdater\bin\Debug\2018-02-05'
2018-02-05 15:28:12.1074 TRACE Требуется загрузка из интернета
2018-02-05 15:28:12.1074 INFO Начало запроса ресурса.
2018-02-05 15:28:12.3547 TRACE Ресурс успешно получен в поток.
2018-02-05 15:28:12.3580 INFO Content-Encoding неопределен, пробуем распаковать по заголовку ContentType:
2018-02-05 15:28:12.3580 TRACE Content-Type = 'application/zip'
2018-02-05 15:28:22.4131 TRACE Zip-архив успешно распакован.
2018-02-05 15:28:22.4131 INFO Получение каналов и тв-программы успешно завершено. Затрачено времени '10,306' секунд
2018-02-05 15:28:32.1744 INFO Начало получения телеканалов с тв-программой
urid='http://www.teleguide.info/download/new3/inter-tv.zip';
outputfile='TGInterTVNew.txt'
2018-02-05 15:28:32.1744 TRACE Определен каталог для сохранения: 'K:\Projects\TVProgViewer\src\TVProgUpdater\TVProgUpdater\bin\Debug\2018-02-05'
2018-02-05 15:28:32.1744 TRACE Требуется загрузка из интернета
2018-02-05 15:28:32.1744 INFO Начало запроса ресурса.
2018-02-05 15:28:32.4136 TRACE Ресурс успешно получен в поток.
2018-02-05 15:28:32.4136 INFO Content-Encoding неопределен, пробуем распаковать по заголовку ContentType:
2018-02-05 15:28:32.4136 TRACE Content-Type = 'application/zip'
2018-02-05 15:28:52.6773 TRACE Zip-архив успешно распакован.
2018-02-05 15:28:52.6773 INFO Получение каналов и тв-программы успешно завершено. Затрачено времени '20,501' секунд
2018-02-05 15:29:02.6225 INFO Начало получения телеканалов с тв-программой
urid='http://tele.perm.ru/download/tvguide.xml.gz';
outputfile='TPXmlTvNew.xml'
2018-02-05 15:29:02.6225 TRACE Определен каталог для сохранения: 'K:\Projects\TVProgViewer\src\TVProgUpdater\TVProgUpdater\bin\Debug\2018-02-05'
2018-02-05 15:29:02.6225 TRACE Требуется загрузка из интернета
2018-02-05 15:29:02.6225 INFO Начало запроса ресурса.
2018-02-05 15:29:04.0355 TRACE Ресурс успешно получен в поток.
2018-02-05 15:29:04.0355 INFO Content-Encoding неопределен, пробуем распаковать по заголовку ContentType:
2018-02-05 15:29:04.0355 TRACE Content-Type = 'application/octet-stream'
2018-02-05 15:29:04.2117 TRACE GZip-архив octet-stream успешно распакован.
2018-02-05 15:29:04.2117 INFO Получение каналов и тв-программы успешно завершено. Затрачено времени '1,585' секунд
