2018-01-08 11:54:54.3320 INFO  =========== Начало обновления ============ 
2018-01-08 11:54:56.1094 INFO Начало получения ресурсов из базы.
2018-01-08 11:54:58.9974 TRACE Ресурсы из базы успешно получены: WRID = '1', FileName = 'TGXmlTvOld.xml', ResourceName = 'Ресурс teleguide.info старой телепрограммы (XMLTV)', ResourceUrl ='http://www.teleguide.info/download/old/xmltv.xml.gz';WRID = '2', FileName = 'TGXmlTvNew.xml', ResourceName = 'Ресурс teleguide.info новой телепрограммы (XMLTV)', ResourceUrl ='http://www.teleguide.info/download/new3/xmltv.xml.gz';WRID = '3', FileName = 'TGInterTVOld.txt', ResourceName = 'Ресурс teleguide.info старой телепрограммы (Интер-ТВ)', ResourceUrl ='http://www.teleguide.info/download/old/inter-tv.zip';WRID = '4', FileName = 'TGInterTVNew.txt', ResourceName = 'Ресурс teleguide.info новой телепрограммы (Интер-ТВ)', ResourceUrl ='http://www.teleguide.info/download/new3/inter-tv.zip';WRID = '6', FileName = 'TPXmlTvNew.xml', ResourceName = 'Ресурс tele.perm.ru (XMLTV)', ResourceUrl ='http://tele.perm.ru/download/tvguide.xml.gz'
2018-01-08 11:54:58.9974 INFO Обновление для ID='6'
2018-01-08 11:55:05.2253 INFO Каналы и тв-программа ID='6' подготовлены к запуску обработки в базе
2018-01-08 11:56:12.7863 INFO Обновление для ID='6' успешно завершено. Затрачено '73,775' сек.
2018-01-08 11:56:12.7863 INFO  ========== Обновление завершено ========== (Затрачено: 78,307 сек.)
2018-01-08 11:58:09.7156 INFO  =========== Начало обновления ============ 
2018-01-08 11:58:09.8687 INFO Начало получения ресурсов из базы.
2018-01-08 11:58:10.2340 TRACE Ресурсы из базы успешно получены: WRID = '1', FileName = 'TGXmlTvOld.xml', ResourceName = 'Ресурс teleguide.info старой телепрограммы (XMLTV)', ResourceUrl ='http://www.teleguide.info/download/old/xmltv.xml.gz';WRID = '2', FileName = 'TGXmlTvNew.xml', ResourceName = 'Ресурс teleguide.info новой телепрограммы (XMLTV)', ResourceUrl ='http://www.teleguide.info/download/new3/xmltv.xml.gz';WRID = '3', FileName = 'TGInterTVOld.txt', ResourceName = 'Ресурс teleguide.info старой телепрограммы (Интер-ТВ)', ResourceUrl ='http://www.teleguide.info/download/old/inter-tv.zip';WRID = '4', FileName = 'TGInterTVNew.txt', ResourceName = 'Ресурс teleguide.info новой телепрограммы (Интер-ТВ)', ResourceUrl ='http://www.teleguide.info/download/new3/inter-tv.zip';WRID = '6', FileName = 'TPXmlTvNew.xml', ResourceName = 'Ресурс tele.perm.ru (XMLTV)', ResourceUrl ='http://tele.perm.ru/download/tvguide.xml.gz'
2018-01-08 11:58:52.2889 INFO  =========== Начало обновления ============ 
2018-01-08 11:58:52.4280 INFO Начало получения ресурсов из базы.
2018-01-08 11:58:52.8581 TRACE Ресурсы из базы успешно получены: WRID = '1', FileName = 'TGXmlTvOld.xml', ResourceName = 'Ресурс teleguide.info старой телепрограммы (XMLTV)', ResourceUrl ='http://www.teleguide.info/download/old/xmltv.xml.gz';WRID = '2', FileName = 'TGXmlTvNew.xml', ResourceName = 'Ресурс teleguide.info новой телепрограммы (XMLTV)', ResourceUrl ='http://www.teleguide.info/download/new3/xmltv.xml.gz';WRID = '3', FileName = 'TGInterTVOld.txt', ResourceName = 'Ресурс teleguide.info старой телепрограммы (Интер-ТВ)', ResourceUrl ='http://www.teleguide.info/download/old/inter-tv.zip';WRID = '4', FileName = 'TGInterTVNew.txt', ResourceName = 'Ресурс teleguide.info новой телепрограммы (Интер-ТВ)', ResourceUrl ='http://www.teleguide.info/download/new3/inter-tv.zip';WRID = '6', FileName = 'TPXmlTvNew.xml', ResourceName = 'Ресурс tele.perm.ru (XMLTV)', ResourceUrl ='http://tele.perm.ru/download/tvguide.xml.gz'
2018-01-08 11:58:54.6459 INFO Обновление для ID='1'
2018-01-08 11:59:00.7510 INFO Каналы и тв-программа ID='1' подготовлены к запуску обработки в базе
2018-01-08 11:59:16.5412 INFO Обновление для ID='1' успешно завершено. Затрачено '21,893' сек.
2018-01-08 11:59:16.5422 INFO Обновление для ID='2'
2018-01-08 11:59:20.3801 INFO Каналы и тв-программа ID='2' подготовлены к запуску обработки в базе
2018-01-08 12:01:35.2186 INFO Обработка каналов и тв-программы ID='2' завершена. Начало загрузки пиктограмм.
2018-01-08 12:01:55.0714 INFO Загрузка пиктограмм завершена. Потребовалось 19,85 сек.
2018-01-08 12:01:55.0735 INFO Обновление для ID='2' успешно завершено. Затрачено '158,527' сек.
2018-01-08 12:01:55.0735 INFO Обновление для ID='3'
2018-01-08 12:02:00.1968 INFO Каналы и тв-программа ID='3' подготовлены к запуску обработки в базе
2018-01-08 12:02:32.8894 INFO Обновление для ID='3' успешно завершено. Затрачено '37,815' сек.
2018-01-08 12:02:32.8894 INFO Обновление для ID='4'
2018-01-08 12:02:36.5387 INFO Каналы и тв-программа ID='4' подготовлены к запуску обработки в базе
2018-01-08 12:06:34.5147 INFO Обновление для ID='4' успешно завершено. Затрачено '241,621' сек.
2018-01-08 12:06:34.5147 INFO Обновление для ID='6'
2018-01-08 12:06:35.8736 INFO Каналы и тв-программа ID='6' подготовлены к запуску обработки в базе
2018-01-08 12:06:38.0213 INFO Обновление для ID='6' успешно завершено. Затрачено '3,5' сек.
2018-01-08 12:06:38.0213 INFO  ========== Обновление завершено ========== (Затрачено: 465,711 сек.)
