2018-01-08 11:54:59.0223 INFO Начало получения телеканалов с тв-программой
urid='http://tele.perm.ru/download/tvguide.xml.gz';
outputfile='TPXmlTvNew.xml'
2018-01-08 11:54:59.0293 TRACE Определен каталог для сохранения: 'K:\Projects\TVProgViewer\src\TVProgUpdater\TVProgUpdater\bin\Debug\2018-01-08'
2018-01-08 11:54:59.0293 TRACE Требуется загрузка из интернета
2018-01-08 11:54:59.0293 INFO Начало запроса ресурса.
2018-01-08 11:55:00.1502 TRACE Ресурс успешно получен в поток.
2018-01-08 11:55:00.1512 INFO Content-Encoding неопределен, пробуем распаковать по заголовку ContentType:
2018-01-08 11:55:00.1512 TRACE Content-Type = 'application/octet-stream'
2018-01-08 11:55:00.1915 TRACE GZip-архив octet-stream успешно распакован.
2018-01-08 11:55:00.1915 INFO Получение каналов и тв-программы успешно завершено. Затрачено времени '1,166' секунд
2018-01-08 11:58:54.6459 INFO Начало получения телеканалов с тв-программой
urid='http://www.teleguide.info/download/old/xmltv.xml.gz';
outputfile='TGXmlTvOld.xml'
2018-01-08 11:58:54.6459 TRACE Определен каталог для сохранения: 'K:\Projects\TVProgViewer\src\TVProgUpdater\TVProgUpdater\bin\Debug\2018-01-08'
2018-01-08 11:58:54.6459 TRACE Требуется загрузка из интернета
2018-01-08 11:58:54.6459 INFO Начало запроса ресурса.
2018-01-08 11:58:55.0692 TRACE Ресурс успешно получен в поток.
2018-01-08 11:58:55.0692 INFO Content-Encoding неопределен, пробуем распаковать по заголовку ContentType:
2018-01-08 11:58:55.0692 TRACE Content-Type = 'application/octet-stream'
2018-01-08 11:58:59.2784 TRACE GZip-архив octet-stream успешно распакован.
2018-01-08 11:58:59.2784 INFO Получение каналов и тв-программы успешно завершено. Затрачено времени '4,629' секунд
2018-01-08 11:59:16.5422 INFO Начало получения телеканалов с тв-программой
urid='http://www.teleguide.info/download/new3/xmltv.xml.gz';
outputfile='TGXmlTvNew.xml'
2018-01-08 11:59:16.5422 TRACE Определен каталог для сохранения: 'K:\Projects\TVProgViewer\src\TVProgUpdater\TVProgUpdater\bin\Debug\2018-01-08'
2018-01-08 11:59:16.5422 TRACE Требуется загрузка из интернета
2018-01-08 11:59:16.5422 INFO Начало запроса ресурса.
2018-01-08 11:59:16.7138 TRACE Ресурс успешно получен в поток.
2018-01-08 11:59:16.7138 INFO Content-Encoding неопределен, пробуем распаковать по заголовку ContentType:
2018-01-08 11:59:16.7138 TRACE Content-Type = 'application/octet-stream'
2018-01-08 11:59:18.9078 TRACE GZip-архив octet-stream успешно распакован.
2018-01-08 11:59:18.9078 INFO Получение каналов и тв-программы успешно завершено. Затрачено времени '2,361' секунд
2018-01-08 12:01:55.0735 INFO Начало получения телеканалов с тв-программой
urid='http://www.teleguide.info/download/old/inter-tv.zip';
outputfile='TGInterTVOld.txt'
2018-01-08 12:01:55.0735 TRACE Определен каталог для сохранения: 'K:\Projects\TVProgViewer\src\TVProgUpdater\TVProgUpdater\bin\Debug\2018-01-08'
2018-01-08 12:01:55.0735 TRACE Требуется загрузка из интернета
2018-01-08 12:01:55.0735 INFO Начало запроса ресурса.
2018-01-08 12:01:55.4410 TRACE Ресурс успешно получен в поток.
2018-01-08 12:01:55.4410 INFO Content-Encoding неопределен, пробуем распаковать по заголовку ContentType:
2018-01-08 12:01:55.4410 TRACE Content-Type = 'application/zip'
2018-01-08 12:01:58.3005 TRACE Zip-архив успешно распакован.
2018-01-08 12:01:58.3005 INFO Получение каналов и тв-программы успешно завершено. Затрачено времени '3,226' секунд
2018-01-08 12:02:32.8894 INFO Начало получения телеканалов с тв-программой
urid='http://www.teleguide.info/download/new3/inter-tv.zip';
outputfile='TGInterTVNew.txt'
2018-01-08 12:02:32.8894 TRACE Определен каталог для сохранения: 'K:\Projects\TVProgViewer\src\TVProgUpdater\TVProgUpdater\bin\Debug\2018-01-08'
2018-01-08 12:02:32.8894 TRACE Требуется загрузка из интернета
2018-01-08 12:02:32.8894 INFO Начало запроса ресурса.
2018-01-08 12:02:33.0310 TRACE Ресурс успешно получен в поток.
2018-01-08 12:02:33.0310 INFO Content-Encoding неопределен, пробуем распаковать по заголовку ContentType:
2018-01-08 12:02:33.0310 TRACE Content-Type = 'application/zip'
2018-01-08 12:02:34.5743 TRACE Zip-архив успешно распакован.
2018-01-08 12:02:34.5743 INFO Получение каналов и тв-программы успешно завершено. Затрачено времени '1,68' секунд
2018-01-08 12:06:34.5147 INFO Начало получения телеканалов с тв-программой
urid='http://tele.perm.ru/download/tvguide.xml.gz';
outputfile='TPXmlTvNew.xml'
2018-01-08 12:06:34.5280 TRACE Определен каталог для сохранения: 'K:\Projects\TVProgViewer\src\TVProgUpdater\TVProgUpdater\bin\Debug\2018-01-08'
2018-01-08 12:06:34.5280 TRACE Требуется загрузка из интернета
2018-01-08 12:06:34.5280 INFO Начало запроса ресурса.
2018-01-08 12:06:35.6204 TRACE Ресурс успешно получен в поток.
2018-01-08 12:06:35.6204 INFO Content-Encoding неопределен, пробуем распаковать по заголовку ContentType:
2018-01-08 12:06:35.6204 TRACE Content-Type = 'application/octet-stream'
2018-01-08 12:06:35.6564 TRACE GZip-архив octet-stream успешно распакован.
2018-01-08 12:06:35.6564 INFO Получение каналов и тв-программы успешно завершено. Затрачено времени '1,129' секунд
