2015-04-11 22:10:47.0937 INFO  =========== Начало обновления ============ 
2015-04-11 22:10:47.5410 INFO Начало получения ресурсов из базы.
2015-04-11 22:10:49.8544 TRACE Ресурсы из базы успешно получены: WRID = '1', FileName = 'TGXmlTvOld.xml', ResourceName = 'Ресурс teleguide.info старой телепрограммы (XMLTV)', ResourceUrl ='http://www.teleguide.info/download/old/xmltv.xml.gz';WRID = '2', FileName = 'TGXmlTvNew.xml', ResourceName = 'Ресурс teleguide.info новой телепрограммы (XMLTV)', ResourceUrl ='http://www.teleguide.info/download/new3/xmltv.xml.gz';WRID = '3', FileName = 'TGInterTVOld.txt', ResourceName = 'Ресурс teleguide.info старой телепрограммы (Интер-ТВ)', ResourceUrl ='http://www.teleguide.info/download/old/inter-tv.zip';WRID = '4', FileName = 'TGInterTVNew.txt', ResourceName = 'Ресурс teleguide.info новой телепрограммы (Интер-ТВ)', ResourceUrl ='http://www.teleguide.info/download/new3/inter-tv.zip'
2015-04-11 22:10:49.8652 INFO Обновление для ID='1'
2015-04-11 22:11:07.2724 ERROR Обновление тв-программы прошло неуспешно: ErrMessage='Файл 'H:\Projects\TVProgViewer\src\TVProgUpdater\TVProgUpdater\bin\Release\2015-04-11\TGXmlTvOld.xml' не найден.', StackTrace='   в System.IO.__Error.WinIOError(Int32 errorCode, String maybeFullPath)
   в System.IO.FileStream.Init(String path, FileMode mode, FileAccess access, Int32 rights, Boolean useRights, FileShare share, Int32 bufferSize, FileOptions options, SECURITY_ATTRIBUTES secAttrs, String msgPath, Boolean bFromProxy, Boolean useLongPath, Boolean checkHost)
   в System.IO.FileStream..ctor(String path, FileMode mode, FileAccess access, FileShare share, Int32 bufferSize)
   в System.Xml.XmlDownloadManager.GetStream(Uri uri, ICredentials credentials, IWebProxy proxy, RequestCachePolicy cachePolicy)
   в System.Xml.XmlUrlResolver.GetEntity(Uri absoluteUri, String role, Type ofObjectToReturn)
   в System.Xml.XmlTextReaderImpl.FinishInitUriString()
   в System.Xml.XmlTextReaderImpl..ctor(String uriStr, XmlReaderSettings settings, XmlParserContext context, XmlResolver uriResolver)
   в System.Xml.XmlReaderSettings.CreateReader(String inputUri, XmlParserContext inputContext)
   в System.Xml.XmlReader.Create(String inputUri, XmlReaderSettings settings, XmlParserContext inputContext)
   в System.Xml.Linq.XDocument.Load(String uri, LoadOptions options)
   в TVProgUpdater.Program.Main(String[] args) в h:\Projects\TVProgViewer\src\TVProgUpdater\TVProgUpdater\Program.cs:строка 35'
2015-04-11 22:11:07.2978 INFO Обновление для ID='2'
2015-04-11 22:11:19.3730 ERROR Обновление тв-программы прошло неуспешно: ErrMessage='Файл 'H:\Projects\TVProgViewer\src\TVProgUpdater\TVProgUpdater\bin\Release\2015-04-11\TGXmlTvNew.xml' не найден.', StackTrace='   в System.IO.__Error.WinIOError(Int32 errorCode, String maybeFullPath)
   в System.IO.FileStream.Init(String path, FileMode mode, FileAccess access, Int32 rights, Boolean useRights, FileShare share, Int32 bufferSize, FileOptions options, SECURITY_ATTRIBUTES secAttrs, String msgPath, Boolean bFromProxy, Boolean useLongPath, Boolean checkHost)
   в System.IO.FileStream..ctor(String path, FileMode mode, FileAccess access, FileShare share, Int32 bufferSize)
   в System.Xml.XmlDownloadManager.GetStream(Uri uri, ICredentials credentials, IWebProxy proxy, RequestCachePolicy cachePolicy)
   в System.Xml.XmlUrlResolver.GetEntity(Uri absoluteUri, String role, Type ofObjectToReturn)
   в System.Xml.XmlTextReaderImpl.FinishInitUriString()
   в System.Xml.XmlTextReaderImpl..ctor(String uriStr, XmlReaderSettings settings, XmlParserContext context, XmlResolver uriResolver)
   в System.Xml.XmlReaderSettings.CreateReader(String inputUri, XmlParserContext inputContext)
   в System.Xml.XmlReader.Create(String inputUri, XmlReaderSettings settings, XmlParserContext inputContext)
   в System.Xml.Linq.XDocument.Load(String uri, LoadOptions options)
   в TVProgUpdater.Program.Main(String[] args) в h:\Projects\TVProgViewer\src\TVProgUpdater\TVProgUpdater\Program.cs:строка 35'
2015-04-11 22:11:19.3974 INFO Обновление для ID='3'
2015-04-11 22:11:41.3994 INFO Каналы и тв-программа ID='3' подготовлены к запуску обработки в базе
2015-04-11 22:11:42.4189 INFO Обновление для ID='3' успешно завершено. Затрачено '23,017' сек.
2015-04-11 22:11:42.4277 INFO Обновление для ID='4'
2015-04-11 22:12:03.6113 INFO Каналы и тв-программа ID='4' подготовлены к запуску обработки в базе
2015-04-11 22:12:03.6113 INFO Обновление для ID='4' успешно завершено. Затрачено '21,187' сек.
2015-04-11 22:12:03.6113 INFO  ========== Обновление завершено ========== (Затрачено: 76,089 сек.)
2015-04-11 22:16:18.2529 INFO  =========== Начало обновления ============ 
2015-04-11 22:16:18.9990 INFO Начало получения ресурсов из базы.
2015-04-11 22:16:25.0820 TRACE Ресурсы из базы успешно получены: WRID = '1', FileName = 'TGXmlTvOld.xml', ResourceName = 'Ресурс teleguide.info старой телепрограммы (XMLTV)', ResourceUrl ='http://www.teleguide.info/download/old/xmltv.xml.gz';WRID = '2', FileName = 'TGXmlTvNew.xml', ResourceName = 'Ресурс teleguide.info новой телепрограммы (XMLTV)', ResourceUrl ='http://www.teleguide.info/download/new3/xmltv.xml.gz';WRID = '3', FileName = 'TGInterTVOld.txt', ResourceName = 'Ресурс teleguide.info старой телепрограммы (Интер-ТВ)', ResourceUrl ='http://www.teleguide.info/download/old/inter-tv.zip';WRID = '4', FileName = 'TGInterTVNew.txt', ResourceName = 'Ресурс teleguide.info новой телепрограммы (Интер-ТВ)', ResourceUrl ='http://www.teleguide.info/download/new3/inter-tv.zip'
2015-04-11 22:16:25.2812 INFO Обновление для ID='1'
2015-04-11 22:16:49.0908 ERROR Обновление тв-программы прошло неуспешно: ErrMessage='Файл 'H:\Projects\TVProgViewer\src\TVProgUpdater\TVProgUpdater\bin\Release\2015-04-11\TGXmlTvOld.xml' не найден.', StackTrace='   в System.IO.__Error.WinIOError(Int32 errorCode, String maybeFullPath)
   в System.IO.FileStream.Init(String path, FileMode mode, FileAccess access, Int32 rights, Boolean useRights, FileShare share, Int32 bufferSize, FileOptions options, SECURITY_ATTRIBUTES secAttrs, String msgPath, Boolean bFromProxy, Boolean useLongPath, Boolean checkHost)
   в System.IO.FileStream..ctor(String path, FileMode mode, FileAccess access, FileShare share, Int32 bufferSize)
   в System.Xml.XmlDownloadManager.GetStream(Uri uri, ICredentials credentials, IWebProxy proxy, RequestCachePolicy cachePolicy)
   в System.Xml.XmlUrlResolver.GetEntity(Uri absoluteUri, String role, Type ofObjectToReturn)
   в System.Xml.XmlTextReaderImpl.FinishInitUriString()
   в System.Xml.XmlTextReaderImpl..ctor(String uriStr, XmlReaderSettings settings, XmlParserContext context, XmlResolver uriResolver)
   в System.Xml.XmlReaderSettings.CreateReader(String inputUri, XmlParserContext inputContext)
   в System.Xml.XmlReader.Create(String inputUri, XmlReaderSettings settings, XmlParserContext inputContext)
   в System.Xml.Linq.XDocument.Load(String uri, LoadOptions options)
   в TVProgUpdater.Program.Main(String[] args) в h:\Projects\TVProgViewer\src\TVProgUpdater\TVProgUpdater\Program.cs:строка 35'
2015-04-11 22:16:49.5273 INFO Обновление для ID='2'
2015-04-11 22:17:29.5810 INFO Каналы и тв-программа ID='2' подготовлены к запуску обработки в базе
2015-04-11 22:19:25.1796 INFO Обновление для ID='2' успешно завершено. Затрачено '155,621' сек.
2015-04-11 22:19:25.2246 INFO Обновление для ID='3'
2015-04-11 22:19:48.7353 INFO Каналы и тв-программа ID='3' подготовлены к запуску обработки в базе
2015-04-11 22:21:01.1455 INFO Обновление для ID='3' успешно завершено. Затрачено '95,896' сек.
2015-04-11 22:21:01.1972 INFO Обновление для ID='4'
2015-04-11 22:21:11.4804 INFO Каналы и тв-программа ID='4' подготовлены к запуску обработки в базе
2015-04-11 22:22:16.2324 INFO Обновление для ID='4' успешно завершено. Затрачено '75,021' сек.
2015-04-11 22:22:16.2656 INFO  ========== Обновление завершено ========== (Затрачено: 357,288 сек.)
