2015-04-11 22:10:49.9472 INFO Начало получения телеканалов с тв-программой
urid='http://www.teleguide.info/download/old/xmltv.xml.gz';
outputfile='TGXmlTvOld.xml'
2015-04-11 22:10:50.0371 TRACE Определен каталог для сохранения: 'H:\Projects\TVProgViewer\src\TVProgUpdater\TVProgUpdater\bin\Release\2015-04-11'
2015-04-11 22:10:50.0371 TRACE Требуется загрузка из интернета
2015-04-11 22:10:50.0371 INFO Начало запроса ресурса.
2015-04-11 22:11:06.3632 ERROR Получение каналов и тв-программы завершилось с ошибкой: Message = 'Невозможно разрешить удаленное имя: 'www.teleguide.info''
StackTrace = '   в System.Net.HttpWebRequest.GetResponse()
   в TVProgUpdater.WebPart.GetWebTVProgramm(Uri uri, String& outputFileName) в h:\Projects\TVProgViewer\src\TVProgUpdater\TVProgUpdater\WebPart.cs:строка 54'.
2015-04-11 22:11:07.2978 INFO Начало получения телеканалов с тв-программой
urid='http://www.teleguide.info/download/new3/xmltv.xml.gz';
outputfile='TGXmlTvNew.xml'
2015-04-11 22:11:07.2978 TRACE Определен каталог для сохранения: 'H:\Projects\TVProgViewer\src\TVProgUpdater\TVProgUpdater\bin\Release\2015-04-11'
2015-04-11 22:11:07.2978 TRACE Требуется загрузка из интернета
2015-04-11 22:11:07.3125 INFO Начало запроса ресурса.
2015-04-11 22:11:19.3222 ERROR Получение каналов и тв-программы завершилось с ошибкой: Message = 'Невозможно разрешить удаленное имя: 'www.teleguide.info''
StackTrace = '   в System.Net.HttpWebRequest.GetResponse()
   в TVProgUpdater.WebPart.GetWebTVProgramm(Uri uri, String& outputFileName) в h:\Projects\TVProgViewer\src\TVProgUpdater\TVProgUpdater\WebPart.cs:строка 54'.
2015-04-11 22:11:19.3974 INFO Начало получения телеканалов с тв-программой
urid='http://www.teleguide.info/download/old/inter-tv.zip';
outputfile='TGInterTVOld.txt'
2015-04-11 22:11:19.4062 TRACE Определен каталог для сохранения: 'H:\Projects\TVProgViewer\src\TVProgUpdater\TVProgUpdater\bin\Release\2015-04-11'
2015-04-11 22:11:19.4062 TRACE Требуется загрузка из интернета
2015-04-11 22:11:19.4062 INFO Начало запроса ресурса.
2015-04-11 22:11:41.1748 ERROR Получение каналов и тв-программы завершилось с ошибкой: Message = 'Невозможно соединиться с удаленным сервером'
StackTrace = '   в System.Net.HttpWebRequest.GetResponse()
   в TVProgUpdater.WebPart.GetWebTVProgramm(Uri uri, String& outputFileName) в h:\Projects\TVProgViewer\src\TVProgUpdater\TVProgUpdater\WebPart.cs:строка 54'.
2015-04-11 22:11:42.4277 INFO Начало получения телеканалов с тв-программой
urid='http://www.teleguide.info/download/new3/inter-tv.zip';
outputfile='TGInterTVNew.txt'
2015-04-11 22:11:42.4277 TRACE Определен каталог для сохранения: 'H:\Projects\TVProgViewer\src\TVProgUpdater\TVProgUpdater\bin\Release\2015-04-11'
2015-04-11 22:11:42.4375 TRACE Требуется загрузка из интернета
2015-04-11 22:11:42.4375 INFO Начало запроса ресурса.
2015-04-11 22:12:03.5830 ERROR Получение каналов и тв-программы завершилось с ошибкой: Message = 'Невозможно соединиться с удаленным сервером'
StackTrace = '   в System.Net.HttpWebRequest.GetResponse()
   в TVProgUpdater.WebPart.GetWebTVProgramm(Uri uri, String& outputFileName) в h:\Projects\TVProgViewer\src\TVProgUpdater\TVProgUpdater\WebPart.cs:строка 54'.
2015-04-11 22:16:25.3779 INFO Начало получения телеканалов с тв-программой
urid='http://www.teleguide.info/download/old/xmltv.xml.gz';
outputfile='TGXmlTvOld.xml'
2015-04-11 22:16:25.5214 TRACE Определен каталог для сохранения: 'H:\Projects\TVProgViewer\src\TVProgUpdater\TVProgUpdater\bin\Release\2015-04-11'
2015-04-11 22:16:25.5898 TRACE Требуется загрузка из интернета
2015-04-11 22:16:25.6386 INFO Начало запроса ресурса.
2015-04-11 22:16:48.4814 ERROR Получение каналов и тв-программы завершилось с ошибкой: Message = 'Невозможно соединиться с удаленным сервером'
StackTrace = '   в System.Net.HttpWebRequest.GetResponse()
   в TVProgUpdater.WebPart.GetWebTVProgramm(Uri uri, String& outputFileName) в h:\Projects\TVProgViewer\src\TVProgUpdater\TVProgUpdater\WebPart.cs:строка 54'.
2015-04-11 22:16:49.5605 INFO Начало получения телеканалов с тв-программой
urid='http://www.teleguide.info/download/new3/xmltv.xml.gz';
outputfile='TGXmlTvNew.xml'
2015-04-11 22:16:49.6757 TRACE Определен каталог для сохранения: 'H:\Projects\TVProgViewer\src\TVProgUpdater\TVProgUpdater\bin\Release\2015-04-11'
2015-04-11 22:16:49.7119 TRACE Требуется загрузка из интернета
2015-04-11 22:16:49.7324 INFO Начало запроса ресурса.
2015-04-11 22:17:09.8447 TRACE Ресурс успешно получен в поток.
2015-04-11 22:17:09.8447 INFO Content-Encoding неопределен, пробуем распаковать по заголовку ContentType:
2015-04-11 22:17:09.8447 TRACE Content-Type = 'application/octet-stream'
2015-04-11 22:17:20.6494 TRACE GZip-архив octet-stream успешно распакован.
2015-04-11 22:17:20.6494 INFO Получение каналов и тв-программы успешно завершено. Затрачено времени '30,975' секунд
2015-04-11 22:19:25.2500 INFO Начало получения телеканалов с тв-программой
urid='http://www.teleguide.info/download/old/inter-tv.zip';
outputfile='TGInterTVOld.txt'
2015-04-11 22:19:25.3398 TRACE Определен каталог для сохранения: 'H:\Projects\TVProgViewer\src\TVProgUpdater\TVProgUpdater\bin\Release\2015-04-11'
2015-04-11 22:19:25.3789 TRACE Требуется загрузка из интернета
2015-04-11 22:19:25.3955 INFO Начало запроса ресурса.
2015-04-11 22:19:25.6435 TRACE Ресурс успешно получен в поток.
2015-04-11 22:19:25.6630 INFO Content-Encoding неопределен, пробуем распаковать по заголовку ContentType:
2015-04-11 22:19:25.6787 TRACE Content-Type = 'application/zip'
2015-04-11 22:19:40.1347 TRACE Zip-архив успешно распакован.
2015-04-11 22:19:40.1562 INFO Получение каналов и тв-программы успешно завершено. Затрачено времени '14,816' секунд
2015-04-11 22:21:01.2119 INFO Начало получения телеканалов с тв-программой
urid='http://www.teleguide.info/download/new3/inter-tv.zip';
outputfile='TGInterTVNew.txt'
2015-04-11 22:21:01.3037 TRACE Определен каталог для сохранения: 'H:\Projects\TVProgViewer\src\TVProgUpdater\TVProgUpdater\bin\Release\2015-04-11'
2015-04-11 22:21:01.3486 TRACE Требуется загрузка из интернета
2015-04-11 22:21:01.3632 INFO Начало запроса ресурса.
2015-04-11 22:21:01.4531 TRACE Ресурс успешно получен в поток.
2015-04-11 22:21:01.4697 INFO Content-Encoding неопределен, пробуем распаковать по заголовку ContentType:
2015-04-11 22:21:01.5039 TRACE Content-Type = 'application/zip'
2015-04-11 22:21:05.1943 TRACE Zip-архив успешно распакован.
2015-04-11 22:21:05.2226 INFO Получение каналов и тв-программы успешно завершено. Затрачено времени '3,918' секунд
