2015-05-03 18:41:49.6955 INFO Начало конвертации Интер-ТВ в XMLTV
2015-05-03 18:41:49.7287 TRACE Открываем файл с телепрограммой в формате Интер-ТВ: 'H:\Projects\TVProgViewer\src\TVProgUpdater\TVProgUpdater\bin\Release\2015-05-03\TGInterTVOld.txt'
2015-05-03 18:41:49.8117 TRACE Парсинг каналов
2015-05-03 18:41:50.3771 TRACE Парсинг тв-программ
2015-05-03 18:41:55.3674 TRACE Парсинг каналов и тв-программы прошёл успешно. Затрачено '5,638' сек.
2015-05-03 18:42:33.1144 INFO Начало конвертации Интер-ТВ в XMLTV
2015-05-03 18:42:33.1301 TRACE Открываем файл с телепрограммой в формате Интер-ТВ: 'H:\Projects\TVProgViewer\src\TVProgUpdater\TVProgUpdater\bin\Release\2015-05-03\TGInterTVNew.txt'
2015-05-03 18:42:33.1633 TRACE Парсинг каналов
2015-05-03 18:42:33.5558 TRACE Парсинг тв-программ
2015-05-03 18:42:37.3137 TRACE Парсинг каналов и тв-программы прошёл успешно. Затрачено '4,184' сек.
2015-05-03 19:15:21.1828 INFO Начало конвертации Интер-ТВ в XMLTV
2015-05-03 19:15:21.2590 TRACE Открываем файл с телепрограммой в формате Интер-ТВ: 'H:\Projects\TVProgViewer\src\TVProgUpdater\TVProgUpdater\bin\Release\2015-05-03\TGInterTVOld.txt'
2015-05-03 19:15:21.2765 TRACE Парсинг каналов
2015-05-03 19:15:21.9777 TRACE Парсинг тв-программ
2015-05-03 19:15:25.9748 TRACE Парсинг каналов и тв-программы прошёл успешно. Затрачено '4,711' сек.
2015-05-03 19:15:54.9142 INFO Начало конвертации Интер-ТВ в XMLTV
2015-05-03 19:15:54.9250 TRACE Открываем файл с телепрограммой в формате Интер-ТВ: 'H:\Projects\TVProgViewer\src\TVProgUpdater\TVProgUpdater\bin\Release\2015-05-03\TGInterTVNew.txt'
2015-05-03 19:15:54.9699 TRACE Парсинг каналов
2015-05-03 19:15:55.4172 TRACE Парсинг тв-программ
2015-05-03 19:15:58.8879 TRACE Парсинг каналов и тв-программы прошёл успешно. Затрачено '3,962' сек.
