2015-05-03 18:37:52.2502 INFO  =========== Начало обновления ============ 
2015-05-03 18:37:52.9133 INFO Начало получения ресурсов из базы.
2015-05-03 18:37:54.8957 TRACE Ресурсы из базы успешно получены: WRID = '1', FileName = 'TGXmlTvOld.xml', ResourceName = 'Ресурс teleguide.info старой телепрограммы (XMLTV)', ResourceUrl ='http://www.teleguide.info/download/old/xmltv.xml.gz';WRID = '2', FileName = 'TGXmlTvNew.xml', ResourceName = 'Ресурс teleguide.info новой телепрограммы (XMLTV)', ResourceUrl ='http://www.teleguide.info/download/new3/xmltv.xml.gz';WRID = '3', FileName = 'TGInterTVOld.txt', ResourceName = 'Ресурс teleguide.info старой телепрограммы (Интер-ТВ)', ResourceUrl ='http://www.teleguide.info/download/old/inter-tv.zip';WRID = '4', FileName = 'TGInterTVNew.txt', ResourceName = 'Ресурс teleguide.info новой телепрограммы (Интер-ТВ)', ResourceUrl ='http://www.teleguide.info/download/new3/inter-tv.zip'
2015-05-03 18:37:54.9269 INFO Обновление для ID='1'
2015-05-03 18:39:29.1740 INFO Каналы и тв-программа ID='1' подготовлены к запуску обработки в базе
2015-05-03 18:40:32.9504 INFO Обновление для ID='1' успешно завершено. Затрачено '158,021' сек.
2015-05-03 18:40:32.9680 INFO Обновление для ID='2'
2015-05-03 18:41:03.7785 INFO Каналы и тв-программа ID='2' подготовлены к запуску обработки в базе
2015-05-03 18:41:43.3937 INFO Обновление для ID='2' успешно завершено. Затрачено '70,407' сек.
2015-05-03 18:41:43.5402 INFO Обновление для ID='3'
2015-05-03 18:41:55.9279 INFO Каналы и тв-программа ID='3' подготовлены к запуску обработки в базе
2015-05-03 18:42:22.2863 INFO Обновление для ID='3' успешно завершено. Затрачено '38,729' сек.
2015-05-03 18:42:22.3303 INFO Обновление для ID='4'
2015-05-03 18:42:37.8342 INFO Каналы и тв-программа ID='4' подготовлены к запуску обработки в базе
2015-05-03 18:43:02.2472 INFO Обновление для ID='4' успешно завершено. Затрачено '39,901' сек.
2015-05-03 18:43:02.2629 INFO  ========== Обновление завершено ========== (Затрачено: 309,359 сек.)
2015-05-03 19:12:13.6349 INFO  =========== Начало обновления ============ 
2015-05-03 19:12:13.8810 INFO Начало получения ресурсов из базы.
2015-05-03 19:12:15.3801 TRACE Ресурсы из базы успешно получены: WRID = '1', FileName = 'TGXmlTvOld.xml', ResourceName = 'Ресурс teleguide.info старой телепрограммы (XMLTV)', ResourceUrl ='http://www.teleguide.info/download/old/xmltv.xml.gz';WRID = '2', FileName = 'TGXmlTvNew.xml', ResourceName = 'Ресурс teleguide.info новой телепрограммы (XMLTV)', ResourceUrl ='http://www.teleguide.info/download/new3/xmltv.xml.gz';WRID = '3', FileName = 'TGInterTVOld.txt', ResourceName = 'Ресурс teleguide.info старой телепрограммы (Интер-ТВ)', ResourceUrl ='http://www.teleguide.info/download/old/inter-tv.zip';WRID = '4', FileName = 'TGInterTVNew.txt', ResourceName = 'Ресурс teleguide.info новой телепрограммы (Интер-ТВ)', ResourceUrl ='http://www.teleguide.info/download/new3/inter-tv.zip'
2015-05-03 19:12:15.4162 INFO Обновление для ID='1'
2015-05-03 19:13:23.7131 INFO Каналы и тв-программа ID='1' подготовлены к запуску обработки в базе
2015-05-03 19:14:04.7023 INFO Обновление для ID='1' успешно завершено. Затрачено '109,28' сек.
2015-05-03 19:14:04.7101 INFO Обновление для ID='2'
2015-05-03 19:14:37.8849 INFO Каналы и тв-программа ID='2' подготовлены к запуску обработки в базе
2015-05-03 19:15:07.8019 INFO Обновление для ID='2' успешно завершено. Затрачено '63,085' сек.
2015-05-03 19:15:07.8019 INFO Обновление для ID='3'
2015-05-03 19:15:26.8478 INFO Каналы и тв-программа ID='3' подготовлены к запуску обработки в базе
2015-05-03 19:15:52.9289 INFO Обновление для ID='3' успешно завершено. Затрачено '44,942' сек.
2015-05-03 19:15:52.9289 INFO Обновление для ID='4'
2015-05-03 19:15:59.3332 INFO Каналы и тв-программа ID='4' подготовлены к запуску обработки в базе
2015-05-03 19:16:26.5959 INFO Обновление для ID='4' успешно завершено. Затрачено '33,654' сек.
2015-05-03 19:16:26.5959 INFO  ========== Обновление завершено ========== (Затрачено: 252,725 сек.)
