2015-05-03 18:37:54.9992 INFO Начало получения телеканалов с тв-программой
urid='http://www.teleguide.info/download/old/xmltv.xml.gz';
outputfile='TGXmlTvOld.xml'
2015-05-03 18:37:55.1896 TRACE Определен каталог для сохранения: 'H:\Projects\TVProgViewer\src\TVProgUpdater\TVProgUpdater\bin\Release\2015-05-03'
2015-05-03 18:37:55.1896 TRACE Требуется загрузка из интернета
2015-05-03 18:37:55.2131 INFO Начало запроса ресурса.
2015-05-03 18:37:57.9963 TRACE Ресурс успешно получен в поток.
2015-05-03 18:37:58.0305 INFO Content-Encoding неопределен, пробуем распаковать по заголовку ContentType:
2015-05-03 18:37:58.0666 TRACE Content-Type = 'application/octet-stream'
2015-05-03 18:38:14.5207 TRACE GZip-архив octet-stream успешно распакован.
2015-05-03 18:38:14.5207 INFO Получение каналов и тв-программы успешно завершено. Затрачено времени '19,443' секунд
2015-05-03 18:40:32.9875 INFO Начало получения телеканалов с тв-программой
urid='http://www.teleguide.info/download/new3/xmltv.xml.gz';
outputfile='TGXmlTvNew.xml'
2015-05-03 18:40:33.0685 TRACE Определен каталог для сохранения: 'H:\Projects\TVProgViewer\src\TVProgUpdater\TVProgUpdater\bin\Release\2015-05-03'
2015-05-03 18:40:33.1027 TRACE Требуется загрузка из интернета
2015-05-03 18:40:33.1242 INFO Начало запроса ресурса.
2015-05-03 18:40:33.2219 TRACE Ресурс успешно получен в поток.
2015-05-03 18:40:33.2424 INFO Content-Encoding неопределен, пробуем распаковать по заголовку ContentType:
2015-05-03 18:40:33.2619 TRACE Content-Type = 'application/octet-stream'
2015-05-03 18:40:38.2521 TRACE GZip-архив octet-stream успешно распакован.
2015-05-03 18:40:38.3156 INFO Получение каналов и тв-программы успешно завершено. Затрачено времени '5,247' секунд
2015-05-03 18:41:43.5588 INFO Начало получения телеканалов с тв-программой
urid='http://www.teleguide.info/download/old/inter-tv.zip';
outputfile='TGInterTVOld.txt'
2015-05-03 18:41:43.6467 TRACE Определен каталог для сохранения: 'H:\Projects\TVProgViewer\src\TVProgUpdater\TVProgUpdater\bin\Release\2015-05-03'
2015-05-03 18:41:43.7082 TRACE Требуется загрузка из интернета
2015-05-03 18:41:43.7355 INFO Начало запроса ресурса.
2015-05-03 18:41:43.8683 TRACE Ресурс успешно получен в поток.
2015-05-03 18:41:43.8830 INFO Content-Encoding неопределен, пробуем распаковать по заголовку ContentType:
2015-05-03 18:41:43.8996 TRACE Content-Type = 'application/zip'
2015-05-03 18:41:49.4562 TRACE Zip-архив успешно распакован.
2015-05-03 18:41:49.4719 INFO Получение каналов и тв-программы успешно завершено. Затрачено времени '5,825' секунд
2015-05-03 18:42:22.3469 INFO Начало получения телеканалов с тв-программой
urid='http://www.teleguide.info/download/new3/inter-tv.zip';
outputfile='TGInterTVNew.txt'
2015-05-03 18:42:22.6086 TRACE Определен каталог для сохранения: 'H:\Projects\TVProgViewer\src\TVProgUpdater\TVProgUpdater\bin\Release\2015-05-03'
2015-05-03 18:42:22.6398 TRACE Требуется загрузка из интернета
2015-05-03 18:42:22.6584 INFO Начало запроса ресурса.
2015-05-03 18:42:22.7482 TRACE Ресурс успешно получен в поток.
2015-05-03 18:42:22.7658 INFO Content-Encoding неопределен, пробуем распаковать по заголовку ContentType:
2015-05-03 18:42:22.7678 TRACE Content-Type = 'application/zip'
2015-05-03 18:42:33.0822 TRACE Zip-архив успешно распакован.
2015-05-03 18:42:33.0969 INFO Получение каналов и тв-программы успешно завершено. Затрачено времени '10,488' секунд
2015-05-03 19:12:15.4328 INFO Начало получения телеканалов с тв-программой
urid='http://www.teleguide.info/download/old/xmltv.xml.gz';
outputfile='TGXmlTvOld.xml'
2015-05-03 19:12:15.6818 TRACE Определен каталог для сохранения: 'H:\Projects\TVProgViewer\src\TVProgUpdater\TVProgUpdater\bin\Release\2015-05-03'
2015-05-03 19:12:15.6935 TRACE Требуется загрузка из интернета
2015-05-03 19:12:15.6935 INFO Начало запроса ресурса.
2015-05-03 19:12:17.4015 TRACE Ресурс успешно получен в поток.
2015-05-03 19:12:17.4269 INFO Content-Encoding неопределен, пробуем распаковать по заголовку ContentType:
2015-05-03 19:12:17.4269 TRACE Content-Type = 'application/octet-stream'
2015-05-03 19:12:38.8137 TRACE GZip-архив octet-stream успешно распакован.
2015-05-03 19:12:38.8146 INFO Получение каналов и тв-программы успешно завершено. Затрачено времени '23,154' секунд
2015-05-03 19:14:04.7101 INFO Начало получения телеканалов с тв-программой
urid='http://www.teleguide.info/download/new3/xmltv.xml.gz';
outputfile='TGXmlTvNew.xml'
2015-05-03 19:14:04.8332 TRACE Определен каталог для сохранения: 'H:\Projects\TVProgViewer\src\TVProgUpdater\TVProgUpdater\bin\Release\2015-05-03'
2015-05-03 19:14:04.8488 TRACE Требуется загрузка из интернета
2015-05-03 19:14:04.8488 INFO Начало запроса ресурса.
2015-05-03 19:14:04.9601 TRACE Ресурс успешно получен в поток.
2015-05-03 19:14:04.9748 INFO Content-Encoding неопределен, пробуем распаковать по заголовку ContentType:
2015-05-03 19:14:04.9914 TRACE Content-Type = 'application/octet-stream'
2015-05-03 19:14:11.6457 TRACE GZip-архив octet-stream успешно распакован.
2015-05-03 19:14:11.6457 INFO Получение каналов и тв-программы успешно завершено. Затрачено времени '6,82' секунд
2015-05-03 19:15:07.9885 INFO Начало получения телеканалов с тв-программой
urid='http://www.teleguide.info/download/old/inter-tv.zip';
outputfile='TGInterTVOld.txt'
2015-05-03 19:15:08.0080 TRACE Определен каталог для сохранения: 'H:\Projects\TVProgViewer\src\TVProgUpdater\TVProgUpdater\bin\Release\2015-05-03'
2015-05-03 19:15:08.0197 TRACE Требуется загрузка из интернета
2015-05-03 19:15:08.0197 INFO Начало запроса ресурса.
2015-05-03 19:15:08.1437 TRACE Ресурс успешно получен в поток.
2015-05-03 19:15:08.1437 INFO Content-Encoding неопределен, пробуем распаковать по заголовку ContentType:
2015-05-03 19:15:08.1896 TRACE Content-Type = 'application/zip'
2015-05-03 19:15:21.1379 TRACE Zip-архив успешно распакован.
2015-05-03 19:15:21.1467 INFO Получение каналов и тв-программы успешно завершено. Затрачено времени '13,138' секунд
2015-05-03 19:15:52.9426 INFO Начало получения телеканалов с тв-программой
urid='http://www.teleguide.info/download/new3/inter-tv.zip';
outputfile='TGInterTVNew.txt'
2015-05-03 19:15:52.9611 TRACE Определен каталог для сохранения: 'H:\Projects\TVProgViewer\src\TVProgUpdater\TVProgUpdater\bin\Release\2015-05-03'
2015-05-03 19:15:52.9728 TRACE Требуется загрузка из интернета
2015-05-03 19:15:52.9728 INFO Начало запроса ресурса.
2015-05-03 19:15:53.0558 TRACE Ресурс успешно получен в поток.
2015-05-03 19:15:53.0558 INFO Content-Encoding неопределен, пробуем распаковать по заголовку ContentType:
2015-05-03 19:15:53.0558 TRACE Content-Type = 'application/zip'
2015-05-03 19:15:54.9142 TRACE Zip-архив успешно распакован.
2015-05-03 19:15:54.9142 INFO Получение каналов и тв-программы успешно завершено. Затрачено времени '1,957' секунд
