2018-07-19 17:36:27.5598 INFO  =========== Начало обновления ============ 
2018-07-19 17:36:28.2507 INFO Начало получения ресурсов из базы.
2018-07-19 17:36:29.9574 TRACE Ресурсы из базы успешно получены: WRID = '1', FileName = 'TGXmlTvOld.xml', ResourceName = 'Ресурс teleguide.info старой телепрограммы (XMLTV)', ResourceUrl ='http://www.teleguide.info/download/old/xmltv.xml.gz';WRID = '2', FileName = 'TGXmlTvNew.xml', ResourceName = 'Ресурс teleguide.info новой телепрограммы (XMLTV)', ResourceUrl ='http://www.teleguide.info/download/new3/xmltv.xml.gz';WRID = '3', FileName = 'TGInterTVOld.txt', ResourceName = 'Ресурс teleguide.info старой телепрограммы (Интер-ТВ)', ResourceUrl ='http://www.teleguide.info/download/old/inter-tv.zip';WRID = '4', FileName = 'TGInterTVNew.txt', ResourceName = 'Ресурс teleguide.info новой телепрограммы (Интер-ТВ)', ResourceUrl ='http://www.teleguide.info/download/new3/inter-tv.zip';WRID = '6', FileName = 'TPXmlTvNew.xml', ResourceName = 'Ресурс tele.perm.ru (XMLTV)', ResourceUrl ='http://tele.perm.ru/download/tvguide.xml.gz'
2018-07-19 17:36:30.5240 INFO Актуальная программа есть только за 16 июля 2018
2018-07-19 17:36:30.5240 INFO Обновление для ID='1'
2018-07-19 17:42:32.4553 ERROR Обновление тв-программы прошло неуспешно: ErrMessage='Непредусмотренный конец файла при разборе Name., строка 1082, позиция 19.', StackTrace='   в System.Xml.XmlTextReaderImpl.Throw(Exception e)
   в System.Xml.XmlTextReaderImpl.Throw(String res, String arg)
   в System.Xml.XmlTextReaderImpl.Throw(Int32 pos, String res, String arg)
   в System.Xml.XmlTextReaderImpl.ParseQName(Boolean isQName, Int32 startOffset, Int32& colonPos)
   в System.Xml.XmlTextReaderImpl.ParseAttributes()
   в System.Xml.XmlTextReaderImpl.ParseElement()
   в System.Xml.XmlTextReaderImpl.ParseElementContent()
   в System.Xml.XmlTextReaderImpl.Read()
   в System.Xml.Linq.XContainer.ReadContentFrom(XmlReader r, LoadOptions o)
   в System.Xml.Linq.XDocument.Load(XmlReader reader, LoadOptions options)
   в System.Xml.Linq.XDocument.Load(String uri, LoadOptions options)
   в TVProgUpdater.Program.Main(String[] args) в K:\Projects\TVProgViewer\src\TVProgUpdater\TVProgUpdater\Program.cs:строка 84'
2018-07-19 17:42:32.7762 INFO Актуальная программа есть только за 16 июля 2018
2018-07-19 17:42:32.7762 INFO Обновление для ID='2'
2018-07-19 17:44:13.0080 ERROR Обновление тв-программы прошло неуспешно: ErrMessage='Файл 'K:\Projects\TVProgViewer\src\TVProgUpdater\TVProgUpdater\bin\Debug\2018-07-19\TGXmlTvNew.xml' не найден.', StackTrace='   в System.IO.__Error.WinIOError(Int32 errorCode, String maybeFullPath)
   в System.IO.FileStream.Init(String path, FileMode mode, FileAccess access, Int32 rights, Boolean useRights, FileShare share, Int32 bufferSize, FileOptions options, SECURITY_ATTRIBUTES secAttrs, String msgPath, Boolean bFromProxy, Boolean useLongPath, Boolean checkHost)
   в System.IO.FileStream..ctor(String path, FileMode mode, FileAccess access, FileShare share, Int32 bufferSize)
   в System.Xml.XmlDownloadManager.GetStream(Uri uri, ICredentials credentials, IWebProxy proxy, RequestCachePolicy cachePolicy)
   в System.Xml.XmlUrlResolver.GetEntity(Uri absoluteUri, String role, Type ofObjectToReturn)
   в System.Xml.XmlTextReaderImpl.FinishInitUriString()
   в System.Xml.XmlTextReaderImpl..ctor(String uriStr, XmlReaderSettings settings, XmlParserContext context, XmlResolver uriResolver)
   в System.Xml.XmlReaderSettings.CreateReader(String inputUri, XmlParserContext inputContext)
   в System.Xml.XmlReader.Create(String inputUri, XmlReaderSettings settings, XmlParserContext inputContext)
   в System.Xml.Linq.XDocument.Load(String uri, LoadOptions options)
   в TVProgUpdater.Program.Main(String[] args) в K:\Projects\TVProgViewer\src\TVProgUpdater\TVProgUpdater\Program.cs:строка 84'
2018-07-19 17:44:13.2465 INFO Актуальная программа есть только за 16 июля 2018
2018-07-19 17:44:13.2465 INFO Обновление для ID='3'
2018-07-19 17:50:58.1191 INFO Каналы и тв-программа ID='3' подготовлены к запуску обработки в базе
2018-07-19 17:51:00.6471 INFO Обновление для ID='3' успешно завершено. Затрачено '407,396' сек.
2018-07-19 17:51:00.6910 INFO Обновление для ID='6'
2018-07-19 17:51:00.7140 ERROR Обновление тв-программы прошло неуспешно: ErrMessage='Файл 'K:\Projects\TVProgViewer\src\TVProgUpdater\TVProgUpdater\bin\Debug\2018-07-19\TPXmlTvNew.xml' не найден.', StackTrace='   в System.IO.__Error.WinIOError(Int32 errorCode, String maybeFullPath)
   в System.IO.FileStream.Init(String path, FileMode mode, FileAccess access, Int32 rights, Boolean useRights, FileShare share, Int32 bufferSize, FileOptions options, SECURITY_ATTRIBUTES secAttrs, String msgPath, Boolean bFromProxy, Boolean useLongPath, Boolean checkHost)
   в System.IO.FileStream..ctor(String path, FileMode mode, FileAccess access, FileShare share, Int32 bufferSize)
   в System.Xml.XmlDownloadManager.GetStream(Uri uri, ICredentials credentials, IWebProxy proxy, RequestCachePolicy cachePolicy)
   в System.Xml.XmlUrlResolver.GetEntity(Uri absoluteUri, String role, Type ofObjectToReturn)
   в System.Xml.XmlTextReaderImpl.FinishInitUriString()
   в System.Xml.XmlTextReaderImpl..ctor(String uriStr, XmlReaderSettings settings, XmlParserContext context, XmlResolver uriResolver)
   в System.Xml.XmlReaderSettings.CreateReader(String inputUri, XmlParserContext inputContext)
   в System.Xml.XmlReader.Create(String inputUri, XmlReaderSettings settings, XmlParserContext inputContext)
   в System.Xml.Linq.XDocument.Load(String uri, LoadOptions options)
   в TVProgUpdater.Program.Main(String[] args) в K:\Projects\TVProgViewer\src\TVProgUpdater\TVProgUpdater\Program.cs:строка 84'
2018-07-19 17:51:00.7300 INFO  ========== Обновление завершено ========== (Затрачено: 873,012 сек.)
2018-07-19 17:51:39.4660 INFO  =========== Начало обновления ============ 
2018-07-19 17:51:39.6079 INFO Начало получения ресурсов из базы.
2018-07-19 17:51:40.0367 TRACE Ресурсы из базы успешно получены: WRID = '1', FileName = 'TGXmlTvOld.xml', ResourceName = 'Ресурс teleguide.info старой телепрограммы (XMLTV)', ResourceUrl ='http://www.teleguide.info/download/old/xmltv.xml.gz';WRID = '2', FileName = 'TGXmlTvNew.xml', ResourceName = 'Ресурс teleguide.info новой телепрограммы (XMLTV)', ResourceUrl ='http://www.teleguide.info/download/new3/xmltv.xml.gz';WRID = '3', FileName = 'TGInterTVOld.txt', ResourceName = 'Ресурс teleguide.info старой телепрограммы (Интер-ТВ)', ResourceUrl ='http://www.teleguide.info/download/old/inter-tv.zip';WRID = '4', FileName = 'TGInterTVNew.txt', ResourceName = 'Ресурс teleguide.info новой телепрограммы (Интер-ТВ)', ResourceUrl ='http://www.teleguide.info/download/new3/inter-tv.zip';WRID = '6', FileName = 'TPXmlTvNew.xml', ResourceName = 'Ресурс tele.perm.ru (XMLTV)', ResourceUrl ='http://tele.perm.ru/download/tvguide.xml.gz'
2018-07-19 17:51:40.3257 INFO Актуальная программа есть только за 16 июля 2018
2018-07-19 17:51:40.3257 INFO Обновление для ID='1'
2018-07-19 17:51:45.5331 INFO Каналы и тв-программа ID='1' подготовлены к запуску обработки в базе
2018-07-19 17:52:08.8915 INFO Обновление для ID='1' успешно завершено. Затрачено '28,562' сек.
2018-07-19 17:52:08.9566 INFO Актуальная программа есть только за 16 июля 2018
2018-07-19 17:52:08.9616 INFO Обновление для ID='2'
2018-07-19 17:52:12.3494 INFO Каналы и тв-программа ID='2' подготовлены к запуску обработки в базе
2018-07-19 17:52:31.4275 INFO Обработка каналов и тв-программы ID='2' завершена. Начало загрузки пиктограмм.
2018-07-19 17:52:43.5507 INFO Загрузка пиктограмм завершена. Потребовалось 12,121 сек.
2018-07-19 17:52:43.5507 INFO Обновление для ID='2' успешно завершено. Затрачено '34,59' сек.
2018-07-19 17:52:43.6307 INFO Актуальная программа есть только за 16 июля 2018
2018-07-19 17:52:43.6317 INFO Обновление для ID='3'
2018-07-19 17:52:46.9770 INFO Каналы и тв-программа ID='3' подготовлены к запуску обработки в базе
2018-07-19 17:53:03.4791 INFO Обновление для ID='3' успешно завершено. Затрачено '19,843' сек.
2018-07-19 17:53:03.5631 INFO Актуальная программа есть только за 16 июля 2018
2018-07-19 17:53:03.5631 INFO Обновление для ID='4'
2018-07-19 17:53:07.2976 INFO Каналы и тв-программа ID='4' подготовлены к запуску обработки в базе
2018-07-19 17:55:59.4483 INFO Обновление для ID='4' успешно завершено. Затрачено '175,878' сек.
2018-07-19 17:55:59.4483 INFO Обновление для ID='6'
2018-07-19 17:56:00.2075 INFO Каналы и тв-программа ID='6' подготовлены к запуску обработки в базе
2018-07-19 17:56:04.2765 INFO Обновление для ID='6' успешно завершено. Затрачено '4,825' сек.
2018-07-19 17:56:04.2765 INFO  ========== Обновление завершено ========== (Затрачено: 264,789 сек.)
