2018-07-19 17:36:30.5240 INFO Начало получения телеканалов с тв-программой
urid='http://www.teleguide.info/download/old/xmltv.xml.gz';
outputfile='TGXmlTvOld.xml'
2018-07-19 17:36:30.5240 TRACE Определен каталог для сохранения: 'K:\Projects\TVProgViewer\src\TVProgUpdater\TVProgUpdater\bin\Debug\2018-07-19'
2018-07-19 17:36:30.5390 TRACE Требуется загрузка из интернета
2018-07-19 17:36:30.5390 INFO Начало запроса ресурса.
2018-07-19 17:37:00.7346 TRACE Ресурс успешно получен в поток.
2018-07-19 17:37:00.7346 INFO Content-Encoding неопределен, пробуем распаковать по заголовку ContentType:
2018-07-19 17:37:00.7346 TRACE Content-Type = 'application/octet-stream'
2018-07-19 17:42:32.3538 ERROR Получение каналов и тв-программы завершилось с ошибкой: Message = 'Время ожидания операции истекло.'
StackTrace = '   в System.Net.ConnectStream.Read(Byte[] buffer, Int32 offset, Int32 size)
   в System.IO.Compression.DeflateStream.Read(Byte[] array, Int32 offset, Int32 count)
   в System.IO.Compression.GZipStream.Read(Byte[] array, Int32 offset, Int32 count)
   в TVProgUpdater.WebPart.GetWebTVProgramm(Uri uri, String& outputFileName) в K:\Projects\TVProgViewer\src\TVProgUpdater\TVProgUpdater\WebPart.cs:строка 110'.
2018-07-19 17:42:32.7762 INFO Начало получения телеканалов с тв-программой
urid='http://www.teleguide.info/download/new3/xmltv.xml.gz';
outputfile='TGXmlTvNew.xml'
2018-07-19 17:42:32.7762 TRACE Определен каталог для сохранения: 'K:\Projects\TVProgViewer\src\TVProgUpdater\TVProgUpdater\bin\Debug\2018-07-19'
2018-07-19 17:42:32.7762 TRACE Требуется загрузка из интернета
2018-07-19 17:42:32.7762 INFO Начало запроса ресурса.
2018-07-19 17:44:12.9264 ERROR Получение каналов и тв-программы завершилось с ошибкой: Message = 'Время ожидания операции истекло'
StackTrace = '   в System.Net.HttpWebRequest.GetResponse()
   в TVProgUpdater.WebPart.GetWebTVProgramm(Uri uri, String& outputFileName) в K:\Projects\TVProgViewer\src\TVProgUpdater\TVProgUpdater\WebPart.cs:строка 55'.
2018-07-19 17:44:13.2465 INFO Начало получения телеканалов с тв-программой
urid='http://www.teleguide.info/download/old/inter-tv.zip';
outputfile='TGInterTVOld.txt'
2018-07-19 17:44:13.2465 TRACE Определен каталог для сохранения: 'K:\Projects\TVProgViewer\src\TVProgUpdater\TVProgUpdater\bin\Debug\2018-07-19'
2018-07-19 17:44:13.2465 TRACE Требуется загрузка из интернета
2018-07-19 17:44:13.2575 INFO Начало запроса ресурса.
2018-07-19 17:44:14.0398 TRACE Ресурс успешно получен в поток.
2018-07-19 17:44:14.0398 INFO Content-Encoding неопределен, пробуем распаковать по заголовку ContentType:
2018-07-19 17:44:14.0398 TRACE Content-Type = 'application/zip'
2018-07-19 17:50:57.9612 TRACE Zip-архив успешно распакован.
2018-07-19 17:50:57.9612 INFO Получение каналов и тв-программы успешно завершено. Затрачено времени '404,711' секунд
2018-07-19 17:51:00.6940 INFO Начало получения телеканалов с тв-программой
urid='http://tele.perm.ru/download/tvguide.xml.gz';
outputfile='TPXmlTvNew.xml'
2018-07-19 17:51:00.6940 TRACE Определен каталог для сохранения: 'K:\Projects\TVProgViewer\src\TVProgUpdater\TVProgUpdater\bin\Debug\2018-07-19'
2018-07-19 17:51:00.6940 TRACE Требуется загрузка из интернета
2018-07-19 17:51:00.6940 INFO Начало запроса ресурса.
2018-07-19 17:51:00.7140 ERROR Получение каналов и тв-программы завершилось с ошибкой: Message = 'Невозможно разрешить удаленное имя: 'tele.perm.ru''
StackTrace = '   в System.Net.HttpWebRequest.GetResponse()
   в TVProgUpdater.WebPart.GetWebTVProgramm(Uri uri, String& outputFileName) в K:\Projects\TVProgViewer\src\TVProgUpdater\TVProgUpdater\WebPart.cs:строка 55'.
2018-07-19 17:51:40.3257 INFO Начало получения телеканалов с тв-программой
urid='http://www.teleguide.info/download/old/xmltv.xml.gz';
outputfile='TGXmlTvOld.xml'
2018-07-19 17:51:40.3257 TRACE Определен каталог для сохранения: 'K:\Projects\TVProgViewer\src\TVProgUpdater\TVProgUpdater\bin\Debug\2018-07-19'
2018-07-19 17:51:40.3257 TRACE Требуется загрузка из интернета
2018-07-19 17:51:40.3257 INFO Начало запроса ресурса.
2018-07-19 17:51:40.5295 TRACE Ресурс успешно получен в поток.
2018-07-19 17:51:40.5295 INFO Content-Encoding неопределен, пробуем распаковать по заголовку ContentType:
2018-07-19 17:51:40.5295 TRACE Content-Type = 'application/octet-stream'
2018-07-19 17:51:42.5644 TRACE GZip-архив octet-stream успешно распакован.
2018-07-19 17:51:42.5644 INFO Получение каналов и тв-программы успешно завершено. Затрачено времени '2,233' секунд
2018-07-19 17:52:08.9616 INFO Начало получения телеканалов с тв-программой
urid='http://www.teleguide.info/download/new3/xmltv.xml.gz';
outputfile='TGXmlTvNew.xml'
2018-07-19 17:52:08.9616 TRACE Определен каталог для сохранения: 'K:\Projects\TVProgViewer\src\TVProgUpdater\TVProgUpdater\bin\Debug\2018-07-19'
2018-07-19 17:52:08.9616 TRACE Требуется загрузка из интернета
2018-07-19 17:52:08.9616 INFO Начало запроса ресурса.
2018-07-19 17:52:09.0966 TRACE Ресурс успешно получен в поток.
2018-07-19 17:52:09.0966 INFO Content-Encoding неопределен, пробуем распаковать по заголовку ContentType:
2018-07-19 17:52:09.1006 TRACE Content-Type = 'application/octet-stream'
2018-07-19 17:52:10.7523 TRACE GZip-архив octet-stream успешно распакован.
2018-07-19 17:52:10.7523 INFO Получение каналов и тв-программы успешно завершено. Затрачено времени '1,79' секунд
2018-07-19 17:52:43.6317 INFO Начало получения телеканалов с тв-программой
urid='http://www.teleguide.info/download/old/inter-tv.zip';
outputfile='TGInterTVOld.txt'
2018-07-19 17:52:43.6317 TRACE Определен каталог для сохранения: 'K:\Projects\TVProgViewer\src\TVProgUpdater\TVProgUpdater\bin\Debug\2018-07-19'
2018-07-19 17:52:43.6317 TRACE Требуется загрузка из интернета
2018-07-19 17:52:43.6317 INFO Начало запроса ресурса.
2018-07-19 17:52:43.7465 TRACE Ресурс успешно получен в поток.
2018-07-19 17:52:43.7465 INFO Content-Encoding неопределен, пробуем распаковать по заголовку ContentType:
2018-07-19 17:52:43.7465 TRACE Content-Type = 'application/zip'
2018-07-19 17:52:44.9412 TRACE Zip-архив успешно распакован.
2018-07-19 17:52:44.9412 INFO Получение каналов и тв-программы успешно завершено. Затрачено времени '1,302' секунд
2018-07-19 17:53:03.5691 INFO Начало получения телеканалов с тв-программой
urid='http://www.teleguide.info/download/new3/inter-tv.zip';
outputfile='TGInterTVNew.txt'
2018-07-19 17:53:03.5691 TRACE Определен каталог для сохранения: 'K:\Projects\TVProgViewer\src\TVProgUpdater\TVProgUpdater\bin\Debug\2018-07-19'
2018-07-19 17:53:03.5691 TRACE Требуется загрузка из интернета
2018-07-19 17:53:03.5691 INFO Начало запроса ресурса.
2018-07-19 17:53:03.7063 TRACE Ресурс успешно получен в поток.
2018-07-19 17:53:03.7063 INFO Content-Encoding неопределен, пробуем распаковать по заголовку ContentType:
2018-07-19 17:53:03.7063 TRACE Content-Type = 'application/zip'
2018-07-19 17:53:05.2008 TRACE Zip-архив успешно распакован.
2018-07-19 17:53:05.2008 INFO Получение каналов и тв-программы успешно завершено. Затрачено времени '1,626' секунд
2018-07-19 17:55:59.4483 INFO Начало получения телеканалов с тв-программой
urid='http://tele.perm.ru/download/tvguide.xml.gz';
outputfile='TPXmlTvNew.xml'
2018-07-19 17:55:59.4483 TRACE Определен каталог для сохранения: 'K:\Projects\TVProgViewer\src\TVProgUpdater\TVProgUpdater\bin\Debug\2018-07-19'
2018-07-19 17:55:59.4483 TRACE Требуется загрузка из интернета
2018-07-19 17:55:59.4483 INFO Начало запроса ресурса.
2018-07-19 17:56:00.0246 TRACE Ресурс успешно получен в поток.
2018-07-19 17:56:00.0246 INFO Content-Encoding неопределен, пробуем распаковать по заголовку ContentType:
2018-07-19 17:56:00.0246 TRACE Content-Type = 'application/octet-stream'
2018-07-19 17:56:00.0616 TRACE GZip-архив octet-stream успешно распакован.
2018-07-19 17:56:00.0616 INFO Получение каналов и тв-программы успешно завершено. Затрачено времени '0,608' секунд
