2015-05-04 12:41:56.7229 INFO Ќачало получени€ телеканалов с тв-программой
urid='http://www.teleguide.info/download/old/xmltv.xml.gz';
outputfile='TGXmlTvOld.xml'
2015-05-04 12:41:56.7610 TRACE ќпределен каталог дл€ сохранени€: 'H:\Projects\TVProgViewer\src\TVProgUpdater\TVProgUpdater\bin\Release\2015-05-04'
2015-05-04 12:41:56.7757 TRACE “ребуетс€ загрузка из интернета
2015-05-04 12:41:56.7825 INFO Ќачало запроса ресурса.
2015-05-04 12:41:59.0745 TRACE –есурс успешно получен в поток.
2015-05-04 12:41:59.0823 INFO Content-Encoding неопределен, пробуем распаковать по заголовку ContentType:
2015-05-04 12:41:59.0823 TRACE Content-Type = 'application/octet-stream'
2015-05-04 12:42:04.1458 TRACE GZip-архив octet-stream успешно распакован.
2015-05-04 12:42:04.1458 INFO ѕолучение каналов и тв-программы успешно завершено. «атрачено времени '7,407' секунд
2015-05-04 12:43:10.6272 INFO Ќачало получени€ телеканалов с тв-программой
urid='http://www.teleguide.info/download/new3/xmltv.xml.gz';
outputfile='TGXmlTvNew.xml'
2015-05-04 12:43:10.6722 TRACE ќпределен каталог дл€ сохранени€: 'H:\Projects\TVProgViewer\src\TVProgUpdater\TVProgUpdater\bin\Release\2015-05-04'
2015-05-04 12:43:10.6722 TRACE “ребуетс€ загрузка из интернета
2015-05-04 12:43:10.6722 INFO Ќачало запроса ресурса.
2015-05-04 12:43:10.7474 TRACE –есурс успешно получен в поток.
2015-05-04 12:43:10.7503 INFO Content-Encoding неопределен, пробуем распаковать по заголовку ContentType:
2015-05-04 12:43:10.7503 TRACE Content-Type = 'application/octet-stream'
2015-05-04 12:43:14.4466 TRACE GZip-архив octet-stream успешно распакован.
2015-05-04 12:43:14.4642 INFO ѕолучение каналов и тв-программы успешно завершено. «атрачено времени '3,793' секунд
2015-05-04 12:44:14.1770 INFO Ќачало получени€ телеканалов с тв-программой
urid='http://www.teleguide.info/download/old/inter-tv.zip';
outputfile='TGInterTVOld.txt'
2015-05-04 12:44:14.2200 TRACE ќпределен каталог дл€ сохранени€: 'H:\Projects\TVProgViewer\src\TVProgUpdater\TVProgUpdater\bin\Release\2015-05-04'
2015-05-04 12:44:14.2200 TRACE “ребуетс€ загрузка из интернета
2015-05-04 12:44:14.2200 INFO Ќачало запроса ресурса.
2015-05-04 12:44:14.2649 TRACE –есурс успешно получен в поток.
2015-05-04 12:44:14.2649 INFO Content-Encoding неопределен, пробуем распаковать по заголовку ContentType:
2015-05-04 12:44:14.2649 TRACE Content-Type = 'application/zip'
2015-05-04 12:44:19.5833 TRACE Zip-архив успешно распакован.
2015-05-04 12:44:19.5833 INFO ѕолучение каналов и тв-программы успешно завершено. «атрачено времени '5,367' секунд
2015-05-04 12:44:48.6624 INFO Ќачало получени€ телеканалов с тв-программой
urid='http://www.teleguide.info/download/new3/inter-tv.zip';
outputfile='TGInterTVNew.txt'
2015-05-04 12:44:48.6624 TRACE ќпределен каталог дл€ сохранени€: 'H:\Projects\TVProgViewer\src\TVProgUpdater\TVProgUpdater\bin\Release\2015-05-04'
2015-05-04 12:44:48.6712 TRACE “ребуетс€ загрузка из интернета
2015-05-04 12:44:48.6712 INFO Ќачало запроса ресурса.
2015-05-04 12:44:48.7522 TRACE –есурс успешно получен в поток.
2015-05-04 12:44:48.7522 INFO Content-Encoding неопределен, пробуем распаковать по заголовку ContentType:
2015-05-04 12:44:48.7522 TRACE Content-Type = 'application/zip'
2015-05-04 12:44:52.7503 TRACE Zip-архив успешно распакован.
2015-05-04 12:44:52.7503 INFO ѕолучение каналов и тв-программы успешно завершено. «атрачено времени '4,084' секунд
