2018-11-18 17:42:04.8223 INFO Начало получения телеканалов с тв-программой
urid='http://www.teleguide.info/download/old/xmltv.xml.gz';
outputfile='TGXmlTvOld.xml'
2018-11-18 17:42:04.8283 TRACE Определен каталог для сохранения: 'K:\Projects\TVProgViewer\src\TVProgUpdater\TVProgUpdater\bin\Debug\2018-11-18'
2018-11-18 17:42:04.8283 TRACE Требуется загрузка из интернета
2018-11-18 17:42:04.8413 INFO Начало запроса ресурса.
2018-11-18 17:42:05.1504 ERROR Получение каналов и тв-программы завершилось с ошибкой: Message = 'Удаленный сервер возвратил ошибку: (404) Не найден.'
StackTrace = '   в System.Net.HttpWebRequest.GetResponse()
   в TVProgUpdater.WebPart.GetWebTVProgramm(Uri uri, String& outputFileName) в K:\Projects\TVProgViewer\src\TVProgUpdater\TVProgUpdater\WebPart.cs:строка 55'.
2018-11-18 17:42:32.5669 INFO Начало получения телеканалов с тв-программой
urid='http://www.teleguide.info/download/new3/xmltv.xml.gz';
outputfile='TGXmlTvNew.xml'
2018-11-18 17:42:32.6256 TRACE Определен каталог для сохранения: 'K:\Projects\TVProgViewer\src\TVProgUpdater\TVProgUpdater\bin\Debug\2018-11-18'
2018-11-18 17:42:32.6256 TRACE Требуется загрузка из интернета
2018-11-18 17:42:32.6386 INFO Начало запроса ресурса.
2018-11-18 17:42:32.7490 TRACE Ресурс успешно получен в поток.
2018-11-18 17:42:32.7490 INFO Content-Encoding неопределен, пробуем распаковать по заголовку ContentType:
2018-11-18 17:42:32.7640 TRACE Content-Type = 'application/octet-stream'
2018-11-18 17:42:36.9554 TRACE GZip-архив octet-stream успешно распакован.
2018-11-18 17:42:36.9554 INFO Получение каналов и тв-программы успешно завершено. Затрачено времени '4,334' секунд
