2017-10-16 12:25:51.2965 INFO Ќачало получени€ телеканалов с тв-программой
urid='http://www.teleguide.info/download/old/xmltv.xml.gz';
outputfile='TGXmlTvOld.xml'
2017-10-16 12:25:51.2965 TRACE ќпределен каталог дл€ сохранени€: 'K:\Projects\TVProgViewer\src\TVProgUpdater\TVProgUpdater\bin\Debug\2017-10-16'
2017-10-16 12:25:51.2965 TRACE “ребуетс€ загрузка из интернета
2017-10-16 12:25:51.2965 INFO Ќачало запроса ресурса.
2017-10-16 12:25:51.7591 TRACE –есурс успешно получен в поток.
2017-10-16 12:25:51.7591 INFO Content-Encoding неопределен, пробуем распаковать по заголовку ContentType:
2017-10-16 12:25:51.7591 TRACE Content-Type = 'application/octet-stream'
2017-10-16 12:25:53.5714 TRACE GZip-архив octet-stream успешно распакован.
2017-10-16 12:25:53.5714 INFO ѕолучение каналов и тв-программы успешно завершено. «атрачено времени '2,275' секунд
2017-10-16 12:26:04.4714 INFO Ќачало получени€ телеканалов с тв-программой
urid='http://www.teleguide.info/download/new3/xmltv.xml.gz';
outputfile='TGXmlTvNew.xml'
2017-10-16 12:26:04.4714 TRACE ќпределен каталог дл€ сохранени€: 'K:\Projects\TVProgViewer\src\TVProgUpdater\TVProgUpdater\bin\Debug\2017-10-16'
2017-10-16 12:26:04.4714 TRACE “ребуетс€ загрузка из интернета
2017-10-16 12:26:04.4714 INFO Ќачало запроса ресурса.
2017-10-16 12:26:04.6166 TRACE –есурс успешно получен в поток.
2017-10-16 12:26:04.6166 INFO Content-Encoding неопределен, пробуем распаковать по заголовку ContentType:
2017-10-16 12:26:04.6166 TRACE Content-Type = 'application/octet-stream'
2017-10-16 12:26:07.2515 TRACE GZip-архив octet-stream успешно распакован.
2017-10-16 12:26:07.2515 INFO ѕолучение каналов и тв-программы успешно завершено. «атрачено времени '2,777' секунд
2017-10-16 12:26:40.8235 INFO Ќачало получени€ телеканалов с тв-программой
urid='http://www.teleguide.info/download/old/inter-tv.zip';
outputfile='TGInterTVOld.txt'
2017-10-16 12:26:40.8281 TRACE ќпределен каталог дл€ сохранени€: 'K:\Projects\TVProgViewer\src\TVProgUpdater\TVProgUpdater\bin\Debug\2017-10-16'
2017-10-16 12:26:40.8281 TRACE “ребуетс€ загрузка из интернета
2017-10-16 12:26:40.8281 INFO Ќачало запроса ресурса.
2017-10-16 12:26:40.9809 TRACE –есурс успешно получен в поток.
2017-10-16 12:26:40.9809 INFO Content-Encoding неопределен, пробуем распаковать по заголовку ContentType:
2017-10-16 12:26:40.9809 TRACE Content-Type = 'application/zip'
2017-10-16 12:26:42.1645 TRACE Zip-архив успешно распакован.
2017-10-16 12:26:42.1645 INFO ѕолучение каналов и тв-программы успешно завершено. «атрачено времени '1,335' секунд
2017-10-16 12:26:50.3090 INFO Ќачало получени€ телеканалов с тв-программой
urid='http://www.teleguide.info/download/new3/inter-tv.zip';
outputfile='TGInterTVNew.txt'
2017-10-16 12:26:50.3121 TRACE ќпределен каталог дл€ сохранени€: 'K:\Projects\TVProgViewer\src\TVProgUpdater\TVProgUpdater\bin\Debug\2017-10-16'
2017-10-16 12:26:50.3121 TRACE “ребуетс€ загрузка из интернета
2017-10-16 12:26:50.3121 INFO Ќачало запроса ресурса.
2017-10-16 12:26:50.4512 TRACE –есурс успешно получен в поток.
2017-10-16 12:26:50.4512 INFO Content-Encoding неопределен, пробуем распаковать по заголовку ContentType:
2017-10-16 12:26:50.4532 TRACE Content-Type = 'application/zip'
2017-10-16 12:26:51.6794 TRACE Zip-архив успешно распакован.
2017-10-16 12:26:51.6794 INFO ѕолучение каналов и тв-программы успешно завершено. «атрачено времени '1,368' секунд
