2017-10-12 16:39:10.5392 INFO  =========== Начало обновления ============ 
2017-10-12 16:39:11.0438 INFO Начало получения ресурсов из базы.
2017-10-12 16:39:13.0498 TRACE Ресурсы из базы успешно получены: WRID = '1', FileName = 'TGXmlTvOld.xml', ResourceName = 'Ресурс teleguide.info старой телепрограммы (XMLTV)', ResourceUrl ='http://www.teleguide.info/download/old/xmltv.xml.gz';WRID = '2', FileName = 'TGXmlTvNew.xml', ResourceName = 'Ресурс teleguide.info новой телепрограммы (XMLTV)', ResourceUrl ='http://www.teleguide.info/download/new3/xmltv.xml.gz';WRID = '3', FileName = 'TGInterTVOld.txt', ResourceName = 'Ресурс teleguide.info старой телепрограммы (Интер-ТВ)', ResourceUrl ='http://www.teleguide.info/download/old/inter-tv.zip';WRID = '4', FileName = 'TGInterTVNew.txt', ResourceName = 'Ресурс teleguide.info новой телепрограммы (Интер-ТВ)', ResourceUrl ='http://www.teleguide.info/download/new3/inter-tv.zip'
2017-10-12 16:39:13.0498 INFO Обновление для ID='1'
2017-10-12 16:39:53.3145 INFO Каналы и тв-программа ID='1' подготовлены к запуску обработки в базе
2017-10-12 16:40:03.7377 INFO Обновление для ID='1' успешно завершено. Затрачено '50,681' сек.
2017-10-12 16:40:03.7377 INFO Обновление для ID='2'
2017-10-12 16:41:00.6056 INFO Каналы и тв-программа ID='2' подготовлены к запуску обработки в базе
2017-10-12 16:41:07.9770 INFO Обработка каналов и тв-программы ID='2' завершена. Начало загрузки пиктограмм.
2017-10-12 16:41:35.7910 INFO Загрузка пиктограмм завершена. Потребовалось 27,812 сек.
2017-10-12 16:41:35.7910 INFO Обновление для ID='2' успешно завершено. Затрачено '92,05' сек.
2017-10-12 16:41:35.7944 INFO Обновление для ID='3'
2017-10-12 16:43:11.6220 ERROR Обновление тв-программы прошло неуспешно: ErrMessage='Ссылка на объект не указывает на экземпляр объекта.', StackTrace='   в TVProgUpdater.Program.Main(String[] args) в K:\Projects\TVProgViewer\src\TVProgUpdater\TVProgUpdater\Program.cs:строка 110'
2017-10-12 16:43:24.1321 INFO  =========== Начало обновления ============ 
2017-10-12 16:43:24.3542 INFO Начало получения ресурсов из базы.
2017-10-12 16:43:25.9879 TRACE Ресурсы из базы успешно получены: WRID = '1', FileName = 'TGXmlTvOld.xml', ResourceName = 'Ресурс teleguide.info старой телепрограммы (XMLTV)', ResourceUrl ='http://www.teleguide.info/download/old/xmltv.xml.gz';WRID = '2', FileName = 'TGXmlTvNew.xml', ResourceName = 'Ресурс teleguide.info новой телепрограммы (XMLTV)', ResourceUrl ='http://www.teleguide.info/download/new3/xmltv.xml.gz';WRID = '3', FileName = 'TGInterTVOld.txt', ResourceName = 'Ресурс teleguide.info старой телепрограммы (Интер-ТВ)', ResourceUrl ='http://www.teleguide.info/download/old/inter-tv.zip';WRID = '4', FileName = 'TGInterTVNew.txt', ResourceName = 'Ресурс teleguide.info новой телепрограммы (Интер-ТВ)', ResourceUrl ='http://www.teleguide.info/download/new3/inter-tv.zip'
2017-10-12 16:43:25.9879 INFO Обновление для ID='1'
2017-10-12 16:44:28.4617 INFO Каналы и тв-программа ID='1' подготовлены к запуску обработки в базе
2017-10-12 16:44:35.4872 INFO Обновление для ID='1' успешно завершено. Затрачено '69,497' сек.
2017-10-12 16:44:35.4872 INFO Обновление для ID='2'
2017-10-12 16:45:39.9586 INFO Каналы и тв-программа ID='2' подготовлены к запуску обработки в базе
2017-10-12 16:45:46.7890 INFO Обработка каналов и тв-программы ID='2' завершена. Начало загрузки пиктограмм.
2017-10-12 16:46:10.1369 INFO Загрузка пиктограмм завершена. Потребовалось 23,346 сек.
2017-10-12 16:46:10.1369 INFO Обновление для ID='2' успешно завершено. Затрачено '94,649' сек.
2017-10-12 16:46:10.1384 INFO Обновление для ID='3'
2017-10-12 16:46:44.6387 INFO Каналы и тв-программа ID='3' подготовлены к запуску обработки в базе
2017-10-12 16:46:50.2092 INFO Обновление для ID='3' успешно завершено. Затрачено '40,069' сек.
2017-10-12 16:46:50.2092 INFO Обновление для ID='4'
2017-10-12 16:47:34.2515 INFO Каналы и тв-программа ID='4' подготовлены к запуску обработки в базе
2017-10-12 16:47:39.6069 INFO Обновление для ID='4' успешно завершено. Затрачено '49,396' сек.
2017-10-12 16:47:39.6069 INFO  ========== Обновление завершено ========== (Затрачено: 255,451 сек.)
