2017-10-12 16:39:13.0498 INFO Начало получения телеканалов с тв-программой
urid='http://www.teleguide.info/download/old/xmltv.xml.gz';
outputfile='TGXmlTvOld.xml'
2017-10-12 16:39:13.0608 TRACE Определен каталог для сохранения: 'K:\Projects\TVProgViewer\src\TVProgUpdater\TVProgUpdater\bin\Debug\2017-10-12'
2017-10-12 16:39:13.0608 TRACE Требуется загрузка из интернета
2017-10-12 16:39:13.0608 INFO Начало запроса ресурса.
2017-10-12 16:39:13.5491 TRACE Ресурс успешно получен в поток.
2017-10-12 16:39:13.5491 INFO Content-Encoding неопределен, пробуем распаковать по заголовку ContentType:
2017-10-12 16:39:13.5491 TRACE Content-Type = 'application/octet-stream'
2017-10-12 16:39:51.7656 TRACE GZip-архив octet-stream успешно распакован.
2017-10-12 16:39:51.7656 INFO Получение каналов и тв-программы успешно завершено. Затрачено времени '38,714' секунд
2017-10-12 16:40:03.7377 INFO Начало получения телеканалов с тв-программой
urid='http://www.teleguide.info/download/new3/xmltv.xml.gz';
outputfile='TGXmlTvNew.xml'
2017-10-12 16:40:03.7377 TRACE Определен каталог для сохранения: 'K:\Projects\TVProgViewer\src\TVProgUpdater\TVProgUpdater\bin\Debug\2017-10-12'
2017-10-12 16:40:03.7377 TRACE Требуется загрузка из интернета
2017-10-12 16:40:03.7377 INFO Начало запроса ресурса.
2017-10-12 16:40:04.2373 TRACE Ресурс успешно получен в поток.
2017-10-12 16:40:04.2373 INFO Content-Encoding неопределен, пробуем распаковать по заголовку ContentType:
2017-10-12 16:40:04.2373 TRACE Content-Type = 'application/octet-stream'
2017-10-12 16:40:59.2561 TRACE GZip-архив octet-stream успешно распакован.
2017-10-12 16:40:59.2561 INFO Получение каналов и тв-программы успешно завершено. Затрачено времени '55,514' секунд
2017-10-12 16:41:35.7944 INFO Начало получения телеканалов с тв-программой
urid='http://www.teleguide.info/download/old/inter-tv.zip';
outputfile='TGInterTVOld.txt'
2017-10-12 16:41:35.7944 TRACE Определен каталог для сохранения: 'K:\Projects\TVProgViewer\src\TVProgUpdater\TVProgUpdater\bin\Debug\2017-10-12'
2017-10-12 16:41:35.7944 TRACE Требуется загрузка из интернета
2017-10-12 16:41:35.7944 INFO Начало запроса ресурса.
2017-10-12 16:41:36.0767 TRACE Ресурс успешно получен в поток.
2017-10-12 16:41:36.0767 INFO Content-Encoding неопределен, пробуем распаковать по заголовку ContentType:
2017-10-12 16:41:36.0767 TRACE Content-Type = 'application/zip'
2017-10-12 16:42:22.9323 TRACE Zip-архив успешно распакован.
2017-10-12 16:42:22.9323 INFO Получение каналов и тв-программы успешно завершено. Затрачено времени '47,134' секунд
2017-10-12 16:43:25.9879 INFO Начало получения телеканалов с тв-программой
urid='http://www.teleguide.info/download/old/xmltv.xml.gz';
outputfile='TGXmlTvOld.xml'
2017-10-12 16:43:25.9879 TRACE Определен каталог для сохранения: 'K:\Projects\TVProgViewer\src\TVProgUpdater\TVProgUpdater\bin\Debug\2017-10-12'
2017-10-12 16:43:25.9879 TRACE Требуется загрузка из интернета
2017-10-12 16:43:25.9879 INFO Начало запроса ресурса.
2017-10-12 16:43:26.3878 TRACE Ресурс успешно получен в поток.
2017-10-12 16:43:26.3883 INFO Content-Encoding неопределен, пробуем распаковать по заголовку ContentType:
2017-10-12 16:43:26.3883 TRACE Content-Type = 'application/octet-stream'
2017-10-12 16:44:26.8380 TRACE GZip-архив octet-stream успешно распакован.
2017-10-12 16:44:26.8380 INFO Получение каналов и тв-программы успешно завершено. Затрачено времени '60,846' секунд
2017-10-12 16:44:35.4872 INFO Начало получения телеканалов с тв-программой
urid='http://www.teleguide.info/download/new3/xmltv.xml.gz';
outputfile='TGXmlTvNew.xml'
2017-10-12 16:44:35.4872 TRACE Определен каталог для сохранения: 'K:\Projects\TVProgViewer\src\TVProgUpdater\TVProgUpdater\bin\Debug\2017-10-12'
2017-10-12 16:44:35.4872 TRACE Требуется загрузка из интернета
2017-10-12 16:44:35.4872 INFO Начало запроса ресурса.
2017-10-12 16:44:35.6422 TRACE Ресурс успешно получен в поток.
2017-10-12 16:44:35.6422 INFO Content-Encoding неопределен, пробуем распаковать по заголовку ContentType:
2017-10-12 16:44:35.6422 TRACE Content-Type = 'application/octet-stream'
2017-10-12 16:45:38.4951 TRACE GZip-архив octet-stream успешно распакован.
2017-10-12 16:45:38.5021 INFO Получение каналов и тв-программы успешно завершено. Затрачено времени '63,016' секунд
2017-10-12 16:46:10.1384 INFO Начало получения телеканалов с тв-программой
urid='http://www.teleguide.info/download/old/inter-tv.zip';
outputfile='TGInterTVOld.txt'
2017-10-12 16:46:10.1384 TRACE Определен каталог для сохранения: 'K:\Projects\TVProgViewer\src\TVProgUpdater\TVProgUpdater\bin\Debug\2017-10-12'
2017-10-12 16:46:10.1384 TRACE Требуется загрузка из интернета
2017-10-12 16:46:10.1384 INFO Начало запроса ресурса.
2017-10-12 16:46:10.4772 TRACE Ресурс успешно получен в поток.
2017-10-12 16:46:10.4772 INFO Content-Encoding неопределен, пробуем распаковать по заголовку ContentType:
2017-10-12 16:46:10.4772 TRACE Content-Type = 'application/zip'
2017-10-12 16:46:41.9225 TRACE Zip-архив успешно распакован.
2017-10-12 16:46:41.9225 INFO Получение каналов и тв-программы успешно завершено. Затрачено времени '31,783' секунд
2017-10-12 16:46:50.2092 INFO Начало получения телеканалов с тв-программой
urid='http://www.teleguide.info/download/new3/inter-tv.zip';
outputfile='TGInterTVNew.txt'
2017-10-12 16:46:50.2092 TRACE Определен каталог для сохранения: 'K:\Projects\TVProgViewer\src\TVProgUpdater\TVProgUpdater\bin\Debug\2017-10-12'
2017-10-12 16:46:50.2092 TRACE Требуется загрузка из интернета
2017-10-12 16:46:50.2092 INFO Начало запроса ресурса.
2017-10-12 16:46:50.8890 TRACE Ресурс успешно получен в поток.
2017-10-12 16:46:50.8890 INFO Content-Encoding неопределен, пробуем распаковать по заголовку ContentType:
2017-10-12 16:46:50.8890 TRACE Content-Type = 'application/zip'
2017-10-12 16:47:32.2810 TRACE Zip-архив успешно распакован.
2017-10-12 16:47:32.2810 INFO Получение каналов и тв-программы успешно завершено. Затрачено времени '42,07' секунд
