2017-10-29 18:16:21.0856 INFO Начало получения телеканалов с тв-программой
urid='http://www.teleguide.info/download/old/xmltv.xml.gz';
outputfile='TGXmlTvOld.xml'
2017-10-29 18:16:21.0856 TRACE Определен каталог для сохранения: 'K:\Projects\TVProgViewer\src\TVProgUpdater\TVProgUpdater\bin\Debug\2017-10-29'
2017-10-29 18:16:21.0856 TRACE Требуется загрузка из интернета
2017-10-29 18:16:21.0856 INFO Начало запроса ресурса.
2017-10-29 18:16:21.6084 TRACE Ресурс успешно получен в поток.
2017-10-29 18:16:21.6084 INFO Content-Encoding неопределен, пробуем распаковать по заголовку ContentType:
2017-10-29 18:16:21.6084 TRACE Content-Type = 'application/octet-stream'
2017-10-29 18:16:24.5322 TRACE GZip-архив octet-stream успешно распакован.
2017-10-29 18:16:24.5322 INFO Получение каналов и тв-программы успешно завершено. Затрачено времени '3,449' секунд
2017-10-29 18:16:33.6144 INFO Начало получения телеканалов с тв-программой
urid='http://www.teleguide.info/download/new3/xmltv.xml.gz';
outputfile='TGXmlTvNew.xml'
2017-10-29 18:16:33.6177 TRACE Определен каталог для сохранения: 'K:\Projects\TVProgViewer\src\TVProgUpdater\TVProgUpdater\bin\Debug\2017-10-29'
2017-10-29 18:16:33.6177 TRACE Требуется загрузка из интернета
2017-10-29 18:16:33.6177 INFO Начало запроса ресурса.
2017-10-29 18:16:33.9863 TRACE Ресурс успешно получен в поток.
2017-10-29 18:16:33.9863 INFO Content-Encoding неопределен, пробуем распаковать по заголовку ContentType:
2017-10-29 18:16:33.9863 TRACE Content-Type = 'application/octet-stream'
2017-10-29 18:16:35.0106 TRACE GZip-архив octet-stream успешно распакован.
2017-10-29 18:16:35.0106 INFO Получение каналов и тв-программы успешно завершено. Затрачено времени '1,393' секунд
2017-10-29 18:17:15.2894 INFO Начало получения телеканалов с тв-программой
urid='http://www.teleguide.info/download/old/inter-tv.zip';
outputfile='TGInterTVOld.txt'
2017-10-29 18:17:15.2894 TRACE Определен каталог для сохранения: 'K:\Projects\TVProgViewer\src\TVProgUpdater\TVProgUpdater\bin\Debug\2017-10-29'
2017-10-29 18:17:15.2894 TRACE Требуется загрузка из интернета
2017-10-29 18:17:15.2894 INFO Начало запроса ресурса.
2017-10-29 18:17:15.4613 TRACE Ресурс успешно получен в поток.
2017-10-29 18:17:15.4613 INFO Content-Encoding неопределен, пробуем распаковать по заголовку ContentType:
2017-10-29 18:17:15.4613 TRACE Content-Type = 'application/zip'
2017-10-29 18:17:16.9048 TRACE Zip-архив успешно распакован.
2017-10-29 18:17:16.9048 INFO Получение каналов и тв-программы успешно завершено. Затрачено времени '1,607' секунд
2017-10-29 18:17:25.9504 INFO Начало получения телеканалов с тв-программой
urid='http://www.teleguide.info/download/new3/inter-tv.zip';
outputfile='TGInterTVNew.txt'
2017-10-29 18:17:25.9504 TRACE Определен каталог для сохранения: 'K:\Projects\TVProgViewer\src\TVProgUpdater\TVProgUpdater\bin\Debug\2017-10-29'
2017-10-29 18:17:25.9504 TRACE Требуется загрузка из интернета
2017-10-29 18:17:25.9615 INFO Начало запроса ресурса.
2017-10-29 18:17:26.1867 TRACE Ресурс успешно получен в поток.
2017-10-29 18:17:26.1867 INFO Content-Encoding неопределен, пробуем распаковать по заголовку ContentType:
2017-10-29 18:17:26.1867 TRACE Content-Type = 'application/zip'
2017-10-29 18:17:26.1867 TRACE Zip-архив успешно распакован.
2017-10-29 18:17:26.1867 INFO Получение каналов и тв-программы успешно завершено. Затрачено времени '0,232' секунд
2017-10-29 18:17:26.2544 INFO Начало получения телеканалов с тв-программой
urid='http://tele.perm.ru/download/tvguide.xml.gz';
outputfile='TPXmlTvNew.xml'
2017-10-29 18:17:26.2579 TRACE Определен каталог для сохранения: 'K:\Projects\TVProgViewer\src\TVProgUpdater\TVProgUpdater\bin\Debug\2017-10-29'
2017-10-29 18:17:26.2579 TRACE Требуется загрузка из интернета
2017-10-29 18:17:26.2579 INFO Начало запроса ресурса.
2017-10-29 18:17:26.6164 TRACE Ресурс успешно получен в поток.
2017-10-29 18:17:26.6176 INFO Content-Encoding неопределен, пробуем распаковать по заголовку ContentType:
2017-10-29 18:17:26.6176 TRACE Content-Type = 'application/octet-stream'
2017-10-29 18:17:26.6411 TRACE GZip-архив octet-stream успешно распакован.
2017-10-29 18:17:26.6411 INFO Получение каналов и тв-программы успешно завершено. Затрачено времени '0,384' секунд
2017-10-29 18:25:24.0168 INFO Начало получения телеканалов с тв-программой
urid='http://tele.perm.ru/download/tvguide.xml.gz';
outputfile='TPXmlTvNew.xml'
2017-10-29 18:25:24.0168 TRACE Определен каталог для сохранения: 'K:\Projects\TVProgViewer\src\TVProgUpdater\TVProgUpdater\bin\Debug\2017-10-29'
2017-10-29 18:25:24.0168 TRACE Требуется загрузка из интернета
2017-10-29 18:25:24.0168 INFO Начало запроса ресурса.
2017-10-29 18:25:24.4681 TRACE Ресурс успешно получен в поток.
2017-10-29 18:25:24.4681 INFO Content-Encoding неопределен, пробуем распаковать по заголовку ContentType:
2017-10-29 18:25:24.4681 TRACE Content-Type = 'application/octet-stream'
2017-10-29 18:25:24.5246 TRACE GZip-архив octet-stream успешно распакован.
2017-10-29 18:25:24.5246 INFO Получение каналов и тв-программы успешно завершено. Затрачено времени '0,503' секунд
2017-10-29 18:26:16.7128 INFO Начало получения телеканалов с тв-программой
urid='http://tele.perm.ru/download/tvguide.xml.gz';
outputfile='TPXmlTvNew.xml'
2017-10-29 18:26:16.7128 TRACE Определен каталог для сохранения: 'K:\Projects\TVProgViewer\src\TVProgUpdater\TVProgUpdater\bin\Debug\2017-10-29'
2017-10-29 18:26:16.7128 TRACE Требуется загрузка из интернета
2017-10-29 18:26:16.7128 INFO Начало запроса ресурса.
2017-10-29 18:26:17.5286 TRACE Ресурс успешно получен в поток.
2017-10-29 18:26:17.5286 INFO Content-Encoding неопределен, пробуем распаковать по заголовку ContentType:
2017-10-29 18:26:17.5286 TRACE Content-Type = 'application/octet-stream'
2017-10-29 18:26:17.5751 TRACE GZip-архив octet-stream успешно распакован.
2017-10-29 18:26:17.5751 INFO Получение каналов и тв-программы успешно завершено. Затрачено времени '0,857' секунд
2017-10-29 18:27:14.3375 INFO Начало получения телеканалов с тв-программой
urid='http://tele.perm.ru/download/tvguide.xml.gz';
outputfile='TPXmlTvNew.xml'
2017-10-29 18:27:14.3375 TRACE Определен каталог для сохранения: 'K:\Projects\TVProgViewer\src\TVProgUpdater\TVProgUpdater\bin\Debug\2017-10-29'
2017-10-29 18:27:14.3375 TRACE Требуется загрузка из интернета
2017-10-29 18:27:14.3375 INFO Начало запроса ресурса.
2017-10-29 18:27:14.8134 TRACE Ресурс успешно получен в поток.
2017-10-29 18:27:14.8134 INFO Content-Encoding неопределен, пробуем распаковать по заголовку ContentType:
2017-10-29 18:27:14.8134 TRACE Content-Type = 'application/octet-stream'
2017-10-29 18:27:14.8789 TRACE GZip-архив octet-stream успешно распакован.
2017-10-29 18:27:14.8789 INFO Получение каналов и тв-программы успешно завершено. Затрачено времени '0,541' секунд
2017-10-29 18:28:33.5863 INFO Начало получения телеканалов с тв-программой
urid='http://tele.perm.ru/download/tvguide.xml.gz';
outputfile='TPXmlTvNew.xml'
2017-10-29 18:28:33.5863 TRACE Определен каталог для сохранения: 'K:\Projects\TVProgViewer\src\TVProgUpdater\TVProgUpdater\bin\Debug\2017-10-29'
2017-10-29 18:28:33.5863 TRACE Требуется загрузка из интернета
2017-10-29 18:28:33.5863 INFO Начало запроса ресурса.
2017-10-29 18:28:34.1730 TRACE Ресурс успешно получен в поток.
2017-10-29 18:28:34.1730 INFO Content-Encoding неопределен, пробуем распаковать по заголовку ContentType:
2017-10-29 18:28:34.1730 TRACE Content-Type = 'application/octet-stream'
2017-10-29 18:28:34.2251 TRACE GZip-архив octet-stream успешно распакован.
2017-10-29 18:28:34.2251 INFO Получение каналов и тв-программы успешно завершено. Затрачено времени '0,638' секунд
