2018-10-04 16:55:58.9582 INFO Начало получения телеканалов с тв-программой
urid='http://www.teleguide.info/download/old/xmltv.xml.gz';
outputfile='TGXmlTvOld.xml'
2018-10-04 16:55:58.9582 TRACE Определен каталог для сохранения: 'K:\Projects\TVProgViewer\src\TVProgUpdater\TVProgUpdater\bin\Release\2018-10-04'
2018-10-04 16:55:58.9582 TRACE Требуется загрузка из интернета
2018-10-04 16:55:58.9682 INFO Начало запроса ресурса.
2018-10-04 16:55:59.2270 TRACE Ресурс успешно получен в поток.
2018-10-04 16:55:59.2270 INFO Content-Encoding неопределен, пробуем распаковать по заголовку ContentType:
2018-10-04 16:55:59.2270 TRACE Content-Type = 'application/octet-stream'
2018-10-04 16:56:06.2261 TRACE GZip-архив octet-stream успешно распакован.
2018-10-04 16:56:06.2261 INFO Получение каналов и тв-программы успешно завершено. Затрачено времени '7,262' секунд
2018-10-04 16:56:16.4525 INFO Начало получения телеканалов с тв-программой
urid='http://www.teleguide.info/download/new3/xmltv.xml.gz';
outputfile='TGXmlTvNew.xml'
2018-10-04 16:56:16.4525 TRACE Определен каталог для сохранения: 'K:\Projects\TVProgViewer\src\TVProgUpdater\TVProgUpdater\bin\Release\2018-10-04'
2018-10-04 16:56:16.4525 TRACE Требуется загрузка из интернета
2018-10-04 16:56:16.4674 INFO Начало запроса ресурса.
2018-10-04 16:56:16.6658 TRACE Ресурс успешно получен в поток.
2018-10-04 16:56:16.6658 INFO Content-Encoding неопределен, пробуем распаковать по заголовку ContentType:
2018-10-04 16:56:16.6658 TRACE Content-Type = 'application/octet-stream'
2018-10-04 16:56:21.3155 TRACE GZip-архив octet-stream успешно распакован.
2018-10-04 16:56:21.3155 INFO Получение каналов и тв-программы успешно завершено. Затрачено времени '4,854' секунд
2018-10-04 16:57:25.5935 INFO Начало получения телеканалов с тв-программой
urid='http://www.teleguide.info/download/old/inter-tv.zip';
outputfile='TGInterTVOld.txt'
2018-10-04 16:57:25.5935 TRACE Определен каталог для сохранения: 'K:\Projects\TVProgViewer\src\TVProgUpdater\TVProgUpdater\bin\Release\2018-10-04'
2018-10-04 16:57:25.5935 TRACE Требуется загрузка из интернета
2018-10-04 16:57:25.5935 INFO Начало запроса ресурса.
2018-10-04 16:57:25.8845 TRACE Ресурс успешно получен в поток.
2018-10-04 16:57:25.8845 INFO Content-Encoding неопределен, пробуем распаковать по заголовку ContentType:
2018-10-04 16:57:25.8845 TRACE Content-Type = 'application/zip'
2018-10-04 16:57:48.6480 TRACE Zip-архив успешно распакован.
2018-10-04 16:57:48.6480 INFO Получение каналов и тв-программы успешно завершено. Затрачено времени '23,053' секунд
2018-10-04 16:57:57.4106 INFO Начало получения телеканалов с тв-программой
urid='http://www.teleguide.info/download/new3/inter-tv.zip';
outputfile='TGInterTVNew.txt'
2018-10-04 16:57:57.4106 TRACE Определен каталог для сохранения: 'K:\Projects\TVProgViewer\src\TVProgUpdater\TVProgUpdater\bin\Release\2018-10-04'
2018-10-04 16:57:57.4226 TRACE Требуется загрузка из интернета
2018-10-04 16:57:57.4226 INFO Начало запроса ресурса.
2018-10-04 16:57:57.6495 TRACE Ресурс успешно получен в поток.
2018-10-04 16:57:57.6495 INFO Content-Encoding неопределен, пробуем распаковать по заголовку ContentType:
2018-10-04 16:57:57.6495 TRACE Content-Type = 'application/zip'
2018-10-04 16:58:00.6490 TRACE Zip-архив успешно распакован.
2018-10-04 16:58:00.6490 INFO Получение каналов и тв-программы успешно завершено. Затрачено времени '3,233' секунд
2018-10-04 16:58:08.9413 INFO Начало получения телеканалов с тв-программой
urid='http://tele.perm.ru/download/tvguide.xml.gz';
outputfile='TPXmlTvNew.xml'
2018-10-04 16:58:08.9413 TRACE Определен каталог для сохранения: 'K:\Projects\TVProgViewer\src\TVProgUpdater\TVProgUpdater\bin\Release\2018-10-04'
2018-10-04 16:58:08.9413 TRACE Требуется загрузка из интернета
2018-10-04 16:58:08.9413 INFO Начало запроса ресурса.
2018-10-04 16:58:09.5508 TRACE Ресурс успешно получен в поток.
2018-10-04 16:58:09.5508 INFO Content-Encoding неопределен, пробуем распаковать по заголовку ContentType:
2018-10-04 16:58:09.5508 TRACE Content-Type = 'application/octet-stream'
2018-10-04 16:58:09.5858 TRACE GZip-архив octet-stream успешно распакован.
2018-10-04 16:58:09.5858 INFO Получение каналов и тв-программы успешно завершено. Затрачено времени '0,641' секунд
