2017-10-08 11:20:21.7810 INFO Актуальная программа есть только за 09 октября 2017
2017-10-08 11:20:21.8479 INFO  =========== Начало обновления ============ 
2017-10-08 11:20:22.1907 INFO Начало получения ресурсов из базы.
2017-10-08 11:20:22.8671 TRACE Ресурсы из базы успешно получены: WRID = '1', FileName = 'TGXmlTvOld.xml', ResourceName = 'Ресурс teleguide.info старой телепрограммы (XMLTV)', ResourceUrl ='http://www.teleguide.info/download/old/xmltv.xml.gz';WRID = '2', FileName = 'TGXmlTvNew.xml', ResourceName = 'Ресурс teleguide.info новой телепрограммы (XMLTV)', ResourceUrl ='http://www.teleguide.info/download/new3/xmltv.xml.gz';WRID = '3', FileName = 'TGInterTVOld.txt', ResourceName = 'Ресурс teleguide.info старой телепрограммы (Интер-ТВ)', ResourceUrl ='http://www.teleguide.info/download/old/inter-tv.zip';WRID = '4', FileName = 'TGInterTVNew.txt', ResourceName = 'Ресурс teleguide.info новой телепрограммы (Интер-ТВ)', ResourceUrl ='http://www.teleguide.info/download/new3/inter-tv.zip'
2017-10-08 11:20:22.8671 INFO Обновление для ID='1'
2017-10-08 11:20:27.7453 INFO Каналы и тв-программа ID='1' подготовлены к запуску обработки в базе
2017-10-08 11:20:39.6120 INFO Обновление для ID='1' успешно завершено. Затрачено '16,74' сек.
2017-10-08 11:20:39.6120 INFO Обновление для ID='2'
2017-10-08 11:20:43.7564 INFO Каналы и тв-программа ID='2' подготовлены к запуску обработки в базе
2017-10-08 11:20:58.3584 INFO Обработка каналов и тв-программы ID='2' завершена. Начало загрузки пиктограмм.
2017-10-08 11:21:19.0297 INFO Загрузка пиктограмм завершена. Потребовалось 20,67 сек.
2017-10-08 11:21:19.0322 INFO Обновление для ID='2' успешно завершено. Затрачено '39,419' сек.
2017-10-08 11:21:19.0322 INFO Обновление для ID='3'
2017-10-08 11:21:22.8115 INFO Каналы и тв-программа ID='3' подготовлены к запуску обработки в базе
2017-10-08 11:21:28.3949 INFO Обновление для ID='3' успешно завершено. Затрачено '9,361' сек.
2017-10-08 11:21:28.3949 INFO Обновление для ID='4'
2017-10-08 11:21:33.2839 INFO Каналы и тв-программа ID='4' подготовлены к запуску обработки в базе
2017-10-08 11:21:40.9250 INFO Обновление для ID='4' успешно завершено. Затрачено '12,529' сек.
2017-10-08 11:21:40.9250 INFO  ========== Обновление завершено ========== (Затрачено: 79,078 сек.)
2017-10-08 21:17:15.9487 INFO Актуальная программа есть только за 09 октября 2017
2017-10-08 21:17:15.9740 INFO  =========== Начало обновления ============ 
2017-10-08 21:17:16.1626 INFO Начало получения ресурсов из базы.
2017-10-08 21:17:16.5714 TRACE Ресурсы из базы успешно получены: WRID = '1', FileName = 'TGXmlTvOld.xml', ResourceName = 'Ресурс teleguide.info старой телепрограммы (XMLTV)', ResourceUrl ='http://www.teleguide.info/download/old/xmltv.xml.gz';WRID = '2', FileName = 'TGXmlTvNew.xml', ResourceName = 'Ресурс teleguide.info новой телепрограммы (XMLTV)', ResourceUrl ='http://www.teleguide.info/download/new3/xmltv.xml.gz';WRID = '3', FileName = 'TGInterTVOld.txt', ResourceName = 'Ресурс teleguide.info старой телепрограммы (Интер-ТВ)', ResourceUrl ='http://www.teleguide.info/download/old/inter-tv.zip';WRID = '4', FileName = 'TGInterTVNew.txt', ResourceName = 'Ресурс teleguide.info новой телепрограммы (Интер-ТВ)', ResourceUrl ='http://www.teleguide.info/download/new3/inter-tv.zip'
2017-10-08 21:17:16.5714 INFO Обновление для ID='1'
2017-10-08 21:17:23.5994 INFO Каналы и тв-программа ID='1' подготовлены к запуску обработки в базе
2017-10-08 21:17:32.3717 INFO Обновление для ID='1' успешно завершено. Затрачено '15,797' сек.
2017-10-08 21:17:32.3717 INFO Обновление для ID='2'
