2017-10-08 11:20:22.8745 INFO Начало получения телеканалов с тв-программой
urid='http://www.teleguide.info/download/old/xmltv.xml.gz';
outputfile='TGXmlTvOld.xml'
2017-10-08 11:20:22.8745 TRACE Определен каталог для сохранения: 'K:\Projects\TVProgViewer\src\TVProgUpdater\TVProgUpdater\bin\Release\2017-10-08'
2017-10-08 11:20:22.8745 TRACE Требуется загрузка из интернета
2017-10-08 11:20:22.8745 INFO Начало запроса ресурса.
2017-10-08 11:20:23.3726 TRACE Ресурс успешно получен в поток.
2017-10-08 11:20:23.3776 INFO Content-Encoding неопределен, пробуем распаковать по заголовку ContentType:
2017-10-08 11:20:23.3776 TRACE Content-Type = 'application/octet-stream'
2017-10-08 11:20:26.2324 TRACE GZip-архив octet-stream успешно распакован.
2017-10-08 11:20:26.2364 INFO Получение каналов и тв-программы успешно завершено. Затрачено времени '3,361' секунд
2017-10-08 11:20:39.6120 INFO Начало получения телеканалов с тв-программой
urid='http://www.teleguide.info/download/new3/xmltv.xml.gz';
outputfile='TGXmlTvNew.xml'
2017-10-08 11:20:39.6120 TRACE Определен каталог для сохранения: 'K:\Projects\TVProgViewer\src\TVProgUpdater\TVProgUpdater\bin\Release\2017-10-08'
2017-10-08 11:20:39.6120 TRACE Требуется загрузка из интернета
2017-10-08 11:20:39.6120 INFO Начало запроса ресурса.
2017-10-08 11:20:39.7782 TRACE Ресурс успешно получен в поток.
2017-10-08 11:20:39.7782 INFO Content-Encoding неопределен, пробуем распаковать по заголовку ContentType:
2017-10-08 11:20:39.7819 TRACE Content-Type = 'application/octet-stream'
2017-10-08 11:20:42.0445 TRACE GZip-архив octet-stream успешно распакован.
2017-10-08 11:20:42.0445 INFO Получение каналов и тв-программы успешно завершено. Затрачено времени '2,431' секунд
2017-10-08 11:21:19.0322 INFO Начало получения телеканалов с тв-программой
urid='http://www.teleguide.info/download/old/inter-tv.zip';
outputfile='TGInterTVOld.txt'
2017-10-08 11:21:19.0322 TRACE Определен каталог для сохранения: 'K:\Projects\TVProgViewer\src\TVProgUpdater\TVProgUpdater\bin\Release\2017-10-08'
2017-10-08 11:21:19.0322 TRACE Требуется загрузка из интернета
2017-10-08 11:21:19.0322 INFO Начало запроса ресурса.
2017-10-08 11:21:19.1993 TRACE Ресурс успешно получен в поток.
2017-10-08 11:21:19.1993 INFO Content-Encoding неопределен, пробуем распаковать по заголовку ContentType:
2017-10-08 11:21:19.1993 TRACE Content-Type = 'application/zip'
2017-10-08 11:21:21.1151 TRACE Zip-архив успешно распакован.
2017-10-08 11:21:21.1151 INFO Получение каналов и тв-программы успешно завершено. Затрачено времени '2,082' секунд
2017-10-08 11:21:28.3949 INFO Начало получения телеканалов с тв-программой
urid='http://www.teleguide.info/download/new3/inter-tv.zip';
outputfile='TGInterTVNew.txt'
2017-10-08 11:21:28.3949 TRACE Определен каталог для сохранения: 'K:\Projects\TVProgViewer\src\TVProgUpdater\TVProgUpdater\bin\Release\2017-10-08'
2017-10-08 11:21:28.3949 TRACE Требуется загрузка из интернета
2017-10-08 11:21:28.3949 INFO Начало запроса ресурса.
2017-10-08 11:21:28.5506 TRACE Ресурс успешно получен в поток.
2017-10-08 11:21:28.5506 INFO Content-Encoding неопределен, пробуем распаковать по заголовку ContentType:
2017-10-08 11:21:28.5506 TRACE Content-Type = 'application/zip'
2017-10-08 11:21:31.5386 TRACE Zip-архив успешно распакован.
2017-10-08 11:21:31.5386 INFO Получение каналов и тв-программы успешно завершено. Затрачено времени '3,144' секунд
2017-10-08 21:17:16.5776 INFO Начало получения телеканалов с тв-программой
urid='http://www.teleguide.info/download/old/xmltv.xml.gz';
outputfile='TGXmlTvOld.xml'
2017-10-08 21:17:16.5776 TRACE Определен каталог для сохранения: 'K:\Projects\TVProgViewer\src\TVProgUpdater\TVProgUpdater\bin\Release\2017-10-08'
2017-10-08 21:17:16.5776 TRACE Требуется загрузка из интернета
2017-10-08 21:17:16.5776 INFO Начало запроса ресурса.
2017-10-08 21:17:17.3314 TRACE Ресурс успешно получен в поток.
2017-10-08 21:17:17.3314 INFO Content-Encoding неопределен, пробуем распаковать по заголовку ContentType:
2017-10-08 21:17:17.3314 TRACE Content-Type = 'application/octet-stream'
2017-10-08 21:17:22.1681 TRACE GZip-архив octet-stream успешно распакован.
2017-10-08 21:17:22.1681 INFO Получение каналов и тв-программы успешно завершено. Затрачено времени '5,591' секунд
2017-10-08 21:17:32.3717 INFO Начало получения телеканалов с тв-программой
urid='http://www.teleguide.info/download/new3/xmltv.xml.gz';
outputfile='TGXmlTvNew.xml'
2017-10-08 21:17:32.3747 TRACE Определен каталог для сохранения: 'K:\Projects\TVProgViewer\src\TVProgUpdater\TVProgUpdater\bin\Release\2017-10-08'
2017-10-08 21:17:32.3747 TRACE Требуется загрузка из интернета
2017-10-08 21:17:32.3747 INFO Начало запроса ресурса.
2017-10-08 21:17:32.6681 TRACE Ресурс успешно получен в поток.
2017-10-08 21:17:32.6681 INFO Content-Encoding неопределен, пробуем распаковать по заголовку ContentType:
2017-10-08 21:17:32.6731 TRACE Content-Type = 'application/octet-stream'
