2015-05-02 12:30:19.3193 INFO  =========== Начало обновления ============ 
2015-05-02 12:30:21.6835 INFO Начало получения ресурсов из базы.
2015-05-02 12:30:30.0966 TRACE Ресурсы из базы успешно получены: WRID = '1', FileName = 'TGXmlTvOld.xml', ResourceName = 'Ресурс teleguide.info старой телепрограммы (XMLTV)', ResourceUrl ='http://www.teleguide.info/download/old/xmltv.xml.gz';WRID = '2', FileName = 'TGXmlTvNew.xml', ResourceName = 'Ресурс teleguide.info новой телепрограммы (XMLTV)', ResourceUrl ='http://www.teleguide.info/download/new3/xmltv.xml.gz';WRID = '3', FileName = 'TGInterTVOld.txt', ResourceName = 'Ресурс teleguide.info старой телепрограммы (Интер-ТВ)', ResourceUrl ='http://www.teleguide.info/download/old/inter-tv.zip';WRID = '4', FileName = 'TGInterTVNew.txt', ResourceName = 'Ресурс teleguide.info новой телепрограммы (Интер-ТВ)', ResourceUrl ='http://www.teleguide.info/download/new3/inter-tv.zip'
2015-05-02 12:30:30.1640 INFO Обновление для ID='1'
2015-05-02 12:30:59.1132 ERROR Обновление тв-программы прошло неуспешно: ErrMessage='Файл 'H:\Projects\TVProgViewer\src\TVProgUpdater\TVProgUpdater\bin\Release\2015-05-02\TGXmlTvOld.xml' не найден.', StackTrace='   в System.IO.__Error.WinIOError(Int32 errorCode, String maybeFullPath)
   в System.IO.FileStream.Init(String path, FileMode mode, FileAccess access, Int32 rights, Boolean useRights, FileShare share, Int32 bufferSize, FileOptions options, SECURITY_ATTRIBUTES secAttrs, String msgPath, Boolean bFromProxy, Boolean useLongPath, Boolean checkHost)
   в System.IO.FileStream..ctor(String path, FileMode mode, FileAccess access, FileShare share, Int32 bufferSize)
   в System.Xml.XmlDownloadManager.GetStream(Uri uri, ICredentials credentials, IWebProxy proxy, RequestCachePolicy cachePolicy)
   в System.Xml.XmlUrlResolver.GetEntity(Uri absoluteUri, String role, Type ofObjectToReturn)
   в System.Xml.XmlTextReaderImpl.FinishInitUriString()
   в System.Xml.XmlTextReaderImpl..ctor(String uriStr, XmlReaderSettings settings, XmlParserContext context, XmlResolver uriResolver)
   в System.Xml.XmlReaderSettings.CreateReader(String inputUri, XmlParserContext inputContext)
   в System.Xml.XmlReader.Create(String inputUri, XmlReaderSettings settings, XmlParserContext inputContext)
   в System.Xml.Linq.XDocument.Load(String uri, LoadOptions options)
   в TVProgUpdater.Program.Main(String[] args) в h:\Projects\TVProgViewer\src\TVProgUpdater\TVProgUpdater\Program.cs:строка 35'
2015-05-02 12:30:59.2333 INFO Обновление для ID='2'
2015-05-02 12:32:01.7109 INFO  =========== Начало обновления ============ 
2015-05-02 12:32:02.3818 INFO Начало получения ресурсов из базы.
2015-05-02 12:32:11.4414 TRACE Ресурсы из базы успешно получены: WRID = '1', FileName = 'TGXmlTvOld.xml', ResourceName = 'Ресурс teleguide.info старой телепрограммы (XMLTV)', ResourceUrl ='http://www.teleguide.info/download/old/xmltv.xml.gz';WRID = '2', FileName = 'TGXmlTvNew.xml', ResourceName = 'Ресурс teleguide.info новой телепрограммы (XMLTV)', ResourceUrl ='http://www.teleguide.info/download/new3/xmltv.xml.gz';WRID = '3', FileName = 'TGInterTVOld.txt', ResourceName = 'Ресурс teleguide.info старой телепрограммы (Интер-ТВ)', ResourceUrl ='http://www.teleguide.info/download/old/inter-tv.zip';WRID = '4', FileName = 'TGInterTVNew.txt', ResourceName = 'Ресурс teleguide.info новой телепрограммы (Интер-ТВ)', ResourceUrl ='http://www.teleguide.info/download/new3/inter-tv.zip'
2015-05-02 12:32:11.4414 INFO Обновление для ID='1'
2015-05-02 12:32:32.7001 INFO Каналы и тв-программа ID='1' подготовлены к запуску обработки в базе
2015-05-02 12:35:06.7724 INFO Обновление для ID='1' успешно завершено. Затрачено '175,33' сек.
2015-05-02 12:35:06.7724 INFO Обновление для ID='2'
2015-05-02 12:35:14.8476 INFO Каналы и тв-программа ID='2' подготовлены к запуску обработки в базе
2015-05-02 12:36:29.8417 INFO Обновление для ID='2' успешно завершено. Затрачено '83,065' сек.
2015-05-02 12:36:29.9072 INFO Обновление для ID='3'
2015-05-02 12:36:46.3662 INFO Каналы и тв-программа ID='3' подготовлены к запуску обработки в базе
2015-05-02 12:37:28.9199 INFO Обновление для ID='3' успешно завершено. Затрачено '59,006' сек.
2015-05-02 12:37:28.9238 INFO Обновление для ID='4'
2015-05-02 12:37:38.9599 INFO Каналы и тв-программа ID='4' подготовлены к запуску обработки в базе
2015-05-02 12:38:12.5839 INFO Обновление для ID='4' успешно завершено. Затрачено '43,658' сек.
2015-05-02 12:38:12.5839 INFO  ========== Обновление завершено ========== (Затрачено: 370,217 сек.)
2015-05-02 15:15:58.9931 INFO  =========== Начало обновления ============ 
2015-05-02 15:15:59.5097 INFO Начало получения ресурсов из базы.
2015-05-02 15:16:04.3945 TRACE Ресурсы из базы успешно получены: WRID = '1', FileName = 'TGXmlTvOld.xml', ResourceName = 'Ресурс teleguide.info старой телепрограммы (XMLTV)', ResourceUrl ='http://www.teleguide.info/download/old/xmltv.xml.gz';WRID = '2', FileName = 'TGXmlTvNew.xml', ResourceName = 'Ресурс teleguide.info новой телепрограммы (XMLTV)', ResourceUrl ='http://www.teleguide.info/download/new3/xmltv.xml.gz';WRID = '3', FileName = 'TGInterTVOld.txt', ResourceName = 'Ресурс teleguide.info старой телепрограммы (Интер-ТВ)', ResourceUrl ='http://www.teleguide.info/download/old/inter-tv.zip';WRID = '4', FileName = 'TGInterTVNew.txt', ResourceName = 'Ресурс teleguide.info новой телепрограммы (Интер-ТВ)', ResourceUrl ='http://www.teleguide.info/download/new3/inter-tv.zip'
2015-05-02 15:16:04.3945 INFO Обновление для ID='1'
2015-05-02 15:21:33.4843 INFO  =========== Начало обновления ============ 
2015-05-02 15:21:33.7910 INFO Начало получения ресурсов из базы.
2015-05-02 15:23:35.9423 INFO  =========== Начало обновления ============ 
2015-05-02 15:23:35.9697 INFO Начало получения ресурсов из базы.
2015-05-02 15:23:36.8750 TRACE Ресурсы из базы успешно получены: WRID = '1', FileName = 'TGXmlTvOld.xml', ResourceName = 'Ресурс teleguide.info старой телепрограммы (XMLTV)', ResourceUrl ='http://www.teleguide.info/download/old/xmltv.xml.gz';WRID = '2', FileName = 'TGXmlTvNew.xml', ResourceName = 'Ресурс teleguide.info новой телепрограммы (XMLTV)', ResourceUrl ='http://www.teleguide.info/download/new3/xmltv.xml.gz';WRID = '3', FileName = 'TGInterTVOld.txt', ResourceName = 'Ресурс teleguide.info старой телепрограммы (Интер-ТВ)', ResourceUrl ='http://www.teleguide.info/download/old/inter-tv.zip';WRID = '4', FileName = 'TGInterTVNew.txt', ResourceName = 'Ресурс teleguide.info новой телепрограммы (Интер-ТВ)', ResourceUrl ='http://www.teleguide.info/download/new3/inter-tv.zip'
2015-05-02 15:23:36.8750 INFO Обновление для ID='1'
2015-05-02 15:24:44.2031 ERROR Обновление тв-программы прошло неуспешно: ErrMessage='Ссылка на объект не указывает на экземпляр объекта.', StackTrace='   в TVProgViewer.DataAccess.Adapters.UpdaterAdapter.UpdateIcon(Int32 cid, String iconWebSrc, String channelIconName, String contentType, String contentCoding, Stream channelIcon) в h:\Projects\TVProgViewer\src\DataAccess\Adapters\UpdaterAdapter.cs:строка 64
   в TVProgUpdater.Program.Main(String[] args) в h:\Projects\TVProgViewer\src\TVProgUpdater\TVProgUpdater\Program.cs:строка 52'
2015-05-02 15:24:44.5214 INFO Обновление для ID='2'
2015-05-02 15:29:33.0351 INFO  =========== Начало обновления ============ 
2015-05-02 15:29:33.0625 INFO Начало получения ресурсов из базы.
2015-05-02 15:29:34.2958 TRACE Ресурсы из базы успешно получены: WRID = '1', FileName = 'TGXmlTvOld.xml', ResourceName = 'Ресурс teleguide.info старой телепрограммы (XMLTV)', ResourceUrl ='http://www.teleguide.info/download/old/xmltv.xml.gz';WRID = '2', FileName = 'TGXmlTvNew.xml', ResourceName = 'Ресурс teleguide.info новой телепрограммы (XMLTV)', ResourceUrl ='http://www.teleguide.info/download/new3/xmltv.xml.gz';WRID = '3', FileName = 'TGInterTVOld.txt', ResourceName = 'Ресурс teleguide.info старой телепрограммы (Интер-ТВ)', ResourceUrl ='http://www.teleguide.info/download/old/inter-tv.zip';WRID = '4', FileName = 'TGInterTVNew.txt', ResourceName = 'Ресурс teleguide.info новой телепрограммы (Интер-ТВ)', ResourceUrl ='http://www.teleguide.info/download/new3/inter-tv.zip'
2015-05-02 15:29:34.2968 INFO Обновление для ID='1'
2015-05-02 15:33:25.4111 INFO  =========== Начало обновления ============ 
2015-05-02 15:33:25.4375 INFO Начало получения ресурсов из базы.
2015-05-02 15:33:25.7460 TRACE Ресурсы из базы успешно получены: WRID = '1', FileName = 'TGXmlTvOld.xml', ResourceName = 'Ресурс teleguide.info старой телепрограммы (XMLTV)', ResourceUrl ='http://www.teleguide.info/download/old/xmltv.xml.gz';WRID = '2', FileName = 'TGXmlTvNew.xml', ResourceName = 'Ресурс teleguide.info новой телепрограммы (XMLTV)', ResourceUrl ='http://www.teleguide.info/download/new3/xmltv.xml.gz';WRID = '3', FileName = 'TGInterTVOld.txt', ResourceName = 'Ресурс teleguide.info старой телепрограммы (Интер-ТВ)', ResourceUrl ='http://www.teleguide.info/download/old/inter-tv.zip';WRID = '4', FileName = 'TGInterTVNew.txt', ResourceName = 'Ресурс teleguide.info новой телепрограммы (Интер-ТВ)', ResourceUrl ='http://www.teleguide.info/download/new3/inter-tv.zip'
2015-05-02 15:33:25.7460 INFO Обновление для ID='1'
2015-05-02 15:46:14.1865 INFO  =========== Начало обновления ============ 
2015-05-02 15:46:14.2031 INFO Начало получения ресурсов из базы.
2015-05-02 15:46:14.4941 TRACE Ресурсы из базы успешно получены: WRID = '1', FileName = 'TGXmlTvOld.xml', ResourceName = 'Ресурс teleguide.info старой телепрограммы (XMLTV)', ResourceUrl ='http://www.teleguide.info/download/old/xmltv.xml.gz';WRID = '2', FileName = 'TGXmlTvNew.xml', ResourceName = 'Ресурс teleguide.info новой телепрограммы (XMLTV)', ResourceUrl ='http://www.teleguide.info/download/new3/xmltv.xml.gz';WRID = '3', FileName = 'TGInterTVOld.txt', ResourceName = 'Ресурс teleguide.info старой телепрограммы (Интер-ТВ)', ResourceUrl ='http://www.teleguide.info/download/old/inter-tv.zip';WRID = '4', FileName = 'TGInterTVNew.txt', ResourceName = 'Ресурс teleguide.info новой телепрограммы (Интер-ТВ)', ResourceUrl ='http://www.teleguide.info/download/new3/inter-tv.zip'
2015-05-02 15:46:14.4941 INFO Обновление для ID='1'
2015-05-02 15:49:00.9882 INFO  =========== Начало обновления ============ 
2015-05-02 15:49:01.1943 INFO Начало получения ресурсов из базы.
2015-05-02 15:49:04.2792 TRACE Ресурсы из базы успешно получены: WRID = '1', FileName = 'TGXmlTvOld.xml', ResourceName = 'Ресурс teleguide.info старой телепрограммы (XMLTV)', ResourceUrl ='http://www.teleguide.info/download/old/xmltv.xml.gz';WRID = '2', FileName = 'TGXmlTvNew.xml', ResourceName = 'Ресурс teleguide.info новой телепрограммы (XMLTV)', ResourceUrl ='http://www.teleguide.info/download/new3/xmltv.xml.gz';WRID = '3', FileName = 'TGInterTVOld.txt', ResourceName = 'Ресурс teleguide.info старой телепрограммы (Интер-ТВ)', ResourceUrl ='http://www.teleguide.info/download/old/inter-tv.zip';WRID = '4', FileName = 'TGInterTVNew.txt', ResourceName = 'Ресурс teleguide.info новой телепрограммы (Интер-ТВ)', ResourceUrl ='http://www.teleguide.info/download/new3/inter-tv.zip'
2015-05-02 15:49:04.2822 INFO Обновление для ID='1'
2015-05-02 15:52:06.5869 INFO  =========== Начало обновления ============ 
2015-05-02 15:52:06.6435 INFO Начало получения ресурсов из базы.
2015-05-02 15:52:07.3652 TRACE Ресурсы из базы успешно получены: WRID = '1', FileName = 'TGXmlTvOld.xml', ResourceName = 'Ресурс teleguide.info старой телепрограммы (XMLTV)', ResourceUrl ='http://www.teleguide.info/download/old/xmltv.xml.gz';WRID = '2', FileName = 'TGXmlTvNew.xml', ResourceName = 'Ресурс teleguide.info новой телепрограммы (XMLTV)', ResourceUrl ='http://www.teleguide.info/download/new3/xmltv.xml.gz';WRID = '3', FileName = 'TGInterTVOld.txt', ResourceName = 'Ресурс teleguide.info старой телепрограммы (Интер-ТВ)', ResourceUrl ='http://www.teleguide.info/download/old/inter-tv.zip';WRID = '4', FileName = 'TGInterTVNew.txt', ResourceName = 'Ресурс teleguide.info новой телепрограммы (Интер-ТВ)', ResourceUrl ='http://www.teleguide.info/download/new3/inter-tv.zip'
2015-05-02 15:52:07.3652 INFO Обновление для ID='1'
2015-05-02 15:54:25.0791 INFO  =========== Начало обновления ============ 
2015-05-02 15:54:25.0966 INFO Начало получения ресурсов из базы.
2015-05-02 15:54:25.3916 TRACE Ресурсы из базы успешно получены: WRID = '1', FileName = 'TGXmlTvOld.xml', ResourceName = 'Ресурс teleguide.info старой телепрограммы (XMLTV)', ResourceUrl ='http://www.teleguide.info/download/old/xmltv.xml.gz';WRID = '2', FileName = 'TGXmlTvNew.xml', ResourceName = 'Ресурс teleguide.info новой телепрограммы (XMLTV)', ResourceUrl ='http://www.teleguide.info/download/new3/xmltv.xml.gz';WRID = '3', FileName = 'TGInterTVOld.txt', ResourceName = 'Ресурс teleguide.info старой телепрограммы (Интер-ТВ)', ResourceUrl ='http://www.teleguide.info/download/old/inter-tv.zip';WRID = '4', FileName = 'TGInterTVNew.txt', ResourceName = 'Ресурс teleguide.info новой телепрограммы (Интер-ТВ)', ResourceUrl ='http://www.teleguide.info/download/new3/inter-tv.zip'
2015-05-02 15:54:25.3916 INFO Обновление для ID='1'
2015-05-02 15:57:07.8281 INFO  =========== Начало обновления ============ 
2015-05-02 15:57:07.8447 INFO Начало получения ресурсов из базы.
2015-05-02 15:57:08.0556 TRACE Ресурсы из базы успешно получены: WRID = '1', FileName = 'TGXmlTvOld.xml', ResourceName = 'Ресурс teleguide.info старой телепрограммы (XMLTV)', ResourceUrl ='http://www.teleguide.info/download/old/xmltv.xml.gz';WRID = '2', FileName = 'TGXmlTvNew.xml', ResourceName = 'Ресурс teleguide.info новой телепрограммы (XMLTV)', ResourceUrl ='http://www.teleguide.info/download/new3/xmltv.xml.gz';WRID = '3', FileName = 'TGInterTVOld.txt', ResourceName = 'Ресурс teleguide.info старой телепрограммы (Интер-ТВ)', ResourceUrl ='http://www.teleguide.info/download/old/inter-tv.zip';WRID = '4', FileName = 'TGInterTVNew.txt', ResourceName = 'Ресурс teleguide.info новой телепрограммы (Интер-ТВ)', ResourceUrl ='http://www.teleguide.info/download/new3/inter-tv.zip'
2015-05-02 15:57:08.0556 INFO Обновление для ID='1'
2015-05-02 16:03:23.8671 INFO  =========== Начало обновления ============ 
2015-05-02 16:03:23.9287 INFO Начало получения ресурсов из базы.
2015-05-02 16:03:24.6376 TRACE Ресурсы из базы успешно получены: WRID = '1', FileName = 'TGXmlTvOld.xml', ResourceName = 'Ресурс teleguide.info старой телепрограммы (XMLTV)', ResourceUrl ='http://www.teleguide.info/download/old/xmltv.xml.gz';WRID = '2', FileName = 'TGXmlTvNew.xml', ResourceName = 'Ресурс teleguide.info новой телепрограммы (XMLTV)', ResourceUrl ='http://www.teleguide.info/download/new3/xmltv.xml.gz';WRID = '3', FileName = 'TGInterTVOld.txt', ResourceName = 'Ресурс teleguide.info старой телепрограммы (Интер-ТВ)', ResourceUrl ='http://www.teleguide.info/download/old/inter-tv.zip';WRID = '4', FileName = 'TGInterTVNew.txt', ResourceName = 'Ресурс teleguide.info новой телепрограммы (Интер-ТВ)', ResourceUrl ='http://www.teleguide.info/download/new3/inter-tv.zip'
2015-05-02 16:03:24.6406 INFO Обновление для ID='1'
2015-05-02 16:04:18.8447 INFO Каналы и тв-программа ID='1' подготовлены к запуску обработки в базе
