2015-05-02 12:30:30.2617 INFO Начало получения телеканалов с тв-программой
urid='http://www.teleguide.info/download/old/xmltv.xml.gz';
outputfile='TGXmlTvOld.xml'
2015-05-02 12:30:30.4130 TRACE Определен каталог для сохранения: 'H:\Projects\TVProgViewer\src\TVProgUpdater\TVProgUpdater\bin\Release\2015-05-02'
2015-05-02 12:30:30.4248 TRACE Требуется загрузка из интернета
2015-05-02 12:30:30.4248 INFO Начало запроса ресурса.
2015-05-02 12:30:54.7548 ERROR Получение каналов и тв-программы завершилось с ошибкой: Message = 'Невозможно соединиться с удаленным сервером'
StackTrace = '   в System.Net.HttpWebRequest.GetResponse()
   в TVProgUpdater.WebPart.GetWebTVProgramm(Uri uri, String& outputFileName) в h:\Projects\TVProgViewer\src\TVProgUpdater\TVProgUpdater\WebPart.cs:строка 54'.
2015-05-02 12:30:59.2353 INFO Начало получения телеканалов с тв-программой
urid='http://www.teleguide.info/download/new3/xmltv.xml.gz';
outputfile='TGXmlTvNew.xml'
2015-05-02 12:30:59.2626 TRACE Определен каталог для сохранения: 'H:\Projects\TVProgViewer\src\TVProgUpdater\TVProgUpdater\bin\Release\2015-05-02'
2015-05-02 12:30:59.2753 TRACE Требуется загрузка из интернета
2015-05-02 12:30:59.2812 INFO Начало запроса ресурса.
2015-05-02 12:32:11.4414 INFO Начало получения телеканалов с тв-программой
urid='http://www.teleguide.info/download/old/xmltv.xml.gz';
outputfile='TGXmlTvOld.xml'
2015-05-02 12:32:11.4707 TRACE Определен каталог для сохранения: 'H:\Projects\TVProgViewer\src\TVProgUpdater\TVProgUpdater\bin\Release\2015-05-02'
2015-05-02 12:32:11.4707 TRACE Требуется загрузка из интернета
2015-05-02 12:32:11.4707 INFO Начало запроса ресурса.
2015-05-02 12:32:12.9990 TRACE Ресурс успешно получен в поток.
2015-05-02 12:32:13.1503 INFO Content-Encoding неопределен, пробуем распаковать по заголовку ContentType:
2015-05-02 12:32:13.1503 TRACE Content-Type = 'application/octet-stream'
2015-05-02 12:32:28.2832 TRACE GZip-архив octet-stream успешно распакован.
2015-05-02 12:32:28.2832 INFO Получение каналов и тв-программы успешно завершено. Затрачено времени '16,831' секунд
2015-05-02 12:35:06.7724 INFO Начало получения телеканалов с тв-программой
urid='http://www.teleguide.info/download/new3/xmltv.xml.gz';
outputfile='TGXmlTvNew.xml'
2015-05-02 12:35:06.7851 TRACE Определен каталог для сохранения: 'H:\Projects\TVProgViewer\src\TVProgUpdater\TVProgUpdater\bin\Release\2015-05-02'
2015-05-02 12:35:06.7851 TRACE Требуется загрузка из интернета
2015-05-02 12:35:06.7851 INFO Начало запроса ресурса.
2015-05-02 12:35:06.8652 TRACE Ресурс успешно получен в поток.
2015-05-02 12:35:06.8652 INFO Content-Encoding неопределен, пробуем распаковать по заголовку ContentType:
2015-05-02 12:35:06.8652 TRACE Content-Type = 'application/octet-stream'
2015-05-02 12:35:11.6347 TRACE GZip-архив octet-stream успешно распакован.
2015-05-02 12:35:11.6347 INFO Получение каналов и тв-программы успешно завершено. Затрачено времени '4,851' секунд
2015-05-02 12:36:29.9072 INFO Начало получения телеканалов с тв-программой
urid='http://www.teleguide.info/download/old/inter-tv.zip';
outputfile='TGInterTVOld.txt'
2015-05-02 12:36:30.0185 TRACE Определен каталог для сохранения: 'H:\Projects\TVProgViewer\src\TVProgUpdater\TVProgUpdater\bin\Release\2015-05-02'
2015-05-02 12:36:30.0185 TRACE Требуется загрузка из интернета
2015-05-02 12:36:30.0185 INFO Начало запроса ресурса.
2015-05-02 12:36:30.7832 TRACE Ресурс успешно получен в поток.
2015-05-02 12:36:30.9404 INFO Content-Encoding неопределен, пробуем распаковать по заголовку ContentType:
2015-05-02 12:36:30.9404 TRACE Content-Type = 'application/zip'
2015-05-02 12:36:39.4179 TRACE Zip-архив успешно распакован.
2015-05-02 12:36:39.4179 INFO Получение каналов и тв-программы успешно завершено. Затрачено времени '9,396' секунд
2015-05-02 12:37:28.9238 INFO Начало получения телеканалов с тв-программой
urid='http://www.teleguide.info/download/new3/inter-tv.zip';
outputfile='TGInterTVNew.txt'
2015-05-02 12:37:28.9238 TRACE Определен каталог для сохранения: 'H:\Projects\TVProgViewer\src\TVProgUpdater\TVProgUpdater\bin\Release\2015-05-02'
2015-05-02 12:37:28.9375 TRACE Требуется загрузка из интернета
2015-05-02 12:37:28.9375 INFO Начало запроса ресурса.
2015-05-02 12:37:29.0449 TRACE Ресурс успешно получен в поток.
2015-05-02 12:37:29.0478 INFO Content-Encoding неопределен, пробуем распаковать по заголовку ContentType:
2015-05-02 12:37:29.0478 TRACE Content-Type = 'application/zip'
2015-05-02 12:37:34.1181 TRACE Zip-архив успешно распакован.
2015-05-02 12:37:34.1181 INFO Получение каналов и тв-программы успешно завершено. Затрачено времени '5,187' секунд
2015-05-02 15:16:04.4707 INFO Начало получения телеканалов с тв-программой
urid='http://www.teleguide.info/download/old/xmltv.xml.gz';
outputfile='TGXmlTvOld.xml'
2015-05-02 15:16:04.7871 TRACE Определен каталог для сохранения: 'H:\Projects\TVProgViewer\src\TVProgUpdater\TVProgUpdater\bin\Release\2015-05-02'
2015-05-02 15:16:04.8535 TRACE Требуется загрузка из интернета
2015-05-02 15:16:04.8750 INFO Начало запроса ресурса.
2015-05-02 15:16:28.1591 TRACE Ресурс успешно получен в поток.
2015-05-02 15:16:28.1884 INFO Content-Encoding неопределен, пробуем распаковать по заголовку ContentType:
2015-05-02 15:16:28.2158 TRACE Content-Type = 'application/octet-stream'
2015-05-02 15:16:37.1640 TRACE GZip-архив octet-stream успешно распакован.
2015-05-02 15:16:37.1640 INFO Получение каналов и тв-программы успешно завершено. Затрачено времени '32,6' секунд
2015-05-02 15:23:36.9072 INFO Начало получения телеканалов с тв-программой
urid='http://www.teleguide.info/download/old/xmltv.xml.gz';
outputfile='TGXmlTvOld.xml'
2015-05-02 15:23:37.1406 TRACE Определен каталог для сохранения: 'H:\Projects\TVProgViewer\src\TVProgUpdater\TVProgUpdater\bin\Release\2015-05-02'
2015-05-02 15:23:37.1406 TRACE Требуется загрузка из интернета
2015-05-02 15:23:37.1406 INFO Начало запроса ресурса.
2015-05-02 15:23:38.6230 TRACE Ресурс успешно получен в поток.
2015-05-02 15:23:38.6455 INFO Content-Encoding неопределен, пробуем распаковать по заголовку ContentType:
2015-05-02 15:23:38.6591 TRACE Content-Type = 'application/octet-stream'
2015-05-02 15:23:46.0273 TRACE GZip-архив octet-stream успешно распакован.
2015-05-02 15:23:46.0273 INFO Получение каналов и тв-программы успешно завершено. Затрачено времени '9,025' секунд
2015-05-02 15:24:44.5214 INFO Начало получения телеканалов с тв-программой
urid='http://www.teleguide.info/download/new3/xmltv.xml.gz';
outputfile='TGXmlTvNew.xml'
2015-05-02 15:24:44.6357 TRACE Определен каталог для сохранения: 'H:\Projects\TVProgViewer\src\TVProgUpdater\TVProgUpdater\bin\Release\2015-05-02'
2015-05-02 15:24:44.6425 TRACE Требуется загрузка из интернета
2015-05-02 15:24:44.6425 INFO Начало запроса ресурса.
2015-05-02 15:24:44.9814 TRACE Ресурс успешно получен в поток.
2015-05-02 15:24:44.9814 INFO Content-Encoding неопределен, пробуем распаковать по заголовку ContentType:
2015-05-02 15:24:44.9843 TRACE Content-Type = 'application/octet-stream'
2015-05-02 15:29:34.2968 INFO Начало получения телеканалов с тв-программой
urid='http://www.teleguide.info/download/old/xmltv.xml.gz';
outputfile='TGXmlTvOld.xml'
2015-05-02 15:29:34.3232 TRACE Определен каталог для сохранения: 'H:\Projects\TVProgViewer\src\TVProgUpdater\TVProgUpdater\bin\Release\2015-05-02'
2015-05-02 15:29:34.3505 TRACE Требуется загрузка из интернета
2015-05-02 15:29:34.3505 INFO Начало запроса ресурса.
2015-05-02 15:29:36.1181 TRACE Ресурс успешно получен в поток.
2015-05-02 15:29:36.1181 INFO Content-Encoding неопределен, пробуем распаковать по заголовку ContentType:
2015-05-02 15:29:36.1181 TRACE Content-Type = 'application/octet-stream'
2015-05-02 15:29:38.6064 TRACE GZip-архив octet-stream успешно распакован.
2015-05-02 15:29:38.6093 INFO Получение каналов и тв-программы успешно завершено. Затрачено времени '4,3' секунд
2015-05-02 15:33:25.7500 INFO Начало получения телеканалов с тв-программой
urid='http://www.teleguide.info/download/old/xmltv.xml.gz';
outputfile='TGXmlTvOld.xml'
2015-05-02 15:33:25.7734 TRACE Определен каталог для сохранения: 'H:\Projects\TVProgViewer\src\TVProgUpdater\TVProgUpdater\bin\Release\2015-05-02'
2015-05-02 15:33:25.7734 TRACE Требуется загрузка из интернета
2015-05-02 15:33:25.7734 INFO Начало запроса ресурса.
2015-05-02 15:33:27.5410 TRACE Ресурс успешно получен в поток.
2015-05-02 15:33:27.5410 INFO Content-Encoding неопределен, пробуем распаковать по заголовку ContentType:
2015-05-02 15:33:27.5410 TRACE Content-Type = 'application/octet-stream'
2015-05-02 15:33:34.9765 TRACE GZip-архив octet-stream успешно распакован.
2015-05-02 15:33:34.9765 INFO Получение каналов и тв-программы успешно завершено. Затрачено времени '9,22' секунд
2015-05-02 15:46:14.5039 INFO Начало получения телеканалов с тв-программой
urid='http://www.teleguide.info/download/old/xmltv.xml.gz';
outputfile='TGXmlTvOld.xml'
2015-05-02 15:46:14.5214 TRACE Определен каталог для сохранения: 'H:\Projects\TVProgViewer\src\TVProgUpdater\TVProgUpdater\bin\Release\2015-05-02'
2015-05-02 15:46:14.5214 TRACE Требуется загрузка из интернета
2015-05-02 15:46:14.5214 INFO Начало запроса ресурса.
2015-05-02 15:46:16.1806 TRACE Ресурс успешно получен в поток.
2015-05-02 15:46:16.1806 INFO Content-Encoding неопределен, пробуем распаковать по заголовку ContentType:
2015-05-02 15:46:16.1875 TRACE Content-Type = 'application/octet-stream'
2015-05-02 15:46:20.1132 TRACE GZip-архив octet-stream успешно распакован.
2015-05-02 15:46:20.1132 INFO Получение каналов и тв-программы успешно завершено. Затрачено времени '5,608' секунд
2015-05-02 15:49:04.7822 INFO Начало получения телеканалов с тв-программой
urid='http://www.teleguide.info/download/old/xmltv.xml.gz';
outputfile='TGXmlTvOld.xml'
2015-05-02 15:49:04.8369 TRACE Определен каталог для сохранения: 'H:\Projects\TVProgViewer\src\TVProgUpdater\TVProgUpdater\bin\Release\2015-05-02'
2015-05-02 15:49:04.8369 TRACE Требуется загрузка из интернета
2015-05-02 15:49:04.8369 INFO Начало запроса ресурса.
2015-05-02 15:49:07.1679 TRACE Ресурс успешно получен в поток.
2015-05-02 15:49:07.1679 INFO Content-Encoding неопределен, пробуем распаковать по заголовку ContentType:
2015-05-02 15:49:07.1718 TRACE Content-Type = 'application/octet-stream'
2015-05-02 15:49:10.4716 TRACE GZip-архив octet-stream успешно распакован.
2015-05-02 15:49:10.4716 INFO Получение каналов и тв-программы успешно завершено. Затрачено времени '5,653' секунд
2015-05-02 15:52:07.3750 INFO Начало получения телеканалов с тв-программой
urid='http://www.teleguide.info/download/old/xmltv.xml.gz';
outputfile='TGXmlTvOld.xml'
2015-05-02 15:52:07.4189 TRACE Определен каталог для сохранения: 'H:\Projects\TVProgViewer\src\TVProgUpdater\TVProgUpdater\bin\Release\2015-05-02'
2015-05-02 15:52:07.4189 TRACE Требуется загрузка из интернета
2015-05-02 15:52:07.4218 INFO Начало запроса ресурса.
2015-05-02 15:52:09.4042 TRACE Ресурс успешно получен в поток.
2015-05-02 15:52:09.4072 INFO Content-Encoding неопределен, пробуем распаковать по заголовку ContentType:
2015-05-02 15:52:09.4072 TRACE Content-Type = 'application/octet-stream'
2015-05-02 15:52:18.5917 TRACE GZip-архив octet-stream успешно распакован.
2015-05-02 15:52:18.5947 INFO Получение каналов и тв-программы успешно завершено. Затрачено времени '11,191' секунд
2015-05-02 15:54:25.3916 INFO Начало получения телеканалов с тв-программой
urid='http://www.teleguide.info/download/old/xmltv.xml.gz';
outputfile='TGXmlTvOld.xml'
2015-05-02 15:54:25.4199 TRACE Определен каталог для сохранения: 'H:\Projects\TVProgViewer\src\TVProgUpdater\TVProgUpdater\bin\Release\2015-05-02'
2015-05-02 15:54:25.4218 TRACE Требуется загрузка из интернета
2015-05-02 15:54:25.4218 INFO Начало запроса ресурса.
2015-05-02 15:54:27.1152 TRACE Ресурс успешно получен в поток.
2015-05-02 15:54:27.1152 INFO Content-Encoding неопределен, пробуем распаковать по заголовку ContentType:
2015-05-02 15:54:27.1152 TRACE Content-Type = 'application/octet-stream'
2015-05-02 15:54:32.6582 TRACE GZip-архив octet-stream успешно распакован.
2015-05-02 15:54:32.6582 INFO Получение каналов и тв-программы успешно завершено. Затрачено времени '7,256' секунд
2015-05-02 15:57:08.0654 INFO Начало получения телеканалов с тв-программой
urid='http://www.teleguide.info/download/old/xmltv.xml.gz';
outputfile='TGXmlTvOld.xml'
2015-05-02 15:57:08.0839 TRACE Определен каталог для сохранения: 'H:\Projects\TVProgViewer\src\TVProgUpdater\TVProgUpdater\bin\Release\2015-05-02'
2015-05-02 15:57:08.0839 TRACE Требуется загрузка из интернета
2015-05-02 15:57:08.0839 INFO Начало запроса ресурса.
2015-05-02 15:57:10.2382 TRACE Ресурс успешно получен в поток.
2015-05-02 15:57:10.2382 INFO Content-Encoding неопределен, пробуем распаковать по заголовку ContentType:
2015-05-02 15:57:10.2382 TRACE Content-Type = 'application/octet-stream'
2015-05-02 15:57:15.4394 TRACE GZip-архив octet-stream успешно распакован.
2015-05-02 15:57:15.4394 INFO Получение каналов и тв-программы успешно завершено. Затрачено времени '7,373' секунд
2015-05-02 16:03:24.6406 INFO Начало получения телеканалов с тв-программой
urid='http://www.teleguide.info/download/old/xmltv.xml.gz';
outputfile='TGXmlTvOld.xml'
2015-05-02 16:03:24.7011 TRACE Определен каталог для сохранения: 'H:\Projects\TVProgViewer\src\TVProgUpdater\TVProgUpdater\bin\Release\2015-05-02'
2015-05-02 16:03:24.7031 TRACE Требуется загрузка из интернета
2015-05-02 16:03:24.7031 INFO Начало запроса ресурса.
2015-05-02 16:03:26.5234 TRACE Ресурс успешно получен в поток.
2015-05-02 16:03:26.5234 INFO Content-Encoding неопределен, пробуем распаковать по заголовку ContentType:
2015-05-02 16:03:26.5234 TRACE Content-Type = 'application/octet-stream'
2015-05-02 16:03:35.2216 TRACE GZip-архив octet-stream успешно распакован.
2015-05-02 16:03:35.2216 INFO Получение каналов и тв-программы успешно завершено. Затрачено времени '10,537' секунд
