2018-05-09 12:30:10.2107 INFO  =========== Начало обновления ============ 
2018-05-09 12:30:10.7986 INFO Начало получения ресурсов из базы.
2018-05-09 12:30:12.5126 TRACE Ресурсы из базы успешно получены: WRID = '1', FileName = 'TGXmlTvOld.xml', ResourceName = 'Ресурс teleguide.info старой телепрограммы (XMLTV)', ResourceUrl ='http://www.teleguide.info/download/old/xmltv.xml.gz';WRID = '2', FileName = 'TGXmlTvNew.xml', ResourceName = 'Ресурс teleguide.info новой телепрограммы (XMLTV)', ResourceUrl ='http://www.teleguide.info/download/new3/xmltv.xml.gz';WRID = '3', FileName = 'TGInterTVOld.txt', ResourceName = 'Ресурс teleguide.info старой телепрограммы (Интер-ТВ)', ResourceUrl ='http://www.teleguide.info/download/old/inter-tv.zip';WRID = '4', FileName = 'TGInterTVNew.txt', ResourceName = 'Ресурс teleguide.info новой телепрограммы (Интер-ТВ)', ResourceUrl ='http://www.teleguide.info/download/new3/inter-tv.zip';WRID = '6', FileName = 'TPXmlTvNew.xml', ResourceName = 'Ресурс tele.perm.ru (XMLTV)', ResourceUrl ='http://tele.perm.ru/download/tvguide.xml.gz'
2018-05-09 12:30:12.5126 INFO Обновление для ID='1'
2018-05-09 12:30:16.7390 INFO Каналы и тв-программа ID='1' подготовлены к запуску обработки в базе
2018-05-09 12:30:27.9032 INFO Обновление для ID='1' успешно завершено. Затрачено '15,386' сек.
2018-05-09 12:30:27.9032 INFO Обновление для ID='2'
2018-05-09 12:30:32.2100 INFO Каналы и тв-программа ID='2' подготовлены к запуску обработки в базе
2018-05-09 12:30:46.4330 INFO Обработка каналов и тв-программы ID='2' завершена. Начало загрузки пиктограмм.
2018-05-09 12:31:05.5813 INFO Загрузка пиктограмм завершена. Потребовалось 19,145 сек.
2018-05-09 12:31:05.5813 INFO Обновление для ID='2' успешно завершено. Затрачено '37,676' сек.
2018-05-09 12:31:05.5813 INFO Обновление для ID='3'
2018-05-09 12:31:10.5506 INFO Каналы и тв-программа ID='3' подготовлены к запуску обработки в базе
2018-05-09 12:31:17.0394 INFO Обновление для ID='3' успешно завершено. Затрачено '11,455' сек.
2018-05-09 12:31:17.0394 INFO Обновление для ID='4'
2018-05-09 12:31:20.3995 INFO Каналы и тв-программа ID='4' подготовлены к запуску обработки в базе
2018-05-09 12:31:29.1644 INFO Обновление для ID='4' успешно завершено. Затрачено '12,122' сек.
2018-05-09 12:31:29.1644 INFO Обновление для ID='6'
2018-05-09 12:31:30.0003 INFO Каналы и тв-программа ID='6' подготовлены к запуску обработки в базе
2018-05-09 12:31:32.8367 INFO Обновление для ID='6' успешно завершено. Затрачено '3,67' сек.
2018-05-09 12:31:32.8367 INFO  ========== Обновление завершено ========== (Затрачено: 82,558 сек.)
