2018-05-09 12:30:12.5126 INFO Начало получения телеканалов с тв-программой
urid='http://www.teleguide.info/download/old/xmltv.xml.gz';
outputfile='TGXmlTvOld.xml'
2018-05-09 12:30:12.5126 TRACE Определен каталог для сохранения: 'K:\Projects\TVProgViewer\src\TVProgUpdater\TVProgUpdater\bin\Debug\2018-05-09'
2018-05-09 12:30:12.5126 TRACE Требуется загрузка из интернета
2018-05-09 12:30:12.5126 INFO Начало запроса ресурса.
2018-05-09 12:30:12.8724 TRACE Ресурс успешно получен в поток.
2018-05-09 12:30:12.8724 INFO Content-Encoding неопределен, пробуем распаковать по заголовку ContentType:
2018-05-09 12:30:12.8724 TRACE Content-Type = 'application/octet-stream'
2018-05-09 12:30:15.0001 TRACE GZip-архив octet-stream успешно распакован.
2018-05-09 12:30:15.0001 INFO Получение каналов и тв-программы успешно завершено. Затрачено времени '2,483' секунд
2018-05-09 12:30:27.9032 INFO Начало получения телеканалов с тв-программой
urid='http://www.teleguide.info/download/new3/xmltv.xml.gz';
outputfile='TGXmlTvNew.xml'
2018-05-09 12:30:27.9032 TRACE Определен каталог для сохранения: 'K:\Projects\TVProgViewer\src\TVProgUpdater\TVProgUpdater\bin\Debug\2018-05-09'
2018-05-09 12:30:27.9032 TRACE Требуется загрузка из интернета
2018-05-09 12:30:27.9032 INFO Начало запроса ресурса.
2018-05-09 12:30:28.2590 TRACE Ресурс успешно получен в поток.
2018-05-09 12:30:28.2590 INFO Content-Encoding неопределен, пробуем распаковать по заголовку ContentType:
2018-05-09 12:30:28.2590 TRACE Content-Type = 'application/octet-stream'
2018-05-09 12:30:30.6586 TRACE GZip-архив octet-stream успешно распакован.
2018-05-09 12:30:30.6586 INFO Получение каналов и тв-программы успешно завершено. Затрачено времени '2,751' секунд
2018-05-09 12:31:05.5813 INFO Начало получения телеканалов с тв-программой
urid='http://www.teleguide.info/download/old/inter-tv.zip';
outputfile='TGInterTVOld.txt'
2018-05-09 12:31:05.5813 TRACE Определен каталог для сохранения: 'K:\Projects\TVProgViewer\src\TVProgUpdater\TVProgUpdater\bin\Debug\2018-05-09'
2018-05-09 12:31:05.5813 TRACE Требуется загрузка из интернета
2018-05-09 12:31:05.5863 INFO Начало запроса ресурса.
2018-05-09 12:31:05.7478 TRACE Ресурс успешно получен в поток.
2018-05-09 12:31:05.7478 INFO Content-Encoding неопределен, пробуем распаковать по заголовку ContentType:
2018-05-09 12:31:05.7478 TRACE Content-Type = 'application/zip'
2018-05-09 12:31:07.1374 TRACE Zip-архив успешно распакован.
2018-05-09 12:31:07.1374 INFO Получение каналов и тв-программы успешно завершено. Затрачено времени '1,555' секунд
2018-05-09 12:31:17.0394 INFO Начало получения телеканалов с тв-программой
urid='http://www.teleguide.info/download/new3/inter-tv.zip';
outputfile='TGInterTVNew.txt'
2018-05-09 12:31:17.0394 TRACE Определен каталог для сохранения: 'K:\Projects\TVProgViewer\src\TVProgUpdater\TVProgUpdater\bin\Debug\2018-05-09'
2018-05-09 12:31:17.0394 TRACE Требуется загрузка из интернета
2018-05-09 12:31:17.0394 INFO Начало запроса ресурса.
2018-05-09 12:31:17.1866 TRACE Ресурс успешно получен в поток.
2018-05-09 12:31:17.1866 INFO Content-Encoding неопределен, пробуем распаковать по заголовку ContentType:
2018-05-09 12:31:17.1866 TRACE Content-Type = 'application/zip'
2018-05-09 12:31:18.5403 TRACE Zip-архив успешно распакован.
2018-05-09 12:31:18.5403 INFO Получение каналов и тв-программы успешно завершено. Затрачено времени '1,498' секунд
2018-05-09 12:31:29.1644 INFO Начало получения телеканалов с тв-программой
urid='http://tele.perm.ru/download/tvguide.xml.gz';
outputfile='TPXmlTvNew.xml'
2018-05-09 12:31:29.1644 TRACE Определен каталог для сохранения: 'K:\Projects\TVProgViewer\src\TVProgUpdater\TVProgUpdater\bin\Debug\2018-05-09'
2018-05-09 12:31:29.1644 TRACE Требуется загрузка из интернета
2018-05-09 12:31:29.1644 INFO Начало запроса ресурса.
2018-05-09 12:31:29.8196 TRACE Ресурс успешно получен в поток.
2018-05-09 12:31:29.8206 INFO Content-Encoding неопределен, пробуем распаковать по заголовку ContentType:
2018-05-09 12:31:29.8206 TRACE Content-Type = 'application/octet-stream'
2018-05-09 12:31:29.8466 TRACE GZip-архив octet-stream успешно распакован.
2018-05-09 12:31:29.8466 INFO Получение каналов и тв-программы успешно завершено. Затрачено времени '0,679' секунд
