2014-11-17 12:37:49.6541 INFO Начало конвертации Интер-ТВ в XMLTV
2014-11-17 12:37:49.6580 TRACE Открываем файл с телепрограммой в формате Интер-ТВ: 'H:\Projects\TVProgViewer\src\TVProgUpdater\TVProgUpdater\bin\Release\2014-11-17\TGInterTVOld.txt'
2014-11-17 12:37:49.6580 ERROR При парсинге каналов и тв-программы произошло исключение: ErrMessage='Файл 'H:\Projects\TVProgViewer\src\TVProgUpdater\TVProgUpdater\bin\Release\2014-11-17\TGInterTVOld.txt' не найден.',
StackTrace='   в System.IO.__Error.WinIOError(Int32 errorCode, String maybeFullPath)
   в System.IO.FileStream.Init(String path, FileMode mode, FileAccess access, Int32 rights, Boolean useRights, FileShare share, Int32 bufferSize, FileOptions options, SECURITY_ATTRIBUTES secAttrs, String msgPath, Boolean bFromProxy, Boolean useLongPath, Boolean checkHost)
   в System.IO.FileStream..ctor(String path, FileMode mode, FileAccess access, FileShare share)
   в TVProgUpdater.ConverterProg.InterToXml(String interFile, Dictionary`2 dictChans) в h:\Projects\TVProgViewer\src\TVProgUpdater\TVProgUpdater\ConverterProg.cs:строка 49'
2014-11-17 12:37:58.8279 INFO Начало конвертации Интер-ТВ в XMLTV
2014-11-17 12:37:58.8279 TRACE Открываем файл с телепрограммой в формате Интер-ТВ: 'H:\Projects\TVProgViewer\src\TVProgUpdater\TVProgUpdater\bin\Release\2014-11-17\TGInterTVNew.txt'
2014-11-17 12:37:58.8279 ERROR При парсинге каналов и тв-программы произошло исключение: ErrMessage='Файл 'H:\Projects\TVProgViewer\src\TVProgUpdater\TVProgUpdater\bin\Release\2014-11-17\TGInterTVNew.txt' не найден.',
StackTrace='   в System.IO.__Error.WinIOError(Int32 errorCode, String maybeFullPath)
   в System.IO.FileStream.Init(String path, FileMode mode, FileAccess access, Int32 rights, Boolean useRights, FileShare share, Int32 bufferSize, FileOptions options, SECURITY_ATTRIBUTES secAttrs, String msgPath, Boolean bFromProxy, Boolean useLongPath, Boolean checkHost)
   в System.IO.FileStream..ctor(String path, FileMode mode, FileAccess access, FileShare share)
   в TVProgUpdater.ConverterProg.InterToXml(String interFile, Dictionary`2 dictChans) в h:\Projects\TVProgViewer\src\TVProgUpdater\TVProgUpdater\ConverterProg.cs:строка 49'
2014-11-17 12:41:35.8045 INFO Начало конвертации Интер-ТВ в XMLTV
2014-11-17 12:41:35.8045 TRACE Открываем файл с телепрограммой в формате Интер-ТВ: 'H:\Projects\TVProgViewer\src\TVProgUpdater\TVProgUpdater\bin\Release\2014-11-17\TGInterTVOld.txt'
2014-11-17 12:41:36.0135 TRACE Парсинг каналов
2014-11-17 12:41:36.4969 TRACE Парсинг тв-программ
2014-11-17 12:41:40.3133 TRACE Парсинг каналов и тв-программы прошёл успешно. Затрачено '4,506' сек.
2014-11-17 12:42:33.5799 INFO Начало конвертации Интер-ТВ в XMLTV
2014-11-17 12:42:33.5799 TRACE Открываем файл с телепрограммой в формате Интер-ТВ: 'H:\Projects\TVProgViewer\src\TVProgUpdater\TVProgUpdater\bin\Release\2014-11-17\TGInterTVNew.txt'
2014-11-17 12:42:33.5994 TRACE Парсинг каналов
2014-11-17 12:42:34.0232 TRACE Парсинг тв-программ
2014-11-17 12:42:37.5662 TRACE Парсинг каналов и тв-программы прошёл успешно. Затрачено '3,975' сек.
