2014-11-17 12:37:47.7137 INFO  =========== Начало обновления ============ 
2014-11-17 12:37:48.0877 INFO Начало получения ресурсов из базы.
2014-11-17 12:37:48.4061 TRACE Ресурсы из базы успешно получены: WRID = '1', FileName = 'TGXmlTvOld.xml', ResourceName = 'Ресурс teleguide.info старой телепрограммы (XMLTV)', ResourceUrl ='http://www.teleguide.info/download/old/xmltv.xml.gz';WRID = '2', FileName = 'TGXmlTvNew.xml', ResourceName = 'Ресурс teleguide.info новой телепрограммы (XMLTV)', ResourceUrl ='http://www.teleguide.info/download/new3/xmltv.xml.gz';WRID = '3', FileName = 'TGInterTVOld.txt', ResourceName = 'Ресурс teleguide.info старой телепрограммы (Интер-ТВ)', ResourceUrl ='http://www.teleguide.info/download/old/inter-tv.zip';WRID = '4', FileName = 'TGInterTVNew.txt', ResourceName = 'Ресурс teleguide.info новой телепрограммы (Интер-ТВ)', ResourceUrl ='http://www.teleguide.info/download/new3/inter-tv.zip'
2014-11-17 12:37:48.4061 INFO Обновление для ID='1'
2014-11-17 12:37:49.5311 ERROR Обновление тв-программы прошло неуспешно: ErrMessage='Файл 'H:\Projects\TVProgViewer\src\TVProgUpdater\TVProgUpdater\bin\Release\2014-11-17\TGXmlTvOld.xml' не найден.', StackTrace='   в System.IO.__Error.WinIOError(Int32 errorCode, String maybeFullPath)
   в System.IO.FileStream.Init(String path, FileMode mode, FileAccess access, Int32 rights, Boolean useRights, FileShare share, Int32 bufferSize, FileOptions options, SECURITY_ATTRIBUTES secAttrs, String msgPath, Boolean bFromProxy, Boolean useLongPath, Boolean checkHost)
   в System.IO.FileStream..ctor(String path, FileMode mode, FileAccess access, FileShare share, Int32 bufferSize)
   в System.Xml.XmlDownloadManager.GetStream(Uri uri, ICredentials credentials, IWebProxy proxy, RequestCachePolicy cachePolicy)
   в System.Xml.XmlUrlResolver.GetEntity(Uri absoluteUri, String role, Type ofObjectToReturn)
   в System.Xml.XmlTextReaderImpl.FinishInitUriString()
   в System.Xml.XmlTextReaderImpl..ctor(String uriStr, XmlReaderSettings settings, XmlParserContext context, XmlResolver uriResolver)
   в System.Xml.XmlReaderSettings.CreateReader(String inputUri, XmlParserContext inputContext)
   в System.Xml.XmlReader.Create(String inputUri, XmlReaderSettings settings, XmlParserContext inputContext)
   в System.Xml.Linq.XDocument.Load(String uri, LoadOptions options)
   в TVProgUpdater.Program.Main(String[] args) в h:\Projects\TVProgViewer\src\TVProgUpdater\TVProgUpdater\Program.cs:строка 35'
2014-11-17 12:37:49.5662 INFO Обновление для ID='2'
2014-11-17 12:37:49.5779 ERROR Обновление тв-программы прошло неуспешно: ErrMessage='Файл 'H:\Projects\TVProgViewer\src\TVProgUpdater\TVProgUpdater\bin\Release\2014-11-17\TGXmlTvNew.xml' не найден.', StackTrace='   в System.IO.__Error.WinIOError(Int32 errorCode, String maybeFullPath)
   в System.IO.FileStream.Init(String path, FileMode mode, FileAccess access, Int32 rights, Boolean useRights, FileShare share, Int32 bufferSize, FileOptions options, SECURITY_ATTRIBUTES secAttrs, String msgPath, Boolean bFromProxy, Boolean useLongPath, Boolean checkHost)
   в System.IO.FileStream..ctor(String path, FileMode mode, FileAccess access, FileShare share, Int32 bufferSize)
   в System.Xml.XmlDownloadManager.GetStream(Uri uri, ICredentials credentials, IWebProxy proxy, RequestCachePolicy cachePolicy)
   в System.Xml.XmlUrlResolver.GetEntity(Uri absoluteUri, String role, Type ofObjectToReturn)
   в System.Xml.XmlTextReaderImpl.FinishInitUriString()
   в System.Xml.XmlTextReaderImpl..ctor(String uriStr, XmlReaderSettings settings, XmlParserContext context, XmlResolver uriResolver)
   в System.Xml.XmlReaderSettings.CreateReader(String inputUri, XmlParserContext inputContext)
   в System.Xml.XmlReader.Create(String inputUri, XmlReaderSettings settings, XmlParserContext inputContext)
   в System.Xml.Linq.XDocument.Load(String uri, LoadOptions options)
   в TVProgUpdater.Program.Main(String[] args) в h:\Projects\TVProgViewer\src\TVProgUpdater\TVProgUpdater\Program.cs:строка 35'
2014-11-17 12:37:49.6170 INFO Обновление для ID='3'
2014-11-17 12:37:49.7381 INFO Каналы и тв-программа ID='3' подготовлены к запуску обработки в базе
2014-11-17 12:37:58.8143 INFO Обновление для ID='3' успешно завершено. Затрачено '9,194' сек.
2014-11-17 12:37:58.8143 INFO Обновление для ID='4'
2014-11-17 12:37:58.8484 INFO Каналы и тв-программа ID='4' подготовлены к запуску обработки в базе
2014-11-17 12:37:58.8953 INFO Обновление для ID='4' успешно завершено. Затрачено '0,076' сек.
2014-11-17 12:37:58.8953 INFO  ========== Обновление завершено ========== (Затрачено: 10,81 сек.)
2014-11-17 12:39:20.1228 INFO  =========== Начало обновления ============ 
2014-11-17 12:39:20.1600 INFO Начало получения ресурсов из базы.
2014-11-17 12:39:20.3562 TRACE Ресурсы из базы успешно получены: WRID = '1', FileName = 'TGXmlTvOld.xml', ResourceName = 'Ресурс teleguide.info старой телепрограммы (XMLTV)', ResourceUrl ='http://www.teleguide.info/download/old/xmltv.xml.gz';WRID = '2', FileName = 'TGXmlTvNew.xml', ResourceName = 'Ресурс teleguide.info новой телепрограммы (XMLTV)', ResourceUrl ='http://www.teleguide.info/download/new3/xmltv.xml.gz';WRID = '3', FileName = 'TGInterTVOld.txt', ResourceName = 'Ресурс teleguide.info старой телепрограммы (Интер-ТВ)', ResourceUrl ='http://www.teleguide.info/download/old/inter-tv.zip';WRID = '4', FileName = 'TGInterTVNew.txt', ResourceName = 'Ресурс teleguide.info новой телепрограммы (Интер-ТВ)', ResourceUrl ='http://www.teleguide.info/download/new3/inter-tv.zip'
2014-11-17 12:39:20.3602 INFO Обновление для ID='1'
2014-11-17 12:39:48.6385 INFO Каналы и тв-программа ID='1' подготовлены к запуску обработки в базе
2014-11-17 12:40:16.2977 INFO Обновление для ID='1' успешно завершено. Затрачено '55,936' сек.
2014-11-17 12:40:16.2977 INFO Обновление для ID='2'
2014-11-17 12:40:43.1043 INFO Каналы и тв-программа ID='2' подготовлены к запуску обработки в базе
2014-11-17 12:41:12.8279 INFO Обновление для ID='2' успешно завершено. Затрачено '56,525' сек.
2014-11-17 12:41:12.8279 INFO Обновление для ID='3'
2014-11-17 12:41:40.8201 INFO Каналы и тв-программа ID='3' подготовлены к запуску обработки в базе
2014-11-17 12:41:58.1492 INFO Обновление для ID='3' успешно завершено. Затрачено '45,316' сек.
2014-11-17 12:41:58.1492 INFO Обновление для ID='4'
2014-11-17 12:42:38.0096 INFO Каналы и тв-программа ID='4' подготовлены к запуску обработки в базе
2014-11-17 12:43:14.5145 INFO Обновление для ID='4' успешно завершено. Затрачено '76,362' сек.
2014-11-17 12:43:14.5359 INFO  ========== Обновление завершено ========== (Затрачено: 234,386 сек.)
