2014-11-17 12:37:48.4061 INFO Начало получения телеканалов с тв-программой
urid='http://www.teleguide.info/download/old/xmltv.xml.gz';
outputfile='TGXmlTvOld.xml'
2014-11-17 12:37:48.4471 TRACE Определен каталог для сохранения: 'H:\Projects\TVProgViewer\src\TVProgUpdater\TVProgUpdater\bin\Release\2014-11-17'
2014-11-17 12:37:48.4471 TRACE Загрузка из интернета не требуется
2014-11-17 12:37:49.5662 INFO Начало получения телеканалов с тв-программой
urid='http://www.teleguide.info/download/new3/xmltv.xml.gz';
outputfile='TGXmlTvNew.xml'
2014-11-17 12:37:49.5662 TRACE Определен каталог для сохранения: 'H:\Projects\TVProgViewer\src\TVProgUpdater\TVProgUpdater\bin\Release\2014-11-17'
2014-11-17 12:37:49.5779 TRACE Загрузка из интернета не требуется
2014-11-17 12:37:49.6170 INFO Начало получения телеканалов с тв-программой
urid='http://www.teleguide.info/download/old/inter-tv.zip';
outputfile='TGInterTVOld.txt'
2014-11-17 12:37:49.6258 TRACE Определен каталог для сохранения: 'H:\Projects\TVProgViewer\src\TVProgUpdater\TVProgUpdater\bin\Release\2014-11-17'
2014-11-17 12:37:49.6258 TRACE Загрузка из интернета не требуется
2014-11-17 12:37:58.8143 INFO Начало получения телеканалов с тв-программой
urid='http://www.teleguide.info/download/new3/inter-tv.zip';
outputfile='TGInterTVNew.txt'
2014-11-17 12:37:58.8143 TRACE Определен каталог для сохранения: 'H:\Projects\TVProgViewer\src\TVProgUpdater\TVProgUpdater\bin\Release\2014-11-17'
2014-11-17 12:37:58.8143 TRACE Загрузка из интернета не требуется
2014-11-17 12:39:20.3602 INFO Начало получения телеканалов с тв-программой
urid='http://www.teleguide.info/download/old/xmltv.xml.gz';
outputfile='TGXmlTvOld.xml'
2014-11-17 12:39:20.3934 TRACE Определен каталог для сохранения: 'H:\Projects\TVProgViewer\src\TVProgUpdater\TVProgUpdater\bin\Release\2014-11-17'
2014-11-17 12:39:20.3934 TRACE Требуется загрузка из интернета
2014-11-17 12:39:20.3934 INFO Начало запроса ресурса.
2014-11-17 12:39:21.9715 TRACE Ресурс успешно получен в поток.
2014-11-17 12:39:21.9715 INFO Content-Encoding неопределен, пробуем распаковать по заголовку ContentType:
2014-11-17 12:39:21.9715 TRACE Content-Type = 'application/octet-stream'
2014-11-17 12:39:45.1707 TRACE GZip-архив octet-stream успешно распакован.
2014-11-17 12:39:45.1717 INFO Получение каналов и тв-программы успешно завершено. Затрачено времени '24,803' секунд
2014-11-17 12:40:16.2977 INFO Начало получения телеканалов с тв-программой
urid='http://www.teleguide.info/download/new3/xmltv.xml.gz';
outputfile='TGXmlTvNew.xml'
2014-11-17 12:40:16.2977 TRACE Определен каталог для сохранения: 'H:\Projects\TVProgViewer\src\TVProgUpdater\TVProgUpdater\bin\Release\2014-11-17'
2014-11-17 12:40:16.3152 TRACE Требуется загрузка из интернета
2014-11-17 12:40:16.3152 INFO Начало запроса ресурса.
2014-11-17 12:40:17.1395 TRACE Ресурс успешно получен в поток.
2014-11-17 12:40:17.1404 INFO Content-Encoding неопределен, пробуем распаковать по заголовку ContentType:
2014-11-17 12:40:17.1404 TRACE Content-Type = 'application/octet-stream'
2014-11-17 12:40:40.2449 TRACE GZip-архив octet-stream успешно распакован.
2014-11-17 12:40:40.2449 INFO Получение каналов и тв-программы успешно завершено. Затрачено времени '23,936' секунд
2014-11-17 12:41:12.8279 INFO Начало получения телеканалов с тв-программой
urid='http://www.teleguide.info/download/old/inter-tv.zip';
outputfile='TGInterTVOld.txt'
2014-11-17 12:41:12.8660 TRACE Определен каталог для сохранения: 'H:\Projects\TVProgViewer\src\TVProgUpdater\TVProgUpdater\bin\Release\2014-11-17'
2014-11-17 12:41:12.8660 TRACE Требуется загрузка из интернета
2014-11-17 12:41:12.8748 INFO Начало запроса ресурса.
2014-11-17 12:41:13.6053 TRACE Ресурс успешно получен в поток.
2014-11-17 12:41:13.6053 INFO Content-Encoding неопределен, пробуем распаковать по заголовку ContentType:
2014-11-17 12:41:13.6111 TRACE Content-Type = 'application/zip'
2014-11-17 12:41:35.7811 TRACE Zip-архив успешно распакован.
2014-11-17 12:41:35.7811 INFO Получение каналов и тв-программы успешно завершено. Затрачено времени '22,918' секунд
2014-11-17 12:41:58.1492 INFO Начало получения телеканалов с тв-программой
urid='http://www.teleguide.info/download/new3/inter-tv.zip';
outputfile='TGInterTVNew.txt'
2014-11-17 12:41:58.1570 TRACE Определен каталог для сохранения: 'H:\Projects\TVProgViewer\src\TVProgUpdater\TVProgUpdater\bin\Release\2014-11-17'
2014-11-17 12:41:58.1717 TRACE Требуется загрузка из интернета
2014-11-17 12:41:58.1717 INFO Начало запроса ресурса.
2014-11-17 12:41:58.9539 TRACE Ресурс успешно получен в поток.
2014-11-17 12:41:58.9539 INFO Content-Encoding неопределен, пробуем распаковать по заголовку ContentType:
2014-11-17 12:41:58.9539 TRACE Content-Type = 'application/zip'
2014-11-17 12:42:33.5799 TRACE Zip-архив успешно распакован.
2014-11-17 12:42:33.5799 INFO Получение каналов и тв-программы успешно завершено. Затрачено времени '35,426' секунд
