2018-04-23 11:46:45.6807 INFO  =========== Начало обновления ============ 
2018-04-23 11:46:46.2158 INFO Начало получения ресурсов из базы.
2018-04-23 11:46:47.4997 TRACE Ресурсы из базы успешно получены: WRID = '1', FileName = 'TGXmlTvOld.xml', ResourceName = 'Ресурс teleguide.info старой телепрограммы (XMLTV)', ResourceUrl ='http://www.teleguide.info/download/old/xmltv.xml.gz';WRID = '2', FileName = 'TGXmlTvNew.xml', ResourceName = 'Ресурс teleguide.info новой телепрограммы (XMLTV)', ResourceUrl ='http://www.teleguide.info/download/new3/xmltv.xml.gz';WRID = '3', FileName = 'TGInterTVOld.txt', ResourceName = 'Ресурс teleguide.info старой телепрограммы (Интер-ТВ)', ResourceUrl ='http://www.teleguide.info/download/old/inter-tv.zip';WRID = '4', FileName = 'TGInterTVNew.txt', ResourceName = 'Ресурс teleguide.info новой телепрограммы (Интер-ТВ)', ResourceUrl ='http://www.teleguide.info/download/new3/inter-tv.zip';WRID = '6', FileName = 'TPXmlTvNew.xml', ResourceName = 'Ресурс tele.perm.ru (XMLTV)', ResourceUrl ='http://tele.perm.ru/download/tvguide.xml.gz'
2018-04-23 11:46:47.5038 INFO Обновление для ID='1'
2018-04-23 11:46:51.2412 INFO Каналы и тв-программа ID='1' подготовлены к запуску обработки в базе
2018-04-23 11:48:46.8705 INFO Обновление для ID='1' успешно завершено. Затрачено '119,366' сек.
2018-04-23 11:48:46.8705 INFO Обновление для ID='2'
2018-04-23 11:48:50.5846 INFO Каналы и тв-программа ID='2' подготовлены к запуску обработки в базе
2018-04-23 11:51:31.5514 INFO Обработка каналов и тв-программы ID='2' завершена. Начало загрузки пиктограмм.
2018-04-23 11:52:05.8480 INFO Загрузка пиктограмм завершена. Потребовалось 22,271 сек.
2018-04-23 11:52:05.8480 INFO Обновление для ID='2' успешно завершено. Затрачено '198,974' сек.
2018-04-23 11:52:05.8480 INFO Обновление для ID='3'
2018-04-23 11:52:10.5929 INFO Каналы и тв-программа ID='3' подготовлены к запуску обработки в базе
2018-04-23 11:52:21.0036 INFO Обновление для ID='3' успешно завершено. Затрачено '15,153' сек.
2018-04-23 11:52:21.0036 INFO Обновление для ID='4'
2018-04-23 11:52:24.1330 INFO Каналы и тв-программа ID='4' подготовлены к запуску обработки в базе
2018-04-23 11:52:38.3840 INFO Обновление для ID='4' успешно завершено. Затрачено '17,375' сек.
2018-04-23 11:52:38.3840 INFO Обновление для ID='6'
2018-04-23 11:52:39.2526 INFO Каналы и тв-программа ID='6' подготовлены к запуску обработки в базе
2018-04-23 11:53:45.8029 INFO Обновление для ID='6' успешно завершено. Затрачено '67,414' сек.
2018-04-23 11:53:45.8029 INFO  ========== Обновление завершено ========== (Затрачено: 420,044 сек.)
