2018-04-23 11:46:47.5038 INFO Начало получения телеканалов с тв-программой
urid='http://www.teleguide.info/download/old/xmltv.xml.gz';
outputfile='TGXmlTvOld.xml'
2018-04-23 11:46:47.5038 TRACE Определен каталог для сохранения: 'K:\Projects\TVProgViewer\src\TVProgUpdater\TVProgUpdater\bin\Debug\2018-04-23'
2018-04-23 11:46:47.5038 TRACE Требуется загрузка из интернета
2018-04-23 11:46:47.5038 INFO Начало запроса ресурса.
2018-04-23 11:46:47.8870 TRACE Ресурс успешно получен в поток.
2018-04-23 11:46:47.8870 INFO Content-Encoding неопределен, пробуем распаковать по заголовку ContentType:
2018-04-23 11:46:47.8870 TRACE Content-Type = 'application/octet-stream'
2018-04-23 11:46:49.5451 TRACE GZip-архив octet-stream успешно распакован.
2018-04-23 11:46:49.5451 INFO Получение каналов и тв-программы успешно завершено. Затрачено времени '2,036' секунд
2018-04-23 11:48:46.8705 INFO Начало получения телеканалов с тв-программой
urid='http://www.teleguide.info/download/new3/xmltv.xml.gz';
outputfile='TGXmlTvNew.xml'
2018-04-23 11:48:46.8705 TRACE Определен каталог для сохранения: 'K:\Projects\TVProgViewer\src\TVProgUpdater\TVProgUpdater\bin\Debug\2018-04-23'
2018-04-23 11:48:46.8785 TRACE Требуется загрузка из интернета
2018-04-23 11:48:46.8785 INFO Начало запроса ресурса.
2018-04-23 11:48:47.1560 TRACE Ресурс успешно получен в поток.
2018-04-23 11:48:47.1560 INFO Content-Encoding неопределен, пробуем распаковать по заголовку ContentType:
2018-04-23 11:48:47.1560 TRACE Content-Type = 'application/octet-stream'
2018-04-23 11:48:49.1186 TRACE GZip-архив octet-stream успешно распакован.
2018-04-23 11:48:49.1186 INFO Получение каналов и тв-программы успешно завершено. Затрачено времени '2,242' секунд
2018-04-23 11:52:05.8480 INFO Начало получения телеканалов с тв-программой
urid='http://www.teleguide.info/download/old/inter-tv.zip';
outputfile='TGInterTVOld.txt'
2018-04-23 11:52:05.8480 TRACE Определен каталог для сохранения: 'K:\Projects\TVProgViewer\src\TVProgUpdater\TVProgUpdater\bin\Debug\2018-04-23'
2018-04-23 11:52:05.8480 TRACE Требуется загрузка из интернета
2018-04-23 11:52:05.8480 INFO Начало запроса ресурса.
2018-04-23 11:52:06.7198 TRACE Ресурс успешно получен в поток.
2018-04-23 11:52:06.7198 INFO Content-Encoding неопределен, пробуем распаковать по заголовку ContentType:
2018-04-23 11:52:06.7198 TRACE Content-Type = 'application/zip'
2018-04-23 11:52:08.6936 TRACE Zip-архив успешно распакован.
2018-04-23 11:52:08.6936 INFO Получение каналов и тв-программы успешно завершено. Затрачено времени '2,841' секунд
2018-04-23 11:52:21.0036 INFO Начало получения телеканалов с тв-программой
urid='http://www.teleguide.info/download/new3/inter-tv.zip';
outputfile='TGInterTVNew.txt'
2018-04-23 11:52:21.0036 TRACE Определен каталог для сохранения: 'K:\Projects\TVProgViewer\src\TVProgUpdater\TVProgUpdater\bin\Debug\2018-04-23'
2018-04-23 11:52:21.0036 TRACE Требуется загрузка из интернета
2018-04-23 11:52:21.0036 INFO Начало запроса ресурса.
2018-04-23 11:52:21.1177 TRACE Ресурс успешно получен в поток.
2018-04-23 11:52:21.1177 INFO Content-Encoding неопределен, пробуем распаковать по заголовку ContentType:
2018-04-23 11:52:21.1177 TRACE Content-Type = 'application/zip'
2018-04-23 11:52:22.1206 TRACE Zip-архив успешно распакован.
2018-04-23 11:52:22.1206 INFO Получение каналов и тв-программы успешно завершено. Затрачено времени '1,109' секунд
2018-04-23 11:52:38.3840 INFO Начало получения телеканалов с тв-программой
urid='http://tele.perm.ru/download/tvguide.xml.gz';
outputfile='TPXmlTvNew.xml'
2018-04-23 11:52:38.3840 TRACE Определен каталог для сохранения: 'K:\Projects\TVProgViewer\src\TVProgUpdater\TVProgUpdater\bin\Debug\2018-04-23'
2018-04-23 11:52:38.3940 TRACE Требуется загрузка из интернета
2018-04-23 11:52:38.3940 INFO Начало запроса ресурса.
2018-04-23 11:52:39.0588 TRACE Ресурс успешно получен в поток.
2018-04-23 11:52:39.0588 INFO Content-Encoding неопределен, пробуем распаковать по заголовку ContentType:
2018-04-23 11:52:39.0588 TRACE Content-Type = 'application/octet-stream'
2018-04-23 11:52:39.0845 TRACE GZip-архив octet-stream успешно распакован.
2018-04-23 11:52:39.0845 INFO Получение каналов и тв-программы успешно завершено. Затрачено времени '0,693' секунд
