2018-06-04 12:30:26.4833 INFO Начало получения телеканалов с тв-программой
urid='http://tele.perm.ru/download/tvguide.xml.gz';
outputfile='TPXmlTvNew.xml'
2018-06-04 12:30:26.4933 TRACE Определен каталог для сохранения: 'K:\Projects\TVProgViewer\src\TVProgUpdater\TVProgUpdater\bin\Debug\2018-06-04'
2018-06-04 12:30:26.5113 TRACE Требуется загрузка из интернета
2018-06-04 12:30:26.5113 INFO Начало запроса ресурса.
2018-06-04 12:30:29.2374 TRACE Ресурс успешно получен в поток.
2018-06-04 12:30:29.2374 INFO Content-Encoding неопределен, пробуем распаковать по заголовку ContentType:
2018-06-04 12:30:29.2374 TRACE Content-Type = 'application/octet-stream'
2018-06-04 12:30:29.2804 TRACE GZip-архив octet-stream успешно распакован.
2018-06-04 12:30:29.2804 INFO Получение каналов и тв-программы успешно завершено. Затрачено времени '2,789' секунд
2018-06-04 12:34:08.8754 INFO Начало получения телеканалов с тв-программой
urid='http://tele.perm.ru/download/tvguide.xml.gz';
outputfile='TPXmlTvNew.xml'
2018-06-04 12:34:08.8754 TRACE Определен каталог для сохранения: 'K:\Projects\TVProgViewer\src\TVProgUpdater\TVProgUpdater\bin\Debug\2018-06-04'
2018-06-04 12:34:08.8754 TRACE Требуется загрузка из интернета
2018-06-04 12:34:08.8754 INFO Начало запроса ресурса.
2018-06-04 12:34:09.6400 TRACE Ресурс успешно получен в поток.
2018-06-04 12:34:09.6400 INFO Content-Encoding неопределен, пробуем распаковать по заголовку ContentType:
2018-06-04 12:34:09.6400 TRACE Content-Type = 'application/octet-stream'
2018-06-04 12:34:09.6910 TRACE GZip-архив octet-stream успешно распакован.
2018-06-04 12:34:09.6910 INFO Получение каналов и тв-программы успешно завершено. Затрачено времени '0,811' секунд
2018-06-04 12:45:13.1265 INFO Начало получения телеканалов с тв-программой
urid='http://tele.perm.ru/download/tvguide.xml.gz';
outputfile='TPXmlTvNew.xml'
2018-06-04 12:45:13.1325 TRACE Определен каталог для сохранения: 'K:\Projects\TVProgViewer\src\TVProgUpdater\TVProgUpdater\bin\Debug\2018-06-04'
2018-06-04 12:45:13.1325 TRACE Требуется загрузка из интернета
2018-06-04 12:45:13.1325 INFO Начало запроса ресурса.
2018-06-04 12:45:14.4027 TRACE Ресурс успешно получен в поток.
2018-06-04 12:45:14.4027 INFO Content-Encoding неопределен, пробуем распаковать по заголовку ContentType:
2018-06-04 12:45:14.4027 TRACE Content-Type = 'application/octet-stream'
2018-06-04 12:45:14.4687 TRACE GZip-архив octet-stream успешно распакован.
2018-06-04 12:45:14.4687 INFO Получение каналов и тв-программы успешно завершено. Затрачено времени '1,337' секунд
2018-06-04 12:53:23.0294 INFO Начало получения телеканалов с тв-программой
urid='http://tele.perm.ru/download/tvguide.xml.gz';
outputfile='TPXmlTvNew.xml'
2018-06-04 12:53:23.0294 TRACE Определен каталог для сохранения: 'K:\Projects\TVProgViewer\src\TVProgUpdater\TVProgUpdater\bin\Debug\2018-06-04'
2018-06-04 12:53:23.0294 TRACE Требуется загрузка из интернета
2018-06-04 12:53:23.0294 INFO Начало запроса ресурса.
2018-06-04 12:53:24.0468 TRACE Ресурс успешно получен в поток.
2018-06-04 12:53:24.0468 INFO Content-Encoding неопределен, пробуем распаковать по заголовку ContentType:
2018-06-04 12:53:24.0468 TRACE Content-Type = 'application/octet-stream'
2018-06-04 12:53:24.0998 TRACE GZip-архив octet-stream успешно распакован.
2018-06-04 12:53:24.1007 INFO Получение каналов и тв-программы успешно завершено. Затрачено времени '1,064' секунд
2018-06-04 13:06:30.3890 INFO Начало получения телеканалов с тв-программой
urid='http://tele.perm.ru/download/tvguide.xml.gz';
outputfile='TPXmlTvNew.xml'
2018-06-04 13:06:30.4000 TRACE Определен каталог для сохранения: 'K:\Projects\TVProgViewer\src\TVProgUpdater\TVProgUpdater\bin\Debug\2018-06-04'
2018-06-04 13:06:30.4000 TRACE Требуется загрузка из интернета
2018-06-04 13:06:30.4000 INFO Начало запроса ресурса.
2018-06-04 13:06:31.8572 TRACE Ресурс успешно получен в поток.
2018-06-04 13:06:31.8572 INFO Content-Encoding неопределен, пробуем распаковать по заголовку ContentType:
2018-06-04 13:06:31.8572 TRACE Content-Type = 'application/octet-stream'
2018-06-04 13:06:31.9941 TRACE GZip-архив octet-stream успешно распакован.
2018-06-04 13:06:31.9941 INFO Получение каналов и тв-программы успешно завершено. Затрачено времени '1,594' секунд
2018-06-04 13:17:54.8039 INFO Начало получения телеканалов с тв-программой
urid='http://tele.perm.ru/download/tvguide.xml.gz';
outputfile='TPXmlTvNew.xml'
2018-06-04 13:17:54.8039 TRACE Определен каталог для сохранения: 'K:\Projects\TVProgViewer\src\TVProgUpdater\TVProgUpdater\bin\Debug\2018-06-04'
2018-06-04 13:17:54.8039 TRACE Требуется загрузка из интернета
2018-06-04 13:17:54.8039 INFO Начало запроса ресурса.
2018-06-04 13:17:55.5335 TRACE Ресурс успешно получен в поток.
2018-06-04 13:17:55.5335 INFO Content-Encoding неопределен, пробуем распаковать по заголовку ContentType:
2018-06-04 13:17:55.5335 TRACE Content-Type = 'application/octet-stream'
2018-06-04 13:17:55.5894 TRACE GZip-архив octet-stream успешно распакован.
2018-06-04 13:17:55.5894 INFO Получение каналов и тв-программы успешно завершено. Затрачено времени '0,779' секунд
2018-06-04 13:24:26.8507 INFO Начало получения телеканалов с тв-программой
urid='http://tele.perm.ru/download/tvguide.xml.gz';
outputfile='TPXmlTvNew.xml'
2018-06-04 13:24:26.8507 TRACE Определен каталог для сохранения: 'K:\Projects\TVProgViewer\src\TVProgUpdater\TVProgUpdater\bin\Debug\2018-06-04'
2018-06-04 13:24:26.8507 TRACE Требуется загрузка из интернета
2018-06-04 13:24:26.8507 INFO Начало запроса ресурса.
2018-06-04 13:24:27.5533 TRACE Ресурс успешно получен в поток.
2018-06-04 13:24:27.5533 INFO Content-Encoding неопределен, пробуем распаковать по заголовку ContentType:
2018-06-04 13:24:27.5543 TRACE Content-Type = 'application/octet-stream'
2018-06-04 13:24:27.5953 TRACE GZip-архив octet-stream успешно распакован.
2018-06-04 13:24:27.5953 INFO Получение каналов и тв-программы успешно завершено. Затрачено времени '0,739' секунд
2018-06-04 13:25:45.2788 INFO Начало получения телеканалов с тв-программой
urid='http://tele.perm.ru/download/tvguide.xml.gz';
outputfile='TPXmlTvNew.xml'
2018-06-04 13:25:45.2788 TRACE Определен каталог для сохранения: 'K:\Projects\TVProgViewer\src\TVProgUpdater\TVProgUpdater\bin\Debug\2018-06-04'
2018-06-04 13:25:45.2788 TRACE Требуется загрузка из интернета
2018-06-04 13:25:45.2788 INFO Начало запроса ресурса.
2018-06-04 13:25:46.0613 TRACE Ресурс успешно получен в поток.
2018-06-04 13:25:46.0613 INFO Content-Encoding неопределен, пробуем распаковать по заголовку ContentType:
2018-06-04 13:25:46.0613 TRACE Content-Type = 'application/octet-stream'
2018-06-04 13:25:46.1553 TRACE GZip-архив octet-stream успешно распакован.
2018-06-04 13:25:46.1553 INFO Получение каналов и тв-программы успешно завершено. Затрачено времени '0,872' секунд
2018-06-04 13:29:28.7575 INFO Начало получения телеканалов с тв-программой
urid='http://tele.perm.ru/download/tvguide.xml.gz';
outputfile='TPXmlTvNew.xml'
2018-06-04 13:29:28.7575 TRACE Определен каталог для сохранения: 'K:\Projects\TVProgViewer\src\TVProgUpdater\TVProgUpdater\bin\Debug\2018-06-04'
2018-06-04 13:29:28.7575 TRACE Требуется загрузка из интернета
2018-06-04 13:29:28.7575 INFO Начало запроса ресурса.
2018-06-04 13:29:30.0588 TRACE Ресурс успешно получен в поток.
2018-06-04 13:29:30.0588 INFO Content-Encoding неопределен, пробуем распаковать по заголовку ContentType:
2018-06-04 13:29:30.0588 TRACE Content-Type = 'application/octet-stream'
2018-06-04 13:29:32.4324 TRACE GZip-архив octet-stream успешно распакован.
2018-06-04 13:29:32.4324 INFO Получение каналов и тв-программы успешно завершено. Затрачено времени '3,675' секунд
2018-06-04 13:36:47.7880 INFO Начало получения телеканалов с тв-программой
urid='http://tele.perm.ru/download/tvguide.xml.gz';
outputfile='TPXmlTvNew.xml'
2018-06-04 13:36:47.7880 TRACE Определен каталог для сохранения: 'K:\Projects\TVProgViewer\src\TVProgUpdater\TVProgUpdater\bin\Debug\2018-06-04'
2018-06-04 13:36:47.7880 TRACE Требуется загрузка из интернета
2018-06-04 13:36:47.7880 INFO Начало запроса ресурса.
2018-06-04 13:36:48.9313 TRACE Ресурс успешно получен в поток.
2018-06-04 13:36:48.9313 INFO Content-Encoding неопределен, пробуем распаковать по заголовку ContentType:
2018-06-04 13:36:48.9313 TRACE Content-Type = 'application/octet-stream'
2018-06-04 13:36:50.3885 TRACE GZip-архив octet-stream успешно распакован.
2018-06-04 13:36:50.3885 INFO Получение каналов и тв-программы успешно завершено. Затрачено времени '2,595' секунд
2018-06-04 20:36:25.9134 INFO Начало получения телеканалов с тв-программой
urid='http://tele.perm.ru/download/tvguide.xml.gz';
outputfile='TPXmlTvNew.xml'
2018-06-04 20:36:25.9294 TRACE Определен каталог для сохранения: 'K:\Projects\TVProgViewer\src\TVProgUpdater\TVProgUpdater\bin\Debug\2018-06-04'
2018-06-04 20:36:25.9594 TRACE Требуется загрузка из интернета
2018-06-04 20:36:25.9603 INFO Начало запроса ресурса.
2018-06-04 20:36:27.1685 TRACE Ресурс успешно получен в поток.
2018-06-04 20:36:27.1685 INFO Content-Encoding неопределен, пробуем распаковать по заголовку ContentType:
2018-06-04 20:36:27.1685 TRACE Content-Type = 'application/octet-stream'
2018-06-04 20:36:27.2718 TRACE GZip-архив octet-stream успешно распакован.
2018-06-04 20:36:27.2728 INFO Получение каналов и тв-программы успешно завершено. Затрачено времени '1,341' секунд
2018-06-04 21:29:22.5120 INFO Начало получения телеканалов с тв-программой
urid='http://tele.perm.ru/download/tvguide.xml.gz';
outputfile='TPXmlTvNew.xml'
2018-06-04 21:29:22.5258 TRACE Определен каталог для сохранения: 'K:\Projects\TVProgViewer\src\TVProgUpdater\TVProgUpdater\bin\Debug\2018-06-04'
2018-06-04 21:29:22.5258 TRACE Требуется загрузка из интернета
2018-06-04 21:29:22.5258 INFO Начало запроса ресурса.
2018-06-04 21:29:22.9483 TRACE Ресурс успешно получен в поток.
2018-06-04 21:29:22.9483 INFO Content-Encoding неопределен, пробуем распаковать по заголовку ContentType:
2018-06-04 21:29:22.9483 TRACE Content-Type = 'application/octet-stream'
2018-06-04 21:29:22.9933 TRACE GZip-архив octet-stream успешно распакован.
2018-06-04 21:29:22.9933 INFO Получение каналов и тв-программы успешно завершено. Затрачено времени '0,466' секунд
2018-06-04 21:31:35.9913 INFO Начало получения телеканалов с тв-программой
urid='http://tele.perm.ru/download/tvguide.xml.gz';
outputfile='TPXmlTvNew.xml'
2018-06-04 21:31:35.9913 TRACE Определен каталог для сохранения: 'K:\Projects\TVProgViewer\src\TVProgUpdater\TVProgUpdater\bin\Debug\2018-06-04'
2018-06-04 21:31:35.9913 TRACE Требуется загрузка из интернета
2018-06-04 21:31:35.9913 INFO Начало запроса ресурса.
2018-06-04 21:31:36.7431 TRACE Ресурс успешно получен в поток.
2018-06-04 21:31:36.7431 INFO Content-Encoding неопределен, пробуем распаковать по заголовку ContentType:
2018-06-04 21:31:36.7431 TRACE Content-Type = 'application/octet-stream'
2018-06-04 21:31:36.8190 TRACE GZip-архив octet-stream успешно распакован.
2018-06-04 21:31:36.8200 INFO Получение каналов и тв-программы успешно завершено. Затрачено времени '0,821' секунд
