2017-09-26 16:25:13.4374 INFO Ќачало получени€ телеканалов с тв-программой
urid='http://www.teleguide.info/download/old/xmltv.xml.gz';
outputfile='TGXmlTvOld.xml'
2017-09-26 16:25:13.4374 TRACE ќпределен каталог дл€ сохранени€: 'K:\Projects\TVProgViewer\src\TVProgUpdater\TVProgUpdater\bin\Release\2017-09-26'
2017-09-26 16:25:13.4374 TRACE “ребуетс€ загрузка из интернета
2017-09-26 16:25:13.4374 INFO Ќачало запроса ресурса.
2017-09-26 16:25:13.9714 TRACE –есурс успешно получен в поток.
2017-09-26 16:25:13.9714 INFO Content-Encoding неопределен, пробуем распаковать по заголовку ContentType:
2017-09-26 16:25:13.9714 TRACE Content-Type = 'application/octet-stream'
2017-09-26 16:25:16.5252 TRACE GZip-архив octet-stream успешно распакован.
2017-09-26 16:25:16.5252 INFO ѕолучение каналов и тв-программы успешно завершено. «атрачено времени '3,09' секунд
2017-09-26 16:25:26.3442 INFO Ќачало получени€ телеканалов с тв-программой
urid='http://www.teleguide.info/download/new3/xmltv.xml.gz';
outputfile='TGXmlTvNew.xml'
2017-09-26 16:25:26.3442 TRACE ќпределен каталог дл€ сохранени€: 'K:\Projects\TVProgViewer\src\TVProgUpdater\TVProgUpdater\bin\Release\2017-09-26'
2017-09-26 16:25:26.3442 TRACE “ребуетс€ загрузка из интернета
2017-09-26 16:25:26.3442 INFO Ќачало запроса ресурса.
2017-09-26 16:25:26.5006 TRACE –есурс успешно получен в поток.
2017-09-26 16:25:26.5006 INFO Content-Encoding неопределен, пробуем распаковать по заголовку ContentType:
2017-09-26 16:25:26.5006 TRACE Content-Type = 'application/octet-stream'
2017-09-26 16:25:28.5792 TRACE GZip-архив octet-stream успешно распакован.
2017-09-26 16:25:28.5792 INFO ѕолучение каналов и тв-программы успешно завершено. «атрачено времени '2,234' секунд
2017-09-26 16:26:00.3118 INFO Ќачало получени€ телеканалов с тв-программой
urid='http://www.teleguide.info/download/old/inter-tv.zip';
outputfile='TGInterTVOld.txt'
2017-09-26 16:26:00.3118 TRACE ќпределен каталог дл€ сохранени€: 'K:\Projects\TVProgViewer\src\TVProgUpdater\TVProgUpdater\bin\Release\2017-09-26'
2017-09-26 16:26:00.3118 TRACE “ребуетс€ загрузка из интернета
2017-09-26 16:26:00.3118 INFO Ќачало запроса ресурса.
2017-09-26 16:26:00.4551 TRACE –есурс успешно получен в поток.
2017-09-26 16:26:00.4551 INFO Content-Encoding неопределен, пробуем распаковать по заголовку ContentType:
2017-09-26 16:26:00.4551 TRACE Content-Type = 'application/zip'
2017-09-26 16:26:01.9546 TRACE Zip-архив успешно распакован.
2017-09-26 16:26:01.9546 INFO ѕолучение каналов и тв-программы успешно завершено. «атрачено времени '1,64' секунд
2017-09-26 16:26:09.0702 INFO Ќачало получени€ телеканалов с тв-программой
urid='http://www.teleguide.info/download/new3/inter-tv.zip';
outputfile='TGInterTVNew.txt'
2017-09-26 16:26:09.0702 TRACE ќпределен каталог дл€ сохранени€: 'K:\Projects\TVProgViewer\src\TVProgUpdater\TVProgUpdater\bin\Release\2017-09-26'
2017-09-26 16:26:09.0702 TRACE “ребуетс€ загрузка из интернета
2017-09-26 16:26:09.0702 INFO Ќачало запроса ресурса.
2017-09-26 16:26:09.2218 TRACE –есурс успешно получен в поток.
2017-09-26 16:26:09.2218 INFO Content-Encoding неопределен, пробуем распаковать по заголовку ContentType:
2017-09-26 16:26:09.2218 TRACE Content-Type = 'application/zip'
2017-09-26 16:26:13.5848 TRACE Zip-архив успешно распакован.
2017-09-26 16:26:13.5848 INFO ѕолучение каналов и тв-программы успешно завершено. «атрачено времени '4,513' секунд
