2017-09-23 17:12:03.3773 INFO Ќачало получени€ телеканалов с тв-программой
urid='http://www.teleguide.info/download/old/xmltv.xml.gz';
outputfile='TGXmlTvOld.xml'
2017-09-23 17:12:03.3773 TRACE ќпределен каталог дл€ сохранени€: 'K:\Projects\TVProgViewer\src\TVProgUpdater\TVProgUpdater\bin\Release\2017-09-23'
2017-09-23 17:12:03.3773 TRACE “ребуетс€ загрузка из интернета
2017-09-23 17:12:03.3773 INFO Ќачало запроса ресурса.
2017-09-23 17:12:03.9469 TRACE –есурс успешно получен в поток.
2017-09-23 17:12:03.9469 INFO Content-Encoding неопределен, пробуем распаковать по заголовку ContentType:
2017-09-23 17:12:03.9469 TRACE Content-Type = 'application/octet-stream'
2017-09-23 17:12:10.2319 TRACE GZip-архив octet-stream успешно распакован.
2017-09-23 17:12:10.2344 INFO ѕолучение каналов и тв-программы успешно завершено. «атрачено времени '6,851' секунд
2017-09-23 17:12:30.8240 INFO Ќачало получени€ телеканалов с тв-программой
urid='http://www.teleguide.info/download/new3/xmltv.xml.gz';
outputfile='TGXmlTvNew.xml'
2017-09-23 17:12:30.8240 TRACE ќпределен каталог дл€ сохранени€: 'K:\Projects\TVProgViewer\src\TVProgUpdater\TVProgUpdater\bin\Release\2017-09-23'
2017-09-23 17:12:30.8240 TRACE “ребуетс€ загрузка из интернета
2017-09-23 17:12:30.8240 INFO Ќачало запроса ресурса.
2017-09-23 17:12:30.9708 TRACE –есурс успешно получен в поток.
2017-09-23 17:12:30.9708 INFO Content-Encoding неопределен, пробуем распаковать по заголовку ContentType:
2017-09-23 17:12:30.9708 TRACE Content-Type = 'application/octet-stream'
2017-09-23 17:12:37.5093 TRACE GZip-архив octet-stream успешно распакован.
2017-09-23 17:12:37.5093 INFO ѕолучение каналов и тв-программы успешно завершено. «атрачено времени '6,686' секунд
2017-09-23 17:14:56.0157 INFO Ќачало получени€ телеканалов с тв-программой
urid='http://www.teleguide.info/download/old/inter-tv.zip';
outputfile='TGInterTVOld.txt'
2017-09-23 17:14:56.0157 TRACE ќпределен каталог дл€ сохранени€: 'K:\Projects\TVProgViewer\src\TVProgUpdater\TVProgUpdater\bin\Release\2017-09-23'
2017-09-23 17:14:56.0157 TRACE “ребуетс€ загрузка из интернета
2017-09-23 17:14:56.0157 INFO Ќачало запроса ресурса.
2017-09-23 17:14:56.4475 TRACE –есурс успешно получен в поток.
2017-09-23 17:14:56.4475 INFO Content-Encoding неопределен, пробуем распаковать по заголовку ContentType:
2017-09-23 17:14:56.4475 TRACE Content-Type = 'application/zip'
2017-09-23 17:14:57.9669 TRACE Zip-архив успешно распакован.
2017-09-23 17:14:57.9669 INFO ѕолучение каналов и тв-программы успешно завершено. «атрачено времени '1,949' секунд
2017-09-23 17:15:09.0480 INFO Ќачало получени€ телеканалов с тв-программой
urid='http://www.teleguide.info/download/new3/inter-tv.zip';
outputfile='TGInterTVNew.txt'
2017-09-23 17:15:09.0480 TRACE ќпределен каталог дл€ сохранени€: 'K:\Projects\TVProgViewer\src\TVProgUpdater\TVProgUpdater\bin\Release\2017-09-23'
2017-09-23 17:15:09.0480 TRACE “ребуетс€ загрузка из интернета
2017-09-23 17:15:09.0480 INFO Ќачало запроса ресурса.
2017-09-23 17:15:09.2017 TRACE –есурс успешно получен в поток.
2017-09-23 17:15:09.2017 INFO Content-Encoding неопределен, пробуем распаковать по заголовку ContentType:
2017-09-23 17:15:09.2032 TRACE Content-Type = 'application/zip'
2017-09-23 17:15:12.3534 TRACE Zip-архив успешно распакован.
2017-09-23 17:15:12.3534 INFO ѕолучение каналов и тв-программы успешно завершено. «атрачено времени '3,305' секунд
